INFO  2018-05-01 14:28:10,531 AbstractBat(31) NotifyMailBat is start.
INFO  2018-05-01 14:28:10,536 NotifyMailBat(52) Notify process started.
INFO  2018-05-01 14:28:10,552 NotifyMailBat(70) Notify process finished. count: 1
INFO  2018-05-01 14:28:10,553 NotifyMailBat(72) Notify event started.
INFO  2018-05-01 14:28:10,573 NotifyMailBat(74) Notify event finished.
INFO  2018-05-01 14:28:10,573 AbstractBat(43) Finished
INFO  2018-05-01 14:28:10,610 TestWatcher(32) @@@@@@ TEST FINISHED - 517 [ms]  -  org.support.project.knowledge.integration.IntegrationUpdateTest#testAssertAfterPost
INFO  2018-05-01 14:28:10,611 TestWatcher(24) @@@@@@ TEST START - org.support.project.knowledge.integration.IntegrationUpdateTest#testAssertAfterUpdatePrivateToProtect
INFO  2018-05-01 14:28:10,745 IntegrationProtectTest(70) {"children":[],"code":200,"message":"内容を更新しました","result":"1","status":0}
INFO  2018-05-01 14:28:10,856 AbstractBat(31) NotifyMailBat is start.
INFO  2018-05-01 14:28:10,858 NotifyMailBat(52) Notify process started.
INFO  2018-05-01 14:28:10,928 NotifyMailBat(70) Notify process finished. count: 1
INFO  2018-05-01 14:28:10,928 NotifyMailBat(72) Notify event started.
INFO  2018-05-01 14:28:10,929 NotifyMailBat(74) Notify event finished.
INFO  2018-05-01 14:28:10,930 AbstractBat(43) Finished
INFO  2018-05-01 14:28:11,018 TestWatcher(32) @@@@@@ TEST FINISHED - 407 [ms]  -  org.support.project.knowledge.integration.IntegrationUpdateTest#testAssertAfterUpdatePrivateToProtect
INFO  2018-05-01 14:28:11,022 TestWatcher(24) @@@@@@ TEST START - org.support.project.knowledge.integration.IntegrationUpdateTest#testAssertAfterUpdateProtectToPublic
INFO  2018-05-01 14:28:11,216 IntegrationProtectTest(70) {"children":[],"code":200,"message":"内容を更新しました","result":"1","status":0}
INFO  2018-05-01 14:28:11,563 AbstractBat(31) NotifyMailBat is start.
INFO  2018-05-01 14:28:11,566 NotifyMailBat(52) Notify process started.
INFO  2018-05-01 14:28:11,695 NotifyMailBat(70) Notify process finished. count: 1
INFO  2018-05-01 14:28:11,696 NotifyMailBat(72) Notify event started.
INFO  2018-05-01 14:28:11,697 NotifyMailBat(74) Notify event finished.
INFO  2018-05-01 14:28:11,698 AbstractBat(43) Finished
INFO  2018-05-01 14:28:11,734 TestWatcher(32) @@@@@@ TEST FINISHED - 712 [ms]  -  org.support.project.knowledge.integration.IntegrationUpdateTest#testAssertAfterUpdateProtectToPublic
INFO  2018-05-01 14:28:11,735 TestWatcher(24) @@@@@@ TEST START - org.support.project.knowledge.integration.IntegrationUpdateTest#testAssertAfterUpdatePublicToPublic
INFO  2018-05-01 14:28:11,821 IntegrationProtectTest(70) {"children":[],"code":200,"message":"内容を更新しました","result":"1","status":0}
INFO  2018-05-01 14:28:11,937 AbstractBat(31) NotifyMailBat is start.
INFO  2018-05-01 14:28:11,938 NotifyMailBat(52) Notify process started.
INFO  2018-05-01 14:28:12,002 NotifyMailBat(70) Notify process finished. count: 1
INFO  2018-05-01 14:28:12,003 NotifyMailBat(72) Notify event started.
INFO  2018-05-01 14:28:12,005 NotifyMailBat(74) Notify event finished.
INFO  2018-05-01 14:28:12,006 AbstractBat(43) Finished
INFO  2018-05-01 14:28:12,037 TestWatcher(32) @@@@@@ TEST FINISHED - 302 [ms]  -  org.support.project.knowledge.integration.IntegrationUpdateTest#testAssertAfterUpdatePublicToPublic
INFO  2018-05-01 14:28:12,038 TestWatcher(24) @@@@@@ TEST START - org.support.project.knowledge.integration.IntegrationUpdateTest#testAssertAfterUpdatePublicToProtect
INFO  2018-05-01 14:28:12,123 IntegrationProtectTest(70) {"children":[],"code":200,"message":"内容を更新しました","result":"1","status":0}
INFO  2018-05-01 14:28:12,209 AbstractBat(31) NotifyMailBat is start.
INFO  2018-05-01 14:28:12,210 NotifyMailBat(52) Notify process started.
INFO  2018-05-01 14:28:12,234 NotifyMailBat(70) Notify process finished. count: 1
INFO  2018-05-01 14:28:12,234 NotifyMailBat(72) Notify event started.
INFO  2018-05-01 14:28:12,235 NotifyMailBat(74) Notify event finished.
INFO  2018-05-01 14:28:12,236 AbstractBat(43) Finished
INFO  2018-05-01 14:28:12,272 TestWatcher(32) @@@@@@ TEST FINISHED - 234 [ms]  -  org.support.project.knowledge.integration.IntegrationUpdateTest#testAssertAfterUpdatePublicToProtect
INFO  2018-05-01 14:28:12,272 TestWatcher(24) @@@@@@ TEST START - org.support.project.knowledge.integration.IntegrationUpdateTest#testAssertAfterUpdateProtectToPrivate
INFO  2018-05-01 14:28:12,386 IntegrationProtectTest(70) {"children":[],"code":200,"message":"内容を更新しました","result":"1","status":0}
INFO  2018-05-01 14:28:12,470 AbstractBat(31) NotifyMailBat is start.
INFO  2018-05-01 14:28:12,481 NotifyMailBat(52) Notify process started.
INFO  2018-05-01 14:28:12,484 NotifyMailBat(70) Notify process finished. count: 1
INFO  2018-05-01 14:28:12,484 NotifyMailBat(72) Notify event started.
INFO  2018-05-01 14:28:12,486 NotifyMailBat(74) Notify event finished.
INFO  2018-05-01 14:28:12,486 AbstractBat(43) Finished
INFO  2018-05-01 14:28:12,533 TestWatcher(32) @@@@@@ TEST FINISHED - 261 [ms]  -  org.support.project.knowledge.integration.IntegrationUpdateTest#testAssertAfterUpdateProtectToPrivate
INFO  2018-05-01 14:28:12,537 TestWatcher(24) @@@@@@ TEST START - org.support.project.knowledge.integration.IntegrationUpdateTest#testAssertAfterUpdatePrivateToPublic
INFO  2018-05-01 14:28:12,693 IntegrationProtectTest(70) {"children":[],"code":200,"message":"内容を更新しました","result":"1","status":0}
INFO  2018-05-01 14:28:12,766 AbstractBat(31) NotifyMailBat is start.
INFO  2018-05-01 14:28:12,767 NotifyMailBat(52) Notify process started.
INFO  2018-05-01 14:28:12,814 NotifyMailBat(70) Notify process finished. count: 1
INFO  2018-05-01 14:28:12,816 NotifyMailBat(72) Notify event started.
INFO  2018-05-01 14:28:12,818 NotifyMailBat(74) Notify event finished.
INFO  2018-05-01 14:28:12,819 AbstractBat(43) Finished
INFO  2018-05-01 14:28:12,863 TestWatcher(32) @@@@@@ TEST FINISHED - 326 [ms]  -  org.support.project.knowledge.integration.IntegrationUpdateTest#testAssertAfterUpdatePrivateToPublic
INFO  2018-05-01 14:28:12,864 TestWatcher(24) @@@@@@ TEST START - org.support.project.knowledge.integration.IntegrationUpdateTest#testAssertAfterUpdateNotNotify
INFO  2018-05-01 14:28:12,962 IntegrationProtectTest(70) {"children":[],"code":200,"message":"属性情報のみ更新しました（更新の通知は送られません）","result":"1","status":0}
INFO  2018-05-01 14:28:13,443 TestWatcher(32) @@@@@@ TEST FINISHED - 579 [ms]  -  org.support.project.knowledge.integration.IntegrationUpdateTest#testAssertAfterUpdateNotNotify
INFO  2018-05-01 14:28:13,445 TestWatcher(24) @@@@@@ TEST START - org.support.project.knowledge.integration.IntegrationUpdateTest#testDelete
INFO  2018-05-01 14:28:13,601 KnowledgeLogic(1046) delete Knowledge: 1
INFO  2018-05-01 14:28:13,718 TestWatcher(32) @@@@@@ TEST FINISHED - 273 [ms]  -  org.support.project.knowledge.integration.IntegrationUpdateTest#testDelete
INFO  2018-05-01 14:28:13,719 TestWatcher(24) @@@@@@ TEST START - org.support.project.knowledge.integration.IntegrationUpdateTest#testActivityHistory
INFO  2018-05-01 14:28:13,770 TestWatcher(32) @@@@@@ TEST FINISHED - 51 [ms]  -  org.support.project.knowledge.integration.IntegrationUpdateTest#testActivityHistory
INFO  2018-05-01 14:28:13,777 SearchTest(34) インデックスを削除しました
INFO  2018-05-01 14:28:13,870 SearchTest(71) {"contents":"Lucene（ルシーン）は、Javaで記述された全文検索ソフトウェアである。あらかじめ蓄積した大量のデータから、指定したキーワードを探し出す機能を持つ。Javaのクラスライブラリとして提供される。","highlightedContents":"\u003Cspan class=\"mark\"\u003ELucene\u003C/span\u003E（ルシーン）は、Javaで記述された全文検索ソフトウェアである。あらかじめ蓄積した大量のデータから、指定したキーワードを探し出す機能を持つ。Javaのクラスライブラリとして提供される。","highlightedTitle":"[1]\u003Cspan class=\"mark\"\u003ELucene\u003C/span\u003E","id":"6084","score":0.1830749213695526,"title":"[1]Lucene","type":0}
INFO  2018-05-01 14:28:13,900 SearchTest(93) {"contents":"Lucene（ルシーン）は、Javaで記述された全文検索ソフトウェアである。あらかじめ蓄積した大量のデータから、指定したキーワードを探し出す機能を持つ。Javaのクラスライブラリとして提供される。","highlightedContents":"\u003Cspan class=\"mark\"\u003ELucene\u003C/span\u003E（ルシーン）は、Javaで記述された全文検索ソフトウェアである。あらかじめ蓄積した大量のデータから、指定したキーワードを探し出す機能を持つ。Javaのクラスライブラリとして提供される。","highlightedTitle":"[1]\u003Cspan class=\"mark\"\u003ELucene\u003C/span\u003E","id":"6084","score":0.6036866903305054,"title":"[1]Lucene","type":0}
INFO  2018-05-01 14:28:13,901 SearchTest(93) {"contents":"Lucene（ルシーン）は、Javaで記述された全文検索ソフトウェアである。","highlightedContents":"\u003Cspan class=\"mark\"\u003ELucene\u003C/span\u003E（ルシーン）は、Javaで記述された全文検索ソフトウェアである。","highlightedTitle":null,"id":"1018","score":0.05696805194020271,"title":"[2]るしーん","type":0}
INFO  2018-05-01 14:28:13,927 SearchTest(116) 検索（ユーザで絞り込み）
INFO  2018-05-01 14:28:13,936 SearchTest(125) {"contents":"Luceneは、Javaで記述された全文検索ソフトウェアである。","highlightedContents":"\u003Cspan class=\"mark\"\u003ELucene\u003C/span\u003Eは、Javaで記述された全文検索ソフトウェアである。","highlightedTitle":null,"id":"6827","score":0.9806087613105774,"title":"[3]るしーん","type":0}
INFO  2018-05-01 14:28:13,937 SearchTest(133) 再度検索（タグで絞り込み）
INFO  2018-05-01 14:28:13,945 SearchTest(140) 再度検索（絞り込みなし）
INFO  2018-05-01 14:28:13,976 SearchTest(147) {"contents":"Lucene（ルシーン）は、Javaで記述された全文検索ソフトウェアである。あらかじめ蓄積した大量のデータから、指定したキーワードを探し出す機能を持つ。Javaのクラスライブラリとして提供される。","highlightedContents":"\u003Cspan class=\"mark\"\u003ELucene\u003C/span\u003E（ルシーン）は、Javaで記述された全文検索ソフトウェアである。あらかじめ蓄積した大量のデータから、指定したキーワードを探し出す機能を持つ。Javaのクラスライブラリとして提供される。","highlightedTitle":"[1]\u003Cspan class=\"mark\"\u003ELucene\u003C/span\u003E","id":"6084","score":0.8539716601371765,"title":"[1]Lucene","type":0}
INFO  2018-05-01 14:28:13,990 SearchTest(147) {"contents":"Lucene（ルシーン）は、Javaで記述された全文検索ソフトウェアである。","highlightedContents":"\u003Cspan class=\"mark\"\u003ELucene\u003C/span\u003E（ルシーン）は、Javaで記述された全文検索ソフトウェアである。","highlightedTitle":null,"id":"1018","score":0.0603787899017334,"title":"[2]るしーん","type":0}
INFO  2018-05-01 14:28:13,991 SearchTest(147) {"contents":"Luceneは、Javaで記述された全文検索ソフトウェアである。","highlightedContents":"\u003Cspan class=\"mark\"\u003ELucene\u003C/span\u003Eは、Javaで記述された全文検索ソフトウェアである。","highlightedTitle":null,"id":"6827","score":0.0603787899017334,"title":"[3]るしーん","type":0}
INFO  2018-05-01 14:28:14,000 SearchTest(151) 再度検索 limit/offset
INFO  2018-05-01 14:28:14,023 SearchTest(160) {"contents":"Luceneは、Javaで記述された全文検索ソフトウェアである。","highlightedContents":"\u003Cspan class=\"mark\"\u003ELucene\u003C/span\u003Eは、Javaで記述された全文検索ソフトウェアである。","highlightedTitle":null,"id":"6827","score":0.0603787899017334,"title":"[3]るしーん","type":0}
INFO  2018-05-01 14:28:14,374 TestCommon(153) init data
INFO  2018-05-01 14:28:14,525 InitDB(107) migrate is start.
INFO  2018-05-01 14:28:14,527 InitDB(141) Lastest database version is 1.13.0 now
INFO  2018-05-01 14:28:14,529 Intercepter(213) error. [object]class org.support.project.web.dao.SystemsDao_$$_jvstc5c_0[proceed]_d17executeQuerySingle[param0]SELECT * FROM SYSTEMS WHERE SYSTEM_NAME = ?  AND DELETE_FLAG = 0[param1]class org.support.project.web.entity.SystemsEntity[param2][Ljava.lang.Object;@60b34931
[throwable.getMessage()] テーブル "SYSTEMS" が見つかりません
Table "SYSTEMS" not found; SQL statement:
SELECT * FROM SYSTEMS WHERE SYSTEM_NAME = ?  AND DELETE_FLAG = 0 [42102-196] [cause] テーブル "SYSTEMS" が見つかりません
Table "SYSTEMS" not found; SQL statement:
SELECT * FROM SYSTEMS WHERE SYSTEM_NAME = ?  AND DELETE_FLAG = 0 [42102-196]
----- SQL Infomation -----
[sql]SELECT * FROM SYSTEMS WHERE SYSTEM_NAME = ?  AND DELETE_FLAG = 0
[params]
	[params][0]knowledge
[execute]SELECT * FROM SYSTEMS WHERE SYSTEM_NAME = knowledge  AND DELETE_FLAG = 0

ERROR 2018-05-01 14:28:14,529 Transaction(58) Error(Rollback) : org.support.project.web.dao.SystemsDao_$$_jvstc5c_0#_d50selectOnKey
INFO  2018-05-01 14:28:14,530 Intercepter(213) error. [object]class org.support.project.web.dao.SystemsDao_$$_jvstc5c_0[proceed]_d50selectOnKey[param0]knowledge
[throwable.getMessage()] テーブル "SYSTEMS" が見つかりません
Table "SYSTEMS" not found; SQL statement:
SELECT * FROM SYSTEMS WHERE SYSTEM_NAME = ?  AND DELETE_FLAG = 0 [42102-196] [cause] テーブル "SYSTEMS" が見つかりません
Table "SYSTEMS" not found; SQL statement:
SELECT * FROM SYSTEMS WHERE SYSTEM_NAME = ?  AND DELETE_FLAG = 0 [42102-196]
----- SQL Infomation -----
[sql]SELECT * FROM SYSTEMS WHERE SYSTEM_NAME = ?  AND DELETE_FLAG = 0
[params]
	[params][0]knowledge
[execute]SELECT * FROM SYSTEMS WHERE SYSTEM_NAME = knowledge  AND DELETE_FLAG = 0

INFO  2018-05-01 14:28:14,547 InitializeDao(43) Database initialize start.
INFO  2018-05-01 14:28:14,690 InitializeDao(49) /org/support/project/web/database/ddl.sql is loaded.
INFO  2018-05-01 14:28:14,895 InitializeDao(49) /org/support/project/knowledge/database/ddl.sql is loaded.
INFO  2018-05-01 14:28:14,899 InitializeDao(49) /org/support/project/knowledge/database/init_datas.sql is loaded.
INFO  2018-05-01 14:28:14,900 InitializeDao(51) Database initialize finish.
INFO  2018-05-01 14:28:15,064 InitDB(203) Migrate to 1.13.0
INFO  2018-05-01 14:28:15,912 TestWatcher(24) @@@@@@ TEST START - org.support.project.knowledge.logic.notification.LikeInsertNotificationTest#testNotification
INFO  2018-05-01 14:28:16,023 LikeInsertNotificationTest(31) [{"deleteFlag":0,"hash":"32gZzQkYPYW7FqPVNT0nC2sATEX37s","id":1,"insertDatetime":1525152495938,"insertUser":2,"keyValues":["32gZzQkYPYW7FqPVNT0nC2sATEX37s"],"type":1,"updateDatetime":1525152495938,"updateUser":2},{"deleteFlag":0,"hash":"yxsvVqUrnJhO1WZFHFsQIBGkLnB94J","id":1,"insertDatetime":1525152495983,"insertUser":2,"keyValues":["yxsvVqUrnJhO1WZFHFsQIBGkLnB94J"],"type":21,"updateDatetime":1525152495983,"updateUser":2}]
INFO  2018-05-01 14:28:16,036 LikeInsertNotification(176) mail config is not exists.
INFO  2018-05-01 14:28:16,038 LikeInsertNotificationTest(41) {"content":"{\"commentNo\":null,\"knowledgeId\":1,\"knowledgeTitle\":\"テスト\",\"likeInsertUser\":\"テストユーザ1\",\"updateUser\":\"\"}","deleteFlag":0,"insertDatetime":1525152496031,"insertUser":2,"keyValues":[1],"no":1,"rowId":"F3D38E903327BF5ECA928454C3F0B7DF","status":0,"title":"notify_insert_like_myitem","updateDatetime":1525152496031,"updateUser":2}
INFO  2018-05-01 14:28:16,052 LikeInsertNotificationTest(54) Knowledge 1 that you have posted I had praised it as "Like!"
INFO  2018-05-01 14:28:16,053 TestWatcher(32) @@@@@@ TEST FINISHED - 141 [ms]  -  org.support.project.knowledge.logic.notification.LikeInsertNotificationTest#testNotification
INFO  2018-05-01 14:28:16,183 TestCommon(153) init data
INFO  2018-05-01 14:28:16,327 InitDB(107) migrate is start.
INFO  2018-05-01 14:28:16,328 InitDB(141) Lastest database version is 1.13.0 now
INFO  2018-05-01 14:28:16,330 Intercepter(213) error. [object]class org.support.project.web.dao.SystemsDao_$$_jvstc5c_0[proceed]_d17executeQuerySingle[param0]SELECT * FROM SYSTEMS WHERE SYSTEM_NAME = ?  AND DELETE_FLAG = 0[param1]class org.support.project.web.entity.SystemsEntity[param2][Ljava.lang.Object;@58a2b917
[throwable.getMessage()] テーブル "SYSTEMS" が見つかりません
Table "SYSTEMS" not found; SQL statement:
SELECT * FROM SYSTEMS WHERE SYSTEM_NAME = ?  AND DELETE_FLAG = 0 [42102-196] [cause] テーブル "SYSTEMS" が見つかりません
Table "SYSTEMS" not found; SQL statement:
SELECT * FROM SYSTEMS WHERE SYSTEM_NAME = ?  AND DELETE_FLAG = 0 [42102-196]
----- SQL Infomation -----
[sql]SELECT * FROM SYSTEMS WHERE SYSTEM_NAME = ?  AND DELETE_FLAG = 0
[params]
	[params][0]knowledge
[execute]SELECT * FROM SYSTEMS WHERE SYSTEM_NAME = knowledge  AND DELETE_FLAG = 0

ERROR 2018-05-01 14:28:16,331 Transaction(58) Error(Rollback) : org.support.project.web.dao.SystemsDao_$$_jvstc5c_0#_d50selectOnKey
INFO  2018-05-01 14:28:16,331 Intercepter(213) error. [object]class org.support.project.web.dao.SystemsDao_$$_jvstc5c_0[proceed]_d50selectOnKey[param0]knowledge
[throwable.getMessage()] テーブル "SYSTEMS" が見つかりません
Table "SYSTEMS" not found; SQL statement:
SELECT * FROM SYSTEMS WHERE SYSTEM_NAME = ?  AND DELETE_FLAG = 0 [42102-196] [cause] テーブル "SYSTEMS" が見つかりません
Table "SYSTEMS" not found; SQL statement:
SELECT * FROM SYSTEMS WHERE SYSTEM_NAME = ?  AND DELETE_FLAG = 0 [42102-196]
----- SQL Infomation -----
[sql]SELECT * FROM SYSTEMS WHERE SYSTEM_NAME = ?  AND DELETE_FLAG = 0
[params]
	[params][0]knowledge
[execute]SELECT * FROM SYSTEMS WHERE SYSTEM_NAME = knowledge  AND DELETE_FLAG = 0

INFO  2018-05-01 14:28:16,358 InitializeDao(43) Database initialize start.
INFO  2018-05-01 14:28:16,471 InitializeDao(49) /org/support/project/web/database/ddl.sql is loaded.
INFO  2018-05-01 14:28:16,682 InitializeDao(49) /org/support/project/knowledge/database/ddl.sql is loaded.
INFO  2018-05-01 14:28:16,688 InitializeDao(49) /org/support/project/knowledge/database/init_datas.sql is loaded.
INFO  2018-05-01 14:28:16,688 InitializeDao(51) Database initialize finish.
INFO  2018-05-01 14:28:16,828 InitDB(203) Migrate to 1.13.0
INFO  2018-05-01 14:28:17,582 TestWatcher(24) @@@@@@ TEST START - org.support.project.knowledge.integration.IntegrationMailReadTest#testInitDataInsert
INFO  2018-05-01 14:28:17,582 IntegrationPostTest(39) テストのためのデータ登録
INFO  2018-05-01 14:28:17,790 TestWatcher(32) @@@@@@ TEST FINISHED - 208 [ms]  -  org.support.project.knowledge.integration.IntegrationMailReadTest#testInitDataInsert
INFO  2018-05-01 14:28:17,791 TestWatcher(24) @@@@@@ TEST START - org.support.project.knowledge.integration.IntegrationMailReadTest#testPostFromMail
INFO  2018-05-01 14:28:17,797 MailhookLogic(665) Post Knowledge from a mail. [メールからの投稿] タイトル
INFO  2018-05-01 14:28:17,844 MailhookLogic(480) Knowledge[1] [メールからの投稿] タイトル was added.
INFO  2018-05-01 14:28:17,845 TestWatcher(32) @@@@@@ TEST FINISHED - 55 [ms]  -  org.support.project.knowledge.integration.IntegrationMailReadTest#testPostFromMail
INFO  2018-05-01 14:28:17,845 TestWatcher(24) @@@@@@ TEST START - org.support.project.knowledge.integration.IntegrationMailReadTest#testViewAfterPost
INFO  2018-05-01 14:28:17,989 TestWatcher(32) @@@@@@ TEST FINISHED - 144 [ms]  -  org.support.project.knowledge.integration.IntegrationMailReadTest#testViewAfterPost
INFO  2018-05-01 14:28:17,990 TestWatcher(24) @@@@@@ TEST START - org.support.project.knowledge.integration.IntegrationMailReadTest#testCheckDataAfterPost
INFO  2018-05-01 14:28:18,168 AbstractBat(31) NotifyMailBat is start.
INFO  2018-05-01 14:28:18,171 NotifyMailBat(52) Notify process started.
INFO  2018-05-01 14:28:18,256 NotifyMailBat(70) Notify process finished. count: 1
INFO  2018-05-01 14:28:18,256 NotifyMailBat(72) Notify event started.
INFO  2018-05-01 14:28:18,258 NotifyMailBat(74) Notify event finished.
INFO  2018-05-01 14:28:18,258 AbstractBat(43) Finished
INFO  2018-05-01 14:28:18,283 TestWatcher(32) @@@@@@ TEST FINISHED - 293 [ms]  -  org.support.project.knowledge.integration.IntegrationMailReadTest#testCheckDataAfterPost
INFO  2018-05-01 14:28:18,284 TestWatcher(24) @@@@@@ TEST START - org.support.project.knowledge.integration.IntegrationMailReadTest#testCommentFromMail
INFO  2018-05-01 14:28:18,290 MailhookLogic(665) Post Knowledge from a mail. Re: [メールからの投稿] タイトル
INFO  2018-05-01 14:28:18,456 MailhookLogic(431) Commnet[1]  was added.
INFO  2018-05-01 14:28:18,456 TestWatcher(32) @@@@@@ TEST FINISHED - 172 [ms]  -  org.support.project.knowledge.integration.IntegrationMailReadTest#testCommentFromMail
INFO  2018-05-01 14:28:18,458 TestWatcher(24) @@@@@@ TEST START - org.support.project.knowledge.integration.IntegrationMailReadTest#testViewAfterComment
INFO  2018-05-01 14:28:18,601 TestWatcher(32) @@@@@@ TEST FINISHED - 143 [ms]  -  org.support.project.knowledge.integration.IntegrationMailReadTest#testViewAfterComment
INFO  2018-05-01 14:28:18,604 TestWatcher(24) @@@@@@ TEST START - org.support.project.knowledge.integration.IntegrationMailReadTest#testCheckDataAfterComment
INFO  2018-05-01 14:28:18,783 AbstractBat(31) NotifyMailBat is start.
INFO  2018-05-01 14:28:18,784 NotifyMailBat(52) Notify process started.
INFO  2018-05-01 14:28:18,858 NotifyMailBat(70) Notify process finished. count: 1
INFO  2018-05-01 14:28:18,858 NotifyMailBat(72) Notify event started.
INFO  2018-05-01 14:28:18,860 NotifyMailBat(74) Notify event finished.
INFO  2018-05-01 14:28:18,861 AbstractBat(43) Finished
INFO  2018-05-01 14:28:18,905 TestWatcher(32) @@@@@@ TEST FINISHED - 301 [ms]  -  org.support.project.knowledge.integration.IntegrationMailReadTest#testCheckDataAfterComment
INFO  2018-05-01 14:28:18,906 TestWatcher(24) @@@@@@ TEST START - org.support.project.knowledge.integration.IntegrationMailReadTest#testPostOnRecipient1
INFO  2018-05-01 14:28:19,008 TestCommon(153) init data
INFO  2018-05-01 14:28:19,177 InitDB(107) migrate is start.
INFO  2018-05-01 14:28:19,179 InitDB(141) Lastest database version is 1.13.0 now
INFO  2018-05-01 14:28:19,182 Intercepter(213) error. [object]class org.support.project.web.dao.SystemsDao_$$_jvstc5c_0[proceed]_d17executeQuerySingle[param0]SELECT * FROM SYSTEMS WHERE SYSTEM_NAME = ?  AND DELETE_FLAG = 0[param1]class org.support.project.web.entity.SystemsEntity[param2][Ljava.lang.Object;@f3560d4
[throwable.getMessage()] テーブル "SYSTEMS" が見つかりません
Table "SYSTEMS" not found; SQL statement:
SELECT * FROM SYSTEMS WHERE SYSTEM_NAME = ?  AND DELETE_FLAG = 0 [42102-196] [cause] テーブル "SYSTEMS" が見つかりません
Table "SYSTEMS" not found; SQL statement:
SELECT * FROM SYSTEMS WHERE SYSTEM_NAME = ?  AND DELETE_FLAG = 0 [42102-196]
----- SQL Infomation -----
[sql]SELECT * FROM SYSTEMS WHERE SYSTEM_NAME = ?  AND DELETE_FLAG = 0
[params]
	[params][0]knowledge
[execute]SELECT * FROM SYSTEMS WHERE SYSTEM_NAME = knowledge  AND DELETE_FLAG = 0

ERROR 2018-05-01 14:28:19,186 Transaction(58) Error(Rollback) : org.support.project.web.dao.SystemsDao_$$_jvstc5c_0#_d50selectOnKey
INFO  2018-05-01 14:28:19,187 Intercepter(213) error. [object]class org.support.project.web.dao.SystemsDao_$$_jvstc5c_0[proceed]_d50selectOnKey[param0]knowledge
[throwable.getMessage()] テーブル "SYSTEMS" が見つかりません
Table "SYSTEMS" not found; SQL statement:
SELECT * FROM SYSTEMS WHERE SYSTEM_NAME = ?  AND DELETE_FLAG = 0 [42102-196] [cause] テーブル "SYSTEMS" が見つかりません
Table "SYSTEMS" not found; SQL statement:
SELECT * FROM SYSTEMS WHERE SYSTEM_NAME = ?  AND DELETE_FLAG = 0 [42102-196]
----- SQL Infomation -----
[sql]SELECT * FROM SYSTEMS WHERE SYSTEM_NAME = ?  AND DELETE_FLAG = 0
[params]
	[params][0]knowledge
[execute]SELECT * FROM SYSTEMS WHERE SYSTEM_NAME = knowledge  AND DELETE_FLAG = 0

INFO  2018-05-01 14:28:19,245 InitializeDao(43) Database initialize start.
INFO  2018-05-01 14:28:19,484 InitializeDao(49) /org/support/project/web/database/ddl.sql is loaded.
INFO  2018-05-01 14:28:19,768 InitializeDao(49) /org/support/project/knowledge/database/ddl.sql is loaded.
INFO  2018-05-01 14:28:19,777 InitializeDao(49) /org/support/project/knowledge/database/init_datas.sql is loaded.
INFO  2018-05-01 14:28:19,777 InitializeDao(51) Database initialize finish.
INFO  2018-05-01 14:28:20,031 InitDB(203) Migrate to 1.13.0
INFO  2018-05-01 14:28:20,957 MailhookLogic(665) Post Knowledge from a mail. メールアドレスの部分一致で投稿
INFO  2018-05-01 14:28:20,995 MailhookLogic(480) Knowledge[1] メールアドレスの部分一致で投稿 was added.
WARN  2018-05-01 14:28:21,021 MailhookLogic(668) Receive mail is not target condition. これは対象外になる
WARN  2018-05-01 14:28:21,022 MailhookLogic(669) 投稿の本文になる
INFO  2018-05-01 14:28:21,052 TestWatcher(32) @@@@@@ TEST FINISHED - 2146 [ms]  -  org.support.project.knowledge.integration.IntegrationMailReadTest#testPostOnRecipient1
INFO  2018-05-01 14:28:21,053 TestWatcher(24) @@@@@@ TEST START - org.support.project.knowledge.integration.IntegrationMailReadTest#testPostOnRecipient2
INFO  2018-05-01 14:28:21,106 TestCommon(153) init data
INFO  2018-05-01 14:28:21,246 InitDB(107) migrate is start.
INFO  2018-05-01 14:28:21,247 InitDB(141) Lastest database version is 1.13.0 now
INFO  2018-05-01 14:28:21,251 Intercepter(213) error. [object]class org.support.project.web.dao.SystemsDao_$$_jvstc5c_0[proceed]_d17executeQuerySingle[param0]SELECT * FROM SYSTEMS WHERE SYSTEM_NAME = ?  AND DELETE_FLAG = 0[param1]class org.support.project.web.entity.SystemsEntity[param2][Ljava.lang.Object;@3913f206
[throwable.getMessage()] テーブル "SYSTEMS" が見つかりません
Table "SYSTEMS" not found; SQL statement:
SELECT * FROM SYSTEMS WHERE SYSTEM_NAME = ?  AND DELETE_FLAG = 0 [42102-196] [cause] テーブル "SYSTEMS" が見つかりません
Table "SYSTEMS" not found; SQL statement:
SELECT * FROM SYSTEMS WHERE SYSTEM_NAME = ?  AND DELETE_FLAG = 0 [42102-196]
----- SQL Infomation -----
[sql]SELECT * FROM SYSTEMS WHERE SYSTEM_NAME = ?  AND DELETE_FLAG = 0
[params]
	[params][0]knowledge
[execute]SELECT * FROM SYSTEMS WHERE SYSTEM_NAME = knowledge  AND DELETE_FLAG = 0

ERROR 2018-05-01 14:28:21,255 Transaction(58) Error(Rollback) : org.support.project.web.dao.SystemsDao_$$_jvstc5c_0#_d50selectOnKey
INFO  2018-05-01 14:28:21,260 Intercepter(213) error. [object]class org.support.project.web.dao.SystemsDao_$$_jvstc5c_0[proceed]_d50selectOnKey[param0]knowledge
[throwable.getMessage()] テーブル "SYSTEMS" が見つかりません
Table "SYSTEMS" not found; SQL statement:
SELECT * FROM SYSTEMS WHERE SYSTEM_NAME = ?  AND DELETE_FLAG = 0 [42102-196] [cause] テーブル "SYSTEMS" が見つかりません
Table "SYSTEMS" not found; SQL statement:
SELECT * FROM SYSTEMS WHERE SYSTEM_NAME = ?  AND DELETE_FLAG = 0 [42102-196]
----- SQL Infomation -----
[sql]SELECT * FROM SYSTEMS WHERE SYSTEM_NAME = ?  AND DELETE_FLAG = 0
[params]
	[params][0]knowledge
[execute]SELECT * FROM SYSTEMS WHERE SYSTEM_NAME = knowledge  AND DELETE_FLAG = 0

INFO  2018-05-01 14:28:21,329 InitializeDao(43) Database initialize start.
INFO  2018-05-01 14:28:21,474 InitializeDao(49) /org/support/project/web/database/ddl.sql is loaded.
INFO  2018-05-01 14:28:21,673 InitializeDao(49) /org/support/project/knowledge/database/ddl.sql is loaded.
INFO  2018-05-01 14:28:21,683 InitializeDao(49) /org/support/project/knowledge/database/init_datas.sql is loaded.
INFO  2018-05-01 14:28:21,683 InitializeDao(51) Database initialize finish.
INFO  2018-05-01 14:28:21,776 InitDB(203) Migrate to 1.13.0
INFO  2018-05-01 14:28:22,700 MailhookLogic(665) Post Knowledge from a mail. メールアドレスの部分一致で投稿
INFO  2018-05-01 14:28:22,747 MailhookLogic(480) Knowledge[1] メールアドレスの部分一致で投稿 was added.
INFO  2018-05-01 14:28:22,829 MailhookLogic(665) Post Knowledge from a mail. こんどは投稿する
INFO  2018-05-01 14:28:22,892 MailhookLogic(480) Knowledge[2] こんどは投稿する was added.
INFO  2018-05-01 14:28:22,938 TestWatcher(32) @@@@@@ TEST FINISHED - 1885 [ms]  -  org.support.project.knowledge.integration.IntegrationMailReadTest#testPostOnRecipient2
INFO  2018-05-01 14:28:22,989 TestCommon(153) init data
INFO  2018-05-01 14:28:23,130 InitDB(107) migrate is start.
INFO  2018-05-01 14:28:23,133 InitDB(141) Lastest database version is 1.13.0 now
INFO  2018-05-01 14:28:23,136 Intercepter(213) error. [object]class org.support.project.web.dao.SystemsDao_$$_jvstc5c_0[proceed]_d17executeQuerySingle[param0]SELECT * FROM SYSTEMS WHERE SYSTEM_NAME = ?  AND DELETE_FLAG = 0[param1]class org.support.project.web.entity.SystemsEntity[param2][Ljava.lang.Object;@6003ad65
[throwable.getMessage()] テーブル "SYSTEMS" が見つかりません
Table "SYSTEMS" not found; SQL statement:
SELECT * FROM SYSTEMS WHERE SYSTEM_NAME = ?  AND DELETE_FLAG = 0 [42102-196] [cause] テーブル "SYSTEMS" が見つかりません
Table "SYSTEMS" not found; SQL statement:
SELECT * FROM SYSTEMS WHERE SYSTEM_NAME = ?  AND DELETE_FLAG = 0 [42102-196]
----- SQL Infomation -----
[sql]SELECT * FROM SYSTEMS WHERE SYSTEM_NAME = ?  AND DELETE_FLAG = 0
[params]
	[params][0]knowledge
[execute]SELECT * FROM SYSTEMS WHERE SYSTEM_NAME = knowledge  AND DELETE_FLAG = 0

ERROR 2018-05-01 14:28:23,137 Transaction(58) Error(Rollback) : org.support.project.web.dao.SystemsDao_$$_jvstc5c_0#_d50selectOnKey
INFO  2018-05-01 14:28:23,137 Intercepter(213) error. [object]class org.support.project.web.dao.SystemsDao_$$_jvstc5c_0[proceed]_d50selectOnKey[param0]knowledge
[throwable.getMessage()] テーブル "SYSTEMS" が見つかりません
Table "SYSTEMS" not found; SQL statement:
SELECT * FROM SYSTEMS WHERE SYSTEM_NAME = ?  AND DELETE_FLAG = 0 [42102-196] [cause] テーブル "SYSTEMS" が見つかりません
Table "SYSTEMS" not found; SQL statement:
SELECT * FROM SYSTEMS WHERE SYSTEM_NAME = ?  AND DELETE_FLAG = 0 [42102-196]
----- SQL Infomation -----
[sql]SELECT * FROM SYSTEMS WHERE SYSTEM_NAME = ?  AND DELETE_FLAG = 0
[params]
	[params][0]knowledge
[execute]SELECT * FROM SYSTEMS WHERE SYSTEM_NAME = knowledge  AND DELETE_FLAG = 0

INFO  2018-05-01 14:28:23,149 InitializeDao(43) Database initialize start.
INFO  2018-05-01 14:28:23,312 InitializeDao(49) /org/support/project/web/database/ddl.sql is loaded.
INFO  2018-05-01 14:28:23,505 InitializeDao(49) /org/support/project/knowledge/database/ddl.sql is loaded.
INFO  2018-05-01 14:28:23,510 InitializeDao(49) /org/support/project/knowledge/database/init_datas.sql is loaded.
INFO  2018-05-01 14:28:23,510 InitializeDao(51) Database initialize finish.
INFO  2018-05-01 14:28:23,617 InitDB(203) Migrate to 1.13.0
INFO  2018-05-01 14:28:24,357 TestWatcher(24) @@@@@@ TEST START - org.support.project.knowledge.logic.notification.webhook.CommentLikedWebhookNotificationTest#testSendKnowledgeWebhook
INFO  2018-05-01 14:28:24,402 AbstractBat(31) NotifyMailBat is start.
INFO  2018-05-01 14:28:24,403 NotifyMailBat(52) Notify process started.
INFO  2018-05-01 14:28:24,434 NotifyMailBat(70) Notify process finished. count: 1
INFO  2018-05-01 14:28:24,435 NotifyMailBat(72) Notify event started.
INFO  2018-05-01 14:28:24,438 NotifyMailBat(74) Notify event finished.
INFO  2018-05-01 14:28:24,438 AbstractBat(43) Finished
INFO  2018-05-01 14:28:24,492 TestWatcher(32) @@@@@@ TEST FINISHED - 135 [ms]  -  org.support.project.knowledge.logic.notification.webhook.CommentLikedWebhookNotificationTest#testSendKnowledgeWebhook
INFO  2018-05-01 14:28:24,492 TestWatcher(24) @@@@@@ TEST START - org.support.project.knowledge.logic.notification.webhook.CommentLikedWebhookNotificationTest#testSendCommentWebhook
INFO  2018-05-01 14:28:24,535 AbstractBat(31) NotifyMailBat is start.
INFO  2018-05-01 14:28:24,563 NotifyMailBat(52) Notify process started.
INFO  2018-05-01 14:28:24,613 NotifyMailBat(70) Notify process finished. count: 1
INFO  2018-05-01 14:28:24,613 NotifyMailBat(72) Notify event started.
INFO  2018-05-01 14:28:24,615 NotifyMailBat(74) Notify event finished.
INFO  2018-05-01 14:28:24,616 AbstractBat(43) Finished
INFO  2018-05-01 14:28:24,647 AssertJson(46) property:knowledge is object.
INFO  2018-05-01 14:28:24,652 TestWatcher(32) @@@@@@ TEST FINISHED - 160 [ms]  -  org.support.project.knowledge.logic.notification.webhook.CommentLikedWebhookNotificationTest#testSendCommentWebhook
INFO  2018-05-01 14:28:24,792 TestCommon(153) init data
INFO  2018-05-01 14:28:24,925 InitDB(107) migrate is start.
INFO  2018-05-01 14:28:24,929 InitDB(141) Lastest database version is 1.13.0 now
INFO  2018-05-01 14:28:24,931 Intercepter(213) error. [object]class org.support.project.web.dao.SystemsDao_$$_jvstc5c_0[proceed]_d17executeQuerySingle[param0]SELECT * FROM SYSTEMS WHERE SYSTEM_NAME = ?  AND DELETE_FLAG = 0[param1]class org.support.project.web.entity.SystemsEntity[param2][Ljava.lang.Object;@2ed9f6f8
[throwable.getMessage()] テーブル "SYSTEMS" が見つかりません
Table "SYSTEMS" not found; SQL statement:
SELECT * FROM SYSTEMS WHERE SYSTEM_NAME = ?  AND DELETE_FLAG = 0 [42102-196] [cause] テーブル "SYSTEMS" が見つかりません
Table "SYSTEMS" not found; SQL statement:
SELECT * FROM SYSTEMS WHERE SYSTEM_NAME = ?  AND DELETE_FLAG = 0 [42102-196]
----- SQL Infomation -----
[sql]SELECT * FROM SYSTEMS WHERE SYSTEM_NAME = ?  AND DELETE_FLAG = 0
[params]
	[params][0]knowledge
[execute]SELECT * FROM SYSTEMS WHERE SYSTEM_NAME = knowledge  AND DELETE_FLAG = 0

ERROR 2018-05-01 14:28:24,932 Transaction(58) Error(Rollback) : org.support.project.web.dao.SystemsDao_$$_jvstc5c_0#_d50selectOnKey
INFO  2018-05-01 14:28:24,932 Intercepter(213) error. [object]class org.support.project.web.dao.SystemsDao_$$_jvstc5c_0[proceed]_d50selectOnKey[param0]knowledge
[throwable.getMessage()] テーブル "SYSTEMS" が見つかりません
Table "SYSTEMS" not found; SQL statement:
SELECT * FROM SYSTEMS WHERE SYSTEM_NAME = ?  AND DELETE_FLAG = 0 [42102-196] [cause] テーブル "SYSTEMS" が見つかりません
Table "SYSTEMS" not found; SQL statement:
SELECT * FROM SYSTEMS WHERE SYSTEM_NAME = ?  AND DELETE_FLAG = 0 [42102-196]
----- SQL Infomation -----
[sql]SELECT * FROM SYSTEMS WHERE SYSTEM_NAME = ?  AND DELETE_FLAG = 0
[params]
	[params][0]knowledge
[execute]SELECT * FROM SYSTEMS WHERE SYSTEM_NAME = knowledge  AND DELETE_FLAG = 0

INFO  2018-05-01 14:28:24,945 InitializeDao(43) Database initialize start.
INFO  2018-05-01 14:28:25,068 InitializeDao(49) /org/support/project/web/database/ddl.sql is loaded.
INFO  2018-05-01 14:28:25,215 InitializeDao(49) /org/support/project/knowledge/database/ddl.sql is loaded.
INFO  2018-05-01 14:28:25,219 InitializeDao(49) /org/support/project/knowledge/database/init_datas.sql is loaded.
INFO  2018-05-01 14:28:25,220 InitializeDao(51) Database initialize finish.
INFO  2018-05-01 14:28:25,464 InitDB(203) Migrate to 1.13.0
INFO  2018-05-01 14:28:26,285 TestWatcher(24) @@@@@@ TEST START - org.support.project.knowledge.logic.notification.CommentInsertNotificationTest#testNotification
INFO  2018-05-01 14:28:26,356 CommentInsertNotificationTest(31) [{"deleteFlag":0,"hash":"c1DuFHGyvzm6XtV3hCjs8zy2rE8Cjx","id":1,"insertDatetime":1525152506306,"insertUser":2,"keyValues":["c1DuFHGyvzm6XtV3hCjs8zy2rE8Cjx"],"type":1,"updateDatetime":1525152506306,"updateUser":2},{"deleteFlag":0,"hash":"lh7YO0tH5k4lhRhuNVFNyN4808yw14","id":1,"insertDatetime":1525152506340,"insertUser":2,"keyValues":["lh7YO0tH5k4lhRhuNVFNyN4808yw14"],"type":11,"updateDatetime":1525152506340,"updateUser":2}]
INFO  2018-05-01 14:28:26,370 CommentInsertNotification(192) mail config is not exists.
INFO  2018-05-01 14:28:26,376 CommentInsertNotificationTest(41) {"content":"{\"commentContents\":\"コメント\",\"commentInsertUser\":\"テストユーザ1\",\"knowledgeId\":1,\"knowledgeTitle\":\"テスト\",\"updateUser\":\"\"}","deleteFlag":0,"insertDatetime":1525152506363,"insertUser":2,"keyValues":[1],"no":1,"rowId":"863244FF03471051DEABD8E871B74FDA","status":0,"title":"notify_insert_comment_myitem","updateDatetime":1525152506363,"updateUser":2}
INFO  2018-05-01 14:28:26,383 CommentInsertNotificationTest(53) Comment has been posted on knowledge テスト that you have posted
INFO  2018-05-01 14:28:26,383 TestWatcher(32) @@@@@@ TEST FINISHED - 98 [ms]  -  org.support.project.knowledge.logic.notification.CommentInsertNotificationTest#testNotification
INFO  2018-05-01 14:28:26,522 TestCommon(153) init data
INFO  2018-05-01 14:28:26,650 InitDB(107) migrate is start.
INFO  2018-05-01 14:28:26,651 InitDB(141) Lastest database version is 1.13.0 now
INFO  2018-05-01 14:28:26,653 Intercepter(213) error. [object]class org.support.project.web.dao.SystemsDao_$$_jvstc5c_0[proceed]_d17executeQuerySingle[param0]SELECT * FROM SYSTEMS WHERE SYSTEM_NAME = ?  AND DELETE_FLAG = 0[param1]class org.support.project.web.entity.SystemsEntity[param2][Ljava.lang.Object;@7f3fc42f
[throwable.getMessage()] テーブル "SYSTEMS" が見つかりません
Table "SYSTEMS" not found; SQL statement:
SELECT * FROM SYSTEMS WHERE SYSTEM_NAME = ?  AND DELETE_FLAG = 0 [42102-196] [cause] テーブル "SYSTEMS" が見つかりません
Table "SYSTEMS" not found; SQL statement:
SELECT * FROM SYSTEMS WHERE SYSTEM_NAME = ?  AND DELETE_FLAG = 0 [42102-196]
----- SQL Infomation -----
[sql]SELECT * FROM SYSTEMS WHERE SYSTEM_NAME = ?  AND DELETE_FLAG = 0
[params]
	[params][0]knowledge
[execute]SELECT * FROM SYSTEMS WHERE SYSTEM_NAME = knowledge  AND DELETE_FLAG = 0

ERROR 2018-05-01 14:28:26,653 Transaction(58) Error(Rollback) : org.support.project.web.dao.SystemsDao_$$_jvstc5c_0#_d50selectOnKey
INFO  2018-05-01 14:28:26,653 Intercepter(213) error. [object]class org.support.project.web.dao.SystemsDao_$$_jvstc5c_0[proceed]_d50selectOnKey[param0]knowledge
[throwable.getMessage()] テーブル "SYSTEMS" が見つかりません
Table "SYSTEMS" not found; SQL statement:
SELECT * FROM SYSTEMS WHERE SYSTEM_NAME = ?  AND DELETE_FLAG = 0 [42102-196] [cause] テーブル "SYSTEMS" が見つかりません
Table "SYSTEMS" not found; SQL statement:
SELECT * FROM SYSTEMS WHERE SYSTEM_NAME = ?  AND DELETE_FLAG = 0 [42102-196]
----- SQL Infomation -----
[sql]SELECT * FROM SYSTEMS WHERE SYSTEM_NAME = ?  AND DELETE_FLAG = 0
[params]
	[params][0]knowledge
[execute]SELECT * FROM SYSTEMS WHERE SYSTEM_NAME = knowledge  AND DELETE_FLAG = 0

INFO  2018-05-01 14:28:26,668 InitializeDao(43) Database initialize start.
INFO  2018-05-01 14:28:26,750 InitializeDao(49) /org/support/project/web/database/ddl.sql is loaded.
INFO  2018-05-01 14:28:26,907 InitializeDao(49) /org/support/project/knowledge/database/ddl.sql is loaded.
INFO  2018-05-01 14:28:26,911 InitializeDao(49) /org/support/project/knowledge/database/init_datas.sql is loaded.
INFO  2018-05-01 14:28:26,913 InitializeDao(51) Database initialize finish.
INFO  2018-05-01 14:28:27,064 InitDB(203) Migrate to 1.13.0
INFO  2018-05-01 14:28:27,804 TestWatcher(24) @@@@@@ TEST START - org.support.project.knowledge.logic.integration.PostPublicLogicIntegrationTest#testUserInsert
INFO  2018-05-01 14:28:27,804 PostPublicLogicIntegrationTest(56) ユーザ登録
INFO  2018-05-01 14:28:27,951 TestWatcher(32) @@@@@@ TEST FINISHED - 147 [ms]  -  org.support.project.knowledge.logic.integration.PostPublicLogicIntegrationTest#testUserInsert
INFO  2018-05-01 14:28:27,952 TestWatcher(24) @@@@@@ TEST START - org.support.project.knowledge.logic.integration.PostPublicLogicIntegrationTest#testCheckNotify
INFO  2018-05-01 14:28:27,952 PostPublicLogicIntegrationTest(81) 通知設定確認
INFO  2018-05-01 14:28:27,957 TestWatcher(32) @@@@@@ TEST FINISHED - 5 [ms]  -  org.support.project.knowledge.logic.integration.PostPublicLogicIntegrationTest#testCheckNotify
INFO  2018-05-01 14:28:27,958 TestWatcher(24) @@@@@@ TEST START - org.support.project.knowledge.logic.integration.PostPublicLogicIntegrationTest#testInsertKnowledge
INFO  2018-05-01 14:28:27,958 PostPublicLogicIntegrationTest(109) 記事投稿
INFO  2018-05-01 14:28:28,031 TestWatcher(32) @@@@@@ TEST FINISHED - 73 [ms]  -  org.support.project.knowledge.logic.integration.PostPublicLogicIntegrationTest#testInsertKnowledge
INFO  2018-05-01 14:28:28,031 TestWatcher(24) @@@@@@ TEST START - org.support.project.knowledge.logic.integration.PostPublicLogicIntegrationTest#testCheckNotifyQueue
INFO  2018-05-01 14:28:28,032 PostPublicLogicIntegrationTest(130) 通知キュー確認
INFO  2018-05-01 14:28:28,033 TestWatcher(32) @@@@@@ TEST FINISHED - 2 [ms]  -  org.support.project.knowledge.logic.integration.PostPublicLogicIntegrationTest#testCheckNotifyQueue
INFO  2018-05-01 14:28:28,033 TestWatcher(24) @@@@@@ TEST START - org.support.project.knowledge.logic.integration.PostPublicLogicIntegrationTest#testExecNotifyQueue
INFO  2018-05-01 14:28:28,033 PostPublicLogicIntegrationTest(142) 通知キューを処理
INFO  2018-05-01 14:28:28,036 AbstractBat(31) NotifyMailBat is start.
INFO  2018-05-01 14:28:28,037 NotifyMailBat(52) Notify process started.
INFO  2018-05-01 14:28:28,068 NotifyMailBat(70) Notify process finished. count: 1
INFO  2018-05-01 14:28:28,069 NotifyMailBat(72) Notify event started.
INFO  2018-05-01 14:28:28,071 NotifyMailBat(74) Notify event finished.
INFO  2018-05-01 14:28:28,071 AbstractBat(43) Finished
INFO  2018-05-01 14:28:28,072 TestWatcher(32) @@@@@@ TEST FINISHED - 39 [ms]  -  org.support.project.knowledge.logic.integration.PostPublicLogicIntegrationTest#testExecNotifyQueue
INFO  2018-05-01 14:28:28,072 TestWatcher(24) @@@@@@ TEST START - org.support.project.knowledge.logic.integration.PostPublicLogicIntegrationTest#testCheckUserNotification
INFO  2018-05-01 14:28:28,072 PostPublicLogicIntegrationTest(161) 通知確認
INFO  2018-05-01 14:28:28,082 TestWatcher(32) @@@@@@ TEST FINISHED - 10 [ms]  -  org.support.project.knowledge.logic.integration.PostPublicLogicIntegrationTest#testCheckUserNotification
INFO  2018-05-01 14:28:28,083 TestWatcher(24) @@@@@@ TEST START - org.support.project.knowledge.logic.integration.PostPublicLogicIntegrationTest#testKnowledgeView
INFO  2018-05-01 14:28:28,083 PostPublicLogicIntegrationTest(184) 記事を参照
INFO  2018-05-01 14:28:28,106 TestWatcher(32) @@@@@@ TEST FINISHED - 23 [ms]  -  org.support.project.knowledge.logic.integration.PostPublicLogicIntegrationTest#testKnowledgeView
INFO  2018-05-01 14:28:28,163 TestCommon(153) init data
INFO  2018-05-01 14:28:28,297 InitDB(107) migrate is start.
INFO  2018-05-01 14:28:28,298 InitDB(141) Lastest database version is 1.13.0 now
INFO  2018-05-01 14:28:28,302 Intercepter(213) error. [object]class org.support.project.web.dao.SystemsDao_$$_jvstc5c_0[proceed]_d17executeQuerySingle[param0]SELECT * FROM SYSTEMS WHERE SYSTEM_NAME = ?  AND DELETE_FLAG = 0[param1]class org.support.project.web.entity.SystemsEntity[param2][Ljava.lang.Object;@7a388990
[throwable.getMessage()] テーブル "SYSTEMS" が見つかりません
Table "SYSTEMS" not found; SQL statement:
SELECT * FROM SYSTEMS WHERE SYSTEM_NAME = ?  AND DELETE_FLAG = 0 [42102-196] [cause] テーブル "SYSTEMS" が見つかりません
Table "SYSTEMS" not found; SQL statement:
SELECT * FROM SYSTEMS WHERE SYSTEM_NAME = ?  AND DELETE_FLAG = 0 [42102-196]
----- SQL Infomation -----
[sql]SELECT * FROM SYSTEMS WHERE SYSTEM_NAME = ?  AND DELETE_FLAG = 0
[params]
	[params][0]knowledge
[execute]SELECT * FROM SYSTEMS WHERE SYSTEM_NAME = knowledge  AND DELETE_FLAG = 0

ERROR 2018-05-01 14:28:28,305 Transaction(58) Error(Rollback) : org.support.project.web.dao.SystemsDao_$$_jvstc5c_0#_d50selectOnKey
INFO  2018-05-01 14:28:28,307 Intercepter(213) error. [object]class org.support.project.web.dao.SystemsDao_$$_jvstc5c_0[proceed]_d50selectOnKey[param0]knowledge
[throwable.getMessage()] テーブル "SYSTEMS" が見つかりません
Table "SYSTEMS" not found; SQL statement:
SELECT * FROM SYSTEMS WHERE SYSTEM_NAME = ?  AND DELETE_FLAG = 0 [42102-196] [cause] テーブル "SYSTEMS" が見つかりません
Table "SYSTEMS" not found; SQL statement:
SELECT * FROM SYSTEMS WHERE SYSTEM_NAME = ?  AND DELETE_FLAG = 0 [42102-196]
----- SQL Infomation -----
[sql]SELECT * FROM SYSTEMS WHERE SYSTEM_NAME = ?  AND DELETE_FLAG = 0
[params]
	[params][0]knowledge
[execute]SELECT * FROM SYSTEMS WHERE SYSTEM_NAME = knowledge  AND DELETE_FLAG = 0

INFO  2018-05-01 14:28:28,324 InitializeDao(43) Database initialize start.
INFO  2018-05-01 14:28:28,501 InitializeDao(49) /org/support/project/web/database/ddl.sql is loaded.
INFO  2018-05-01 14:28:28,688 InitializeDao(49) /org/support/project/knowledge/database/ddl.sql is loaded.
INFO  2018-05-01 14:28:28,693 InitializeDao(49) /org/support/project/knowledge/database/init_datas.sql is loaded.
INFO  2018-05-01 14:28:28,694 InitializeDao(51) Database initialize finish.
INFO  2018-05-01 14:28:28,788 InitDB(203) Migrate to 1.13.0
INFO  2018-05-01 14:28:29,547 TestWatcher(24) @@@@@@ TEST START - org.support.project.knowledge.dao.SurveysDaoTest#testSelectWithKnowledgeTitle
INFO  2018-05-01 14:28:29,587 TestWatcher(32) @@@@@@ TEST FINISHED - 40 [ms]  -  org.support.project.knowledge.dao.SurveysDaoTest#testSelectWithKnowledgeTitle
INFO  2018-05-01 14:28:29,587 TestWatcher(24) @@@@@@ TEST START - org.support.project.knowledge.dao.SurveysDaoTest#testSelectWithKnowledgeTitleOnlyAccessAble
INFO  2018-05-01 14:28:29,640 TestWatcher(32) @@@@@@ TEST FINISHED - 53 [ms]  -  org.support.project.knowledge.dao.SurveysDaoTest#testSelectWithKnowledgeTitleOnlyAccessAble
INFO  2018-05-01 14:28:29,737 TestCommon(153) init data
INFO  2018-05-01 14:28:29,879 InitDB(107) migrate is start.
INFO  2018-05-01 14:28:29,881 InitDB(141) Lastest database version is 1.13.0 now
INFO  2018-05-01 14:28:29,882 Intercepter(213) error. [object]class org.support.project.web.dao.SystemsDao_$$_jvstc5c_0[proceed]_d17executeQuerySingle[param0]SELECT * FROM SYSTEMS WHERE SYSTEM_NAME = ?  AND DELETE_FLAG = 0[param1]class org.support.project.web.entity.SystemsEntity[param2][Ljava.lang.Object;@4aed311e
[throwable.getMessage()] テーブル "SYSTEMS" が見つかりません
Table "SYSTEMS" not found; SQL statement:
SELECT * FROM SYSTEMS WHERE SYSTEM_NAME = ?  AND DELETE_FLAG = 0 [42102-196] [cause] テーブル "SYSTEMS" が見つかりません
Table "SYSTEMS" not found; SQL statement:
SELECT * FROM SYSTEMS WHERE SYSTEM_NAME = ?  AND DELETE_FLAG = 0 [42102-196]
----- SQL Infomation -----
[sql]SELECT * FROM SYSTEMS WHERE SYSTEM_NAME = ?  AND DELETE_FLAG = 0
[params]
	[params][0]knowledge
[execute]SELECT * FROM SYSTEMS WHERE SYSTEM_NAME = knowledge  AND DELETE_FLAG = 0

ERROR 2018-05-01 14:28:29,883 Transaction(58) Error(Rollback) : org.support.project.web.dao.SystemsDao_$$_jvstc5c_0#_d50selectOnKey
INFO  2018-05-01 14:28:29,883 Intercepter(213) error. [object]class org.support.project.web.dao.SystemsDao_$$_jvstc5c_0[proceed]_d50selectOnKey[param0]knowledge
[throwable.getMessage()] テーブル "SYSTEMS" が見つかりません
Table "SYSTEMS" not found; SQL statement:
SELECT * FROM SYSTEMS WHERE SYSTEM_NAME = ?  AND DELETE_FLAG = 0 [42102-196] [cause] テーブル "SYSTEMS" が見つかりません
Table "SYSTEMS" not found; SQL statement:
SELECT * FROM SYSTEMS WHERE SYSTEM_NAME = ?  AND DELETE_FLAG = 0 [42102-196]
----- SQL Infomation -----
[sql]SELECT * FROM SYSTEMS WHERE SYSTEM_NAME = ?  AND DELETE_FLAG = 0
[params]
	[params][0]knowledge
[execute]SELECT * FROM SYSTEMS WHERE SYSTEM_NAME = knowledge  AND DELETE_FLAG = 0

INFO  2018-05-01 14:28:29,913 InitializeDao(43) Database initialize start.
INFO  2018-05-01 14:28:30,008 InitializeDao(49) /org/support/project/web/database/ddl.sql is loaded.
INFO  2018-05-01 14:28:30,210 InitializeDao(49) /org/support/project/knowledge/database/ddl.sql is loaded.
INFO  2018-05-01 14:28:30,214 InitializeDao(49) /org/support/project/knowledge/database/init_datas.sql is loaded.
INFO  2018-05-01 14:28:30,215 InitializeDao(51) Database initialize finish.
INFO  2018-05-01 14:28:30,302 InitDB(203) Migrate to 1.13.0
INFO  2018-05-01 14:28:31,059 NotifyCommentLogicTest(51) テストユーザ1でKnowledge登録
INFO  2018-05-01 14:28:31,093 NotifyCommentLogicTest(61) テストユーザ1でKnowledge登録
INFO  2018-05-01 14:28:31,124 NotifyCommentLogicTest(70) テストユーザ1でKnowledge登録
INFO  2018-05-01 14:28:31,208 NotifyCommentLogicTest(85) テストユーザ1でKnowledge登録
INFO  2018-05-01 14:28:31,277 TestWatcher(24) @@@@@@ TEST START - org.support.project.knowledge.logic.NotifyCommentLogicTest#testNotify1
INFO  2018-05-01 14:28:31,423 TestWatcher(32) @@@@@@ TEST FINISHED - 146 [ms]  -  org.support.project.knowledge.logic.NotifyCommentLogicTest#testNotify1
INFO  2018-05-01 14:28:31,424 TestWatcher(24) @@@@@@ TEST START - org.support.project.knowledge.logic.NotifyCommentLogicTest#testNotify2
INFO  2018-05-01 14:28:31,459 TestWatcher(32) @@@@@@ TEST FINISHED - 35 [ms]  -  org.support.project.knowledge.logic.NotifyCommentLogicTest#testNotify2
INFO  2018-05-01 14:28:31,459 TestWatcher(24) @@@@@@ TEST START - org.support.project.knowledge.logic.NotifyCommentLogicTest#testNotify3
INFO  2018-05-01 14:28:31,465 TestWatcher(32) @@@@@@ TEST FINISHED - 6 [ms]  -  org.support.project.knowledge.logic.NotifyCommentLogicTest#testNotify3
INFO  2018-05-01 14:28:31,466 TestWatcher(24) @@@@@@ TEST START - org.support.project.knowledge.logic.NotifyCommentLogicTest#testNotify4
INFO  2018-05-01 14:28:31,487 TestWatcher(32) @@@@@@ TEST FINISHED - 20 [ms]  -  org.support.project.knowledge.logic.NotifyCommentLogicTest#testNotify4
INFO  2018-05-01 14:28:31,487 TestWatcher(24) @@@@@@ TEST START - org.support.project.knowledge.logic.NotifyCommentLogicTest#testNotify5
INFO  2018-05-01 14:28:31,579 TestWatcher(32) @@@@@@ TEST FINISHED - 92 [ms]  -  org.support.project.knowledge.logic.NotifyCommentLogicTest#testNotify5
INFO  2018-05-01 14:28:31,579 TestWatcher(24) @@@@@@ TEST START - org.support.project.knowledge.logic.NotifyCommentLogicTest#testNotify6
INFO  2018-05-01 14:28:31,620 TestWatcher(32) @@@@@@ TEST FINISHED - 41 [ms]  -  org.support.project.knowledge.logic.NotifyCommentLogicTest#testNotify6
INFO  2018-05-01 14:28:31,620 TestWatcher(24) @@@@@@ TEST START - org.support.project.knowledge.logic.NotifyCommentLogicTest#testNotify7
INFO  2018-05-01 14:28:31,646 TestWatcher(32) @@@@@@ TEST FINISHED - 26 [ms]  -  org.support.project.knowledge.logic.NotifyCommentLogicTest#testNotify7
INFO  2018-05-01 14:28:31,804 TestCommon(153) init data
INFO  2018-05-01 14:28:31,944 InitDB(107) migrate is start.
INFO  2018-05-01 14:28:31,945 InitDB(141) Lastest database version is 1.13.0 now
INFO  2018-05-01 14:28:31,947 Intercepter(213) error. [object]class org.support.project.web.dao.SystemsDao_$$_jvstc5c_0[proceed]_d17executeQuerySingle[param0]SELECT * FROM SYSTEMS WHERE SYSTEM_NAME = ?  AND DELETE_FLAG = 0[param1]class org.support.project.web.entity.SystemsEntity[param2][Ljava.lang.Object;@624b3544
[throwable.getMessage()] テーブル "SYSTEMS" が見つかりません
Table "SYSTEMS" not found; SQL statement:
SELECT * FROM SYSTEMS WHERE SYSTEM_NAME = ?  AND DELETE_FLAG = 0 [42102-196] [cause] テーブル "SYSTEMS" が見つかりません
Table "SYSTEMS" not found; SQL statement:
SELECT * FROM SYSTEMS WHERE SYSTEM_NAME = ?  AND DELETE_FLAG = 0 [42102-196]
----- SQL Infomation -----
[sql]SELECT * FROM SYSTEMS WHERE SYSTEM_NAME = ?  AND DELETE_FLAG = 0
[params]
	[params][0]knowledge
[execute]SELECT * FROM SYSTEMS WHERE SYSTEM_NAME = knowledge  AND DELETE_FLAG = 0

ERROR 2018-05-01 14:28:31,947 Transaction(58) Error(Rollback) : org.support.project.web.dao.SystemsDao_$$_jvstc5c_0#_d50selectOnKey
INFO  2018-05-01 14:28:31,947 Intercepter(213) error. [object]class org.support.project.web.dao.SystemsDao_$$_jvstc5c_0[proceed]_d50selectOnKey[param0]knowledge
[throwable.getMessage()] テーブル "SYSTEMS" が見つかりません
Table "SYSTEMS" not found; SQL statement:
SELECT * FROM SYSTEMS WHERE SYSTEM_NAME = ?  AND DELETE_FLAG = 0 [42102-196] [cause] テーブル "SYSTEMS" が見つかりません
Table "SYSTEMS" not found; SQL statement:
SELECT * FROM SYSTEMS WHERE SYSTEM_NAME = ?  AND DELETE_FLAG = 0 [42102-196]
----- SQL Infomation -----
[sql]SELECT * FROM SYSTEMS WHERE SYSTEM_NAME = ?  AND DELETE_FLAG = 0
[params]
	[params][0]knowledge
[execute]SELECT * FROM SYSTEMS WHERE SYSTEM_NAME = knowledge  AND DELETE_FLAG = 0

INFO  2018-05-01 14:28:31,955 InitializeDao(43) Database initialize start.
INFO  2018-05-01 14:28:32,025 InitializeDao(49) /org/support/project/web/database/ddl.sql is loaded.
INFO  2018-05-01 14:28:32,234 InitializeDao(49) /org/support/project/knowledge/database/ddl.sql is loaded.
INFO  2018-05-01 14:28:32,236 InitializeDao(49) /org/support/project/knowledge/database/init_datas.sql is loaded.
INFO  2018-05-01 14:28:32,237 InitializeDao(51) Database initialize finish.
INFO  2018-05-01 14:28:32,335 InitDB(203) Migrate to 1.13.0
INFO  2018-05-01 14:28:33,075 TestWatcher(24) @@@@@@ TEST START - org.support.project.knowledge.logic.notification.webhook.KnowledgeUpdateWebHookNotificationTest#testSendKnowledgeWebhook
INFO  2018-05-01 14:28:33,120 AbstractBat(31) NotifyMailBat is start.
INFO  2018-05-01 14:28:33,121 NotifyMailBat(52) Notify process started.
INFO  2018-05-01 14:28:33,134 NotifyMailBat(70) Notify process finished. count: 1
INFO  2018-05-01 14:28:33,134 NotifyMailBat(72) Notify event started.
INFO  2018-05-01 14:28:33,136 NotifyMailBat(74) Notify event finished.
INFO  2018-05-01 14:28:33,136 AbstractBat(43) Finished
INFO  2018-05-01 14:28:33,146 TestWatcher(32) @@@@@@ TEST FINISHED - 71 [ms]  -  org.support.project.knowledge.logic.notification.webhook.KnowledgeUpdateWebHookNotificationTest#testSendKnowledgeWebhook
INFO  2018-05-01 14:28:33,176 TestCommon(153) init data
INFO  2018-05-01 14:28:33,317 InitDB(107) migrate is start.
INFO  2018-05-01 14:28:33,318 InitDB(141) Lastest database version is 1.13.0 now
INFO  2018-05-01 14:28:33,320 Intercepter(213) error. [object]class org.support.project.web.dao.SystemsDao_$$_jvstc5c_0[proceed]_d17executeQuerySingle[param0]SELECT * FROM SYSTEMS WHERE SYSTEM_NAME = ?  AND DELETE_FLAG = 0[param1]class org.support.project.web.entity.SystemsEntity[param2][Ljava.lang.Object;@2c47a053
[throwable.getMessage()] テーブル "SYSTEMS" が見つかりません
Table "SYSTEMS" not found; SQL statement:
SELECT * FROM SYSTEMS WHERE SYSTEM_NAME = ?  AND DELETE_FLAG = 0 [42102-196] [cause] テーブル "SYSTEMS" が見つかりません
Table "SYSTEMS" not found; SQL statement:
SELECT * FROM SYSTEMS WHERE SYSTEM_NAME = ?  AND DELETE_FLAG = 0 [42102-196]
----- SQL Infomation -----
[sql]SELECT * FROM SYSTEMS WHERE SYSTEM_NAME = ?  AND DELETE_FLAG = 0
[params]
	[params][0]knowledge
[execute]SELECT * FROM SYSTEMS WHERE SYSTEM_NAME = knowledge  AND DELETE_FLAG = 0

ERROR 2018-05-01 14:28:33,320 Transaction(58) Error(Rollback) : org.support.project.web.dao.SystemsDao_$$_jvstc5c_0#_d50selectOnKey
INFO  2018-05-01 14:28:33,321 Intercepter(213) error. [object]class org.support.project.web.dao.SystemsDao_$$_jvstc5c_0[proceed]_d50selectOnKey[param0]knowledge
[throwable.getMessage()] テーブル "SYSTEMS" が見つかりません
Table "SYSTEMS" not found; SQL statement:
SELECT * FROM SYSTEMS WHERE SYSTEM_NAME = ?  AND DELETE_FLAG = 0 [42102-196] [cause] テーブル "SYSTEMS" が見つかりません
Table "SYSTEMS" not found; SQL statement:
SELECT * FROM SYSTEMS WHERE SYSTEM_NAME = ?  AND DELETE_FLAG = 0 [42102-196]
----- SQL Infomation -----
[sql]SELECT * FROM SYSTEMS WHERE SYSTEM_NAME = ?  AND DELETE_FLAG = 0
[params]
	[params][0]knowledge
[execute]SELECT * FROM SYSTEMS WHERE SYSTEM_NAME = knowledge  AND DELETE_FLAG = 0

INFO  2018-05-01 14:28:33,332 InitializeDao(43) Database initialize start.
INFO  2018-05-01 14:28:33,401 InitializeDao(49) /org/support/project/web/database/ddl.sql is loaded.
INFO  2018-05-01 14:28:33,509 InitializeDao(49) /org/support/project/knowledge/database/ddl.sql is loaded.
INFO  2018-05-01 14:28:33,512 InitializeDao(49) /org/support/project/knowledge/database/init_datas.sql is loaded.
INFO  2018-05-01 14:28:33,513 InitializeDao(51) Database initialize finish.
INFO  2018-05-01 14:28:33,587 InitDB(203) Migrate to 1.13.0
INFO  2018-05-01 14:28:34,316 TestWatcher(24) @@@@@@ TEST START - org.support.project.knowledge.dao.NotifyConfigsDaoTest#testNotify1
INFO  2018-05-01 14:28:34,321 TestWatcher(32) @@@@@@ TEST FINISHED - 5 [ms]  -  org.support.project.knowledge.dao.NotifyConfigsDaoTest#testNotify1
INFO  2018-05-01 14:28:34,321 TestWatcher(24) @@@@@@ TEST START - org.support.project.knowledge.dao.NotifyConfigsDaoTest#testNotify2
INFO  2018-05-01 14:28:34,330 TestWatcher(32) @@@@@@ TEST FINISHED - 9 [ms]  -  org.support.project.knowledge.dao.NotifyConfigsDaoTest#testNotify2
INFO  2018-05-01 14:28:34,331 TestWatcher(24) @@@@@@ TEST START - org.support.project.knowledge.dao.NotifyConfigsDaoTest#testNotify3
INFO  2018-05-01 14:28:34,336 TestWatcher(32) @@@@@@ TEST FINISHED - 5 [ms]  -  org.support.project.knowledge.dao.NotifyConfigsDaoTest#testNotify3
INFO  2018-05-01 14:28:34,337 TestWatcher(24) @@@@@@ TEST START - org.support.project.knowledge.dao.NotifyConfigsDaoTest#testNotify4
INFO  2018-05-01 14:28:34,352 TestWatcher(32) @@@@@@ TEST FINISHED - 15 [ms]  -  org.support.project.knowledge.dao.NotifyConfigsDaoTest#testNotify4
INFO  2018-05-01 14:28:34,353 TestWatcher(24) @@@@@@ TEST START - org.support.project.knowledge.dao.NotifyConfigsDaoTest#testNotify5
INFO  2018-05-01 14:28:34,371 TestWatcher(32) @@@@@@ TEST FINISHED - 18 [ms]  -  org.support.project.knowledge.dao.NotifyConfigsDaoTest#testNotify5
INFO  2018-05-01 14:28:34,375 TestWatcher(24) @@@@@@ TEST START - org.support.project.knowledge.dao.NotifyConfigsDaoTest#testNotify6
INFO  2018-05-01 14:28:34,382 TestWatcher(32) @@@@@@ TEST FINISHED - 7 [ms]  -  org.support.project.knowledge.dao.NotifyConfigsDaoTest#testNotify6
INFO  2018-05-01 14:28:34,383 TestWatcher(24) @@@@@@ TEST START - org.support.project.knowledge.dao.NotifyConfigsDaoTest#testNotify7
INFO  2018-05-01 14:28:34,426 TestWatcher(32) @@@@@@ TEST FINISHED - 43 [ms]  -  org.support.project.knowledge.dao.NotifyConfigsDaoTest#testNotify7
INFO  2018-05-01 14:28:34,427 TestWatcher(24) @@@@@@ TEST START - org.support.project.knowledge.dao.NotifyConfigsDaoTest#testNotify8
INFO  2018-05-01 14:28:34,462 TestWatcher(32) @@@@@@ TEST FINISHED - 35 [ms]  -  org.support.project.knowledge.dao.NotifyConfigsDaoTest#testNotify8
INFO  2018-05-01 14:28:34,550 TestCommon(153) init data
INFO  2018-05-01 14:28:34,687 InitDB(107) migrate is start.
INFO  2018-05-01 14:28:34,691 InitDB(141) Lastest database version is 1.13.0 now
INFO  2018-05-01 14:28:34,702 Intercepter(213) error. [object]class org.support.project.web.dao.SystemsDao_$$_jvstc5c_0[proceed]_d17executeQuerySingle[param0]SELECT * FROM SYSTEMS WHERE SYSTEM_NAME = ?  AND DELETE_FLAG = 0[param1]class org.support.project.web.entity.SystemsEntity[param2][Ljava.lang.Object;@693f2213
[throwable.getMessage()] テーブル "SYSTEMS" が見つかりません
Table "SYSTEMS" not found; SQL statement:
SELECT * FROM SYSTEMS WHERE SYSTEM_NAME = ?  AND DELETE_FLAG = 0 [42102-196] [cause] テーブル "SYSTEMS" が見つかりません
Table "SYSTEMS" not found; SQL statement:
SELECT * FROM SYSTEMS WHERE SYSTEM_NAME = ?  AND DELETE_FLAG = 0 [42102-196]
----- SQL Infomation -----
[sql]SELECT * FROM SYSTEMS WHERE SYSTEM_NAME = ?  AND DELETE_FLAG = 0
[params]
	[params][0]knowledge
[execute]SELECT * FROM SYSTEMS WHERE SYSTEM_NAME = knowledge  AND DELETE_FLAG = 0

ERROR 2018-05-01 14:28:34,702 Transaction(58) Error(Rollback) : org.support.project.web.dao.SystemsDao_$$_jvstc5c_0#_d50selectOnKey
INFO  2018-05-01 14:28:34,705 Intercepter(213) error. [object]class org.support.project.web.dao.SystemsDao_$$_jvstc5c_0[proceed]_d50selectOnKey[param0]knowledge
[throwable.getMessage()] テーブル "SYSTEMS" が見つかりません
Table "SYSTEMS" not found; SQL statement:
SELECT * FROM SYSTEMS WHERE SYSTEM_NAME = ?  AND DELETE_FLAG = 0 [42102-196] [cause] テーブル "SYSTEMS" が見つかりません
Table "SYSTEMS" not found; SQL statement:
SELECT * FROM SYSTEMS WHERE SYSTEM_NAME = ?  AND DELETE_FLAG = 0 [42102-196]
----- SQL Infomation -----
[sql]SELECT * FROM SYSTEMS WHERE SYSTEM_NAME = ?  AND DELETE_FLAG = 0
[params]
	[params][0]knowledge
[execute]SELECT * FROM SYSTEMS WHERE SYSTEM_NAME = knowledge  AND DELETE_FLAG = 0

INFO  2018-05-01 14:28:34,726 InitializeDao(43) Database initialize start.
INFO  2018-05-01 14:28:34,821 InitializeDao(49) /org/support/project/web/database/ddl.sql is loaded.
INFO  2018-05-01 14:28:34,969 InitializeDao(49) /org/support/project/knowledge/database/ddl.sql is loaded.
INFO  2018-05-01 14:28:34,973 InitializeDao(49) /org/support/project/knowledge/database/init_datas.sql is loaded.
INFO  2018-05-01 14:28:34,973 InitializeDao(51) Database initialize finish.
INFO  2018-05-01 14:28:35,078 InitDB(203) Migrate to 1.13.0
INFO  2018-05-01 14:28:35,831 TestWatcher(24) @@@@@@ TEST START - org.support.project.knowledge.logic.MailEventLogicTest#testNotifyEvents
INFO  2018-05-01 14:28:35,839 TestWatcher(32) @@@@@@ TEST FINISHED - 8 [ms]  -  org.support.project.knowledge.logic.MailEventLogicTest#testNotifyEvents
INFO  2018-05-01 14:28:35,840 TestWatcher(24) @@@@@@ TEST START - org.support.project.knowledge.logic.MailEventLogicTest#testNotifyEvents2
INFO  2018-05-01 14:28:35,950 TestWatcher(32) @@@@@@ TEST FINISHED - 110 [ms]  -  org.support.project.knowledge.logic.MailEventLogicTest#testNotifyEvents2
INFO  2018-05-01 14:28:35,951 TestWatcher(24) @@@@@@ TEST START - org.support.project.knowledge.logic.MailEventLogicTest#testNotifyEvents3
INFO  2018-05-01 14:28:36,037 EventNotificationByMinute(41) イベントのメール通知 [ID] 2 [Timing] 30分前
INFO  2018-05-01 14:28:36,071 MailEventLogicTest(295) {"content":"\nテストユーザ1 様\n\nあなたの ストック中 の以下のイベントが もうすぐ 開催されます。\nイベントの詳細は以下のURLをご確認ください。\n\nhttp://localhost:8080/knowledge/open.knowledge/view/2\n\n------------------------------------------\n#2: Sample3\n\n開催日時: 2018-05-01 05:33 - 24:00\n開催場所: 第1会議室\nステータス: ストック中\n\n------------------------------------------\n※本メールはシステムより自動で送信されています。\n このメールに対する返信は出来ませんので御了承ください。\n","deleteFlag":0,"fromAddress":null,"fromName":null,"insertDatetime":1525152516061,"insertUser":2,"keyValues":["Notify-20180501052836-33ae5b60-fc43-4743-9889-aa92af07534a"],"mailId":"Notify-20180501052836-33ae5b60-fc43-4743-9889-aa92af07534a","rowId":"AC715242FAA6E29122849D7229A2F3E7","status":0,"title":"[Knowledge] 開催通知 2018-05-01 05:33 #2: Sample3","toAddress":"sample@example.com","toName":"テストユーザ1","updateDatetime":1525152516061,"updateUser":2}
INFO  2018-05-01 14:28:36,072 TestWatcher(32) @@@@@@ TEST FINISHED - 121 [ms]  -  org.support.project.knowledge.logic.MailEventLogicTest#testNotifyEvents3
INFO  2018-05-01 14:28:36,155 TestCommon(153) init data
INFO  2018-05-01 14:28:36,287 InitDB(107) migrate is start.
INFO  2018-05-01 14:28:36,291 InitDB(141) Lastest database version is 1.13.0 now
INFO  2018-05-01 14:28:36,293 Intercepter(213) error. [object]class org.support.project.web.dao.SystemsDao_$$_jvstc5c_0[proceed]_d17executeQuerySingle[param0]SELECT * FROM SYSTEMS WHERE SYSTEM_NAME = ?  AND DELETE_FLAG = 0[param1]class org.support.project.web.entity.SystemsEntity[param2][Ljava.lang.Object;@63dda940
[throwable.getMessage()] テーブル "SYSTEMS" が見つかりません
Table "SYSTEMS" not found; SQL statement:
SELECT * FROM SYSTEMS WHERE SYSTEM_NAME = ?  AND DELETE_FLAG = 0 [42102-196] [cause] テーブル "SYSTEMS" が見つかりません
Table "SYSTEMS" not found; SQL statement:
SELECT * FROM SYSTEMS WHERE SYSTEM_NAME = ?  AND DELETE_FLAG = 0 [42102-196]
----- SQL Infomation -----
[sql]SELECT * FROM SYSTEMS WHERE SYSTEM_NAME = ?  AND DELETE_FLAG = 0
[params]
	[params][0]knowledge
[execute]SELECT * FROM SYSTEMS WHERE SYSTEM_NAME = knowledge  AND DELETE_FLAG = 0

ERROR 2018-05-01 14:28:36,294 Transaction(58) Error(Rollback) : org.support.project.web.dao.SystemsDao_$$_jvstc5c_0#_d50selectOnKey
INFO  2018-05-01 14:28:36,295 Intercepter(213) error. [object]class org.support.project.web.dao.SystemsDao_$$_jvstc5c_0[proceed]_d50selectOnKey[param0]knowledge
[throwable.getMessage()] テーブル "SYSTEMS" が見つかりません
Table "SYSTEMS" not found; SQL statement:
SELECT * FROM SYSTEMS WHERE SYSTEM_NAME = ?  AND DELETE_FLAG = 0 [42102-196] [cause] テーブル "SYSTEMS" が見つかりません
Table "SYSTEMS" not found; SQL statement:
SELECT * FROM SYSTEMS WHERE SYSTEM_NAME = ?  AND DELETE_FLAG = 0 [42102-196]
----- SQL Infomation -----
[sql]SELECT * FROM SYSTEMS WHERE SYSTEM_NAME = ?  AND DELETE_FLAG = 0
[params]
	[params][0]knowledge
[execute]SELECT * FROM SYSTEMS WHERE SYSTEM_NAME = knowledge  AND DELETE_FLAG = 0

INFO  2018-05-01 14:28:36,308 InitializeDao(43) Database initialize start.
INFO  2018-05-01 14:28:36,396 InitializeDao(49) /org/support/project/web/database/ddl.sql is loaded.
INFO  2018-05-01 14:28:36,506 InitializeDao(49) /org/support/project/knowledge/database/ddl.sql is loaded.
INFO  2018-05-01 14:28:36,510 InitializeDao(49) /org/support/project/knowledge/database/init_datas.sql is loaded.
INFO  2018-05-01 14:28:36,510 InitializeDao(51) Database initialize finish.
INFO  2018-05-01 14:28:36,610 InitDB(203) Migrate to 1.13.0
INFO  2018-05-01 14:28:37,369 TestWatcher(24) @@@@@@ TEST START - org.support.project.knowledge.test.control.open.KnowledgeControlTest#testView
INFO  2018-05-01 14:28:37,374 TestWatcher(32) @@@@@@ TEST FINISHED - 5 [ms]  -  org.support.project.knowledge.test.control.open.KnowledgeControlTest#testView
INFO  2018-05-01 14:28:37,374 TestWatcher(24) @@@@@@ TEST START - org.support.project.knowledge.test.control.open.KnowledgeControlTest#testList
INFO  2018-05-01 14:28:37,381 TestWatcher(32) @@@@@@ TEST FINISHED - 7 [ms]  -  org.support.project.knowledge.test.control.open.KnowledgeControlTest#testList
INFO  2018-05-01 14:28:37,412 TestCommon(153) init data
INFO  2018-05-01 14:28:37,534 InitDB(107) migrate is start.
INFO  2018-05-01 14:28:37,535 InitDB(141) Lastest database version is 1.13.0 now
INFO  2018-05-01 14:28:37,536 Intercepter(213) error. [object]class org.support.project.web.dao.SystemsDao_$$_jvstc5c_0[proceed]_d17executeQuerySingle[param0]SELECT * FROM SYSTEMS WHERE SYSTEM_NAME = ?  AND DELETE_FLAG = 0[param1]class org.support.project.web.entity.SystemsEntity[param2][Ljava.lang.Object;@28cb86b2
[throwable.getMessage()] テーブル "SYSTEMS" が見つかりません
Table "SYSTEMS" not found; SQL statement:
SELECT * FROM SYSTEMS WHERE SYSTEM_NAME = ?  AND DELETE_FLAG = 0 [42102-196] [cause] テーブル "SYSTEMS" が見つかりません
Table "SYSTEMS" not found; SQL statement:
SELECT * FROM SYSTEMS WHERE SYSTEM_NAME = ?  AND DELETE_FLAG = 0 [42102-196]
----- SQL Infomation -----
[sql]SELECT * FROM SYSTEMS WHERE SYSTEM_NAME = ?  AND DELETE_FLAG = 0
[params]
	[params][0]knowledge
[execute]SELECT * FROM SYSTEMS WHERE SYSTEM_NAME = knowledge  AND DELETE_FLAG = 0

ERROR 2018-05-01 14:28:37,537 Transaction(58) Error(Rollback) : org.support.project.web.dao.SystemsDao_$$_jvstc5c_0#_d50selectOnKey
INFO  2018-05-01 14:28:37,537 Intercepter(213) error. [object]class org.support.project.web.dao.SystemsDao_$$_jvstc5c_0[proceed]_d50selectOnKey[param0]knowledge
[throwable.getMessage()] テーブル "SYSTEMS" が見つかりません
Table "SYSTEMS" not found; SQL statement:
SELECT * FROM SYSTEMS WHERE SYSTEM_NAME = ?  AND DELETE_FLAG = 0 [42102-196] [cause] テーブル "SYSTEMS" が見つかりません
Table "SYSTEMS" not found; SQL statement:
SELECT * FROM SYSTEMS WHERE SYSTEM_NAME = ?  AND DELETE_FLAG = 0 [42102-196]
----- SQL Infomation -----
[sql]SELECT * FROM SYSTEMS WHERE SYSTEM_NAME = ?  AND DELETE_FLAG = 0
[params]
	[params][0]knowledge
[execute]SELECT * FROM SYSTEMS WHERE SYSTEM_NAME = knowledge  AND DELETE_FLAG = 0

INFO  2018-05-01 14:28:37,549 InitializeDao(43) Database initialize start.
INFO  2018-05-01 14:28:37,620 InitializeDao(49) /org/support/project/web/database/ddl.sql is loaded.
INFO  2018-05-01 14:28:37,752 InitializeDao(49) /org/support/project/knowledge/database/ddl.sql is loaded.
INFO  2018-05-01 14:28:37,758 InitializeDao(49) /org/support/project/knowledge/database/init_datas.sql is loaded.
INFO  2018-05-01 14:28:37,758 InitializeDao(51) Database initialize finish.
INFO  2018-05-01 14:28:37,849 InitDB(203) Migrate to 1.13.0
INFO  2018-05-01 14:28:38,575 TestWatcher(24) @@@@@@ TEST START - org.support.project.knowledge.integration.IntegrationStockTest#testUserInsert
INFO  2018-05-01 14:28:38,575 IntegrationStockTest(50) ユーザ登録
INFO  2018-05-01 14:28:38,705 TestWatcher(32) @@@@@@ TEST FINISHED - 130 [ms]  -  org.support.project.knowledge.integration.IntegrationStockTest#testUserInsert
INFO  2018-05-01 14:28:38,705 TestWatcher(24) @@@@@@ TEST START - org.support.project.knowledge.integration.IntegrationStockTest#testPost
INFO  2018-05-01 14:28:38,744 IntegrationCommon(173) {"children":[],"code":200,"message":"登録しました。","result":"1","status":0}
INFO  2018-05-01 14:28:38,845 AbstractBat(31) NotifyMailBat is start.
INFO  2018-05-01 14:28:38,846 NotifyMailBat(52) Notify process started.
INFO  2018-05-01 14:28:38,867 NotifyMailBat(70) Notify process finished. count: 1
INFO  2018-05-01 14:28:38,867 NotifyMailBat(72) Notify event started.
INFO  2018-05-01 14:28:38,869 NotifyMailBat(74) Notify event finished.
INFO  2018-05-01 14:28:38,869 AbstractBat(43) Finished
INFO  2018-05-01 14:28:38,884 TestWatcher(32) @@@@@@ TEST FINISHED - 179 [ms]  -  org.support.project.knowledge.integration.IntegrationStockTest#testPost
INFO  2018-05-01 14:28:38,885 TestWatcher(24) @@@@@@ TEST START - org.support.project.knowledge.integration.IntegrationStockTest#testCheckListEmpty
INFO  2018-05-01 14:28:38,889 TestWatcher(32) @@@@@@ TEST FINISHED - 4 [ms]  -  org.support.project.knowledge.integration.IntegrationStockTest#testCheckListEmpty
INFO  2018-05-01 14:28:38,890 TestWatcher(24) @@@@@@ TEST START - org.support.project.knowledge.integration.IntegrationStockTest#testCreateStock
INFO  2018-05-01 14:28:38,908 TestWatcher(32) @@@@@@ TEST FINISHED - 18 [ms]  -  org.support.project.knowledge.integration.IntegrationStockTest#testCreateStock
INFO  2018-05-01 14:28:38,908 TestWatcher(24) @@@@@@ TEST START - org.support.project.knowledge.integration.IntegrationStockTest#testCheckStockEmpty
INFO  2018-05-01 14:28:38,916 TestWatcher(32) @@@@@@ TEST FINISHED - 8 [ms]  -  org.support.project.knowledge.integration.IntegrationStockTest#testCheckStockEmpty
INFO  2018-05-01 14:28:38,916 TestWatcher(24) @@@@@@ TEST START - org.support.project.knowledge.integration.IntegrationStockTest#testStock
INFO  2018-05-01 14:28:38,955 IntegrationStockTest(200) {"children":[],"code":200,"message":"保存しました。","result":"saved","status":0}
INFO  2018-05-01 14:28:38,955 TestWatcher(32) @@@@@@ TEST FINISHED - 39 [ms]  -  org.support.project.knowledge.integration.IntegrationStockTest#testStock
INFO  2018-05-01 14:28:38,956 TestWatcher(24) @@@@@@ TEST START - org.support.project.knowledge.integration.IntegrationStockTest#testCheckStockStored
INFO  2018-05-01 14:28:38,962 TestWatcher(32) @@@@@@ TEST FINISHED - 6 [ms]  -  org.support.project.knowledge.integration.IntegrationStockTest#testCheckStockStored
INFO  2018-05-01 14:28:38,962 TestWatcher(24) @@@@@@ TEST START - org.support.project.knowledge.integration.IntegrationStockTest#testAssertAfterStock
INFO  2018-05-01 14:28:39,019 TestWatcher(32) @@@@@@ TEST FINISHED - 57 [ms]  -  org.support.project.knowledge.integration.IntegrationStockTest#testAssertAfterStock
INFO  2018-05-01 14:28:39,020 TestWatcher(24) @@@@@@ TEST START - org.support.project.knowledge.integration.IntegrationStockTest#testAggregate
INFO  2018-05-01 14:28:39,024 AggregateLogic(104) Set view count to Knowledge
WARN  2018-05-01 14:28:39,231 UserConfigsDao(33) Remove all user config on POINT
WARN  2018-05-01 14:28:39,233 PointKnowledgeHistoriesDao(63) Remove all point knowledge histories
WARN  2018-05-01 14:28:39,234 PointUserHistoriesDao(89) Remove all point user histories
WARN  2018-05-01 14:28:39,235 ActivitiesDao(89) Remove all activities
INFO  2018-05-01 14:28:39,236 AggregateLogic(426) Aggregate point by knowledge insert
INFO  2018-05-01 14:28:39,453 AggregateLogic(389) Aggregate point by knowledge show
INFO  2018-05-01 14:28:39,783 AggregateLogic(352) Aggregate point by knowledge like
INFO  2018-05-01 14:28:39,888 AggregateLogic(314) Aggregate point by knowledge stock
INFO  2018-05-01 14:28:40,114 AggregateLogic(276) Aggregate point by knowledge answer
INFO  2018-05-01 14:28:40,225 AggregateLogic(239) Aggregate point by knowledge join event
INFO  2018-05-01 14:28:40,332 AggregateLogic(207) Aggregate point by comment insert
INFO  2018-05-01 14:28:40,436 AggregateLogic(169) Aggregate point by comment like
INFO  2018-05-01 14:28:40,544 AggregateLogic(123) Recalc user cp
INFO  2018-05-01 14:28:40,547 AggregateLogic(139)   Recalculation total point. [user]1
INFO  2018-05-01 14:28:40,759 AggregateLogic(139)   Recalculation total point. [user]2
INFO  2018-05-01 14:28:40,969 AggregateLogic(139)   Recalculation total point. [user]3
INFO  2018-05-01 14:28:41,179 AggregateLogic(139)   Recalculation total point. [user]4
INFO  2018-05-01 14:28:41,385 AggregateLogic(139)   Recalculation total point. [user]5
INFO  2018-05-01 14:28:41,593 AggregateLogic(139)   Recalculation total point. [user]6
INFO  2018-05-01 14:28:41,802 AggregateLogic(139)   Recalculation total point. [user]7
INFO  2018-05-01 14:28:42,012 AggregateLogic(139)   Recalculation total point. [user]8
INFO  2018-05-01 14:28:42,537 AggregateLogic(139)   Recalculation total point. [user]9
INFO  2018-05-01 14:28:43,009 TestWatcher(32) @@@@@@ TEST FINISHED - 3989 [ms]  -  org.support.project.knowledge.integration.IntegrationStockTest#testAggregate
INFO  2018-05-01 14:28:43,010 TestWatcher(24) @@@@@@ TEST START - org.support.project.knowledge.integration.IntegrationStockTest#testRemoveStock
INFO  2018-05-01 14:28:43,114 IntegrationStockTest(289) {"children":[],"code":200,"message":"保存しました。","result":"saved","status":0}
INFO  2018-05-01 14:28:43,114 TestWatcher(32) @@@@@@ TEST FINISHED - 104 [ms]  -  org.support.project.knowledge.integration.IntegrationStockTest#testRemoveStock
INFO  2018-05-01 14:28:43,115 TestWatcher(24) @@@@@@ TEST START - org.support.project.knowledge.integration.IntegrationStockTest#testCheckStockRemoved
INFO  2018-05-01 14:28:43,125 TestWatcher(32) @@@@@@ TEST FINISHED - 10 [ms]  -  org.support.project.knowledge.integration.IntegrationStockTest#testCheckStockRemoved
INFO  2018-05-01 14:28:43,126 TestWatcher(24) @@@@@@ TEST START - org.support.project.knowledge.integration.IntegrationStockTest#testAssertAfterRemove
INFO  2018-05-01 14:28:43,270 TestWatcher(32) @@@@@@ TEST FINISHED - 144 [ms]  -  org.support.project.knowledge.integration.IntegrationStockTest#testAssertAfterRemove
INFO  2018-05-01 14:28:43,271 TestWatcher(24) @@@@@@ TEST START - org.support.project.knowledge.integration.IntegrationStockTest#testUpdateStock
INFO  2018-05-01 14:28:43,328 TestWatcher(32) @@@@@@ TEST FINISHED - 57 [ms]  -  org.support.project.knowledge.integration.IntegrationStockTest#testUpdateStock
INFO  2018-05-01 14:28:43,328 TestWatcher(24) @@@@@@ TEST START - org.support.project.knowledge.integration.IntegrationStockTest#testDeleteStock
INFO  2018-05-01 14:28:43,351 TestWatcher(32) @@@@@@ TEST FINISHED - 23 [ms]  -  org.support.project.knowledge.integration.IntegrationStockTest#testDeleteStock
INFO  2018-05-01 14:28:43,351 TestWatcher(24) @@@@@@ TEST START - org.support.project.knowledge.integration.IntegrationStockTest#testActivityHistory
INFO  2018-05-01 14:28:43,475 TestWatcher(32) @@@@@@ TEST FINISHED - 124 [ms]  -  org.support.project.knowledge.integration.IntegrationStockTest#testActivityHistory
INFO  2018-05-01 14:28:43,476 TestWatcher(24) @@@@@@ TEST START - org.support.project.knowledge.integration.IntegrationStockTest#testAggregate2
INFO  2018-05-01 14:28:43,477 AggregateLogic(104) Set view count to Knowledge
WARN  2018-05-01 14:28:43,695 UserConfigsDao(33) Remove all user config on POINT
WARN  2018-05-01 14:28:43,703 PointKnowledgeHistoriesDao(63) Remove all point knowledge histories
WARN  2018-05-01 14:28:43,711 PointUserHistoriesDao(89) Remove all point user histories
WARN  2018-05-01 14:28:43,725 ActivitiesDao(89) Remove all activities
INFO  2018-05-01 14:28:43,726 AggregateLogic(426) Aggregate point by knowledge insert
INFO  2018-05-01 14:28:43,946 AggregateLogic(389) Aggregate point by knowledge show
INFO  2018-05-01 14:28:44,296 AggregateLogic(352) Aggregate point by knowledge like
INFO  2018-05-01 14:28:44,400 AggregateLogic(314) Aggregate point by knowledge stock
INFO  2018-05-01 14:28:44,504 AggregateLogic(276) Aggregate point by knowledge answer
INFO  2018-05-01 14:28:44,607 AggregateLogic(239) Aggregate point by knowledge join event
INFO  2018-05-01 14:28:44,711 AggregateLogic(207) Aggregate point by comment insert
INFO  2018-05-01 14:28:44,816 AggregateLogic(169) Aggregate point by comment like
INFO  2018-05-01 14:28:44,927 AggregateLogic(123) Recalc user cp
INFO  2018-05-01 14:28:44,929 AggregateLogic(139)   Recalculation total point. [user]1
INFO  2018-05-01 14:28:45,137 AggregateLogic(139)   Recalculation total point. [user]2
INFO  2018-05-01 14:28:45,345 AggregateLogic(139)   Recalculation total point. [user]3
INFO  2018-05-01 14:28:45,555 AggregateLogic(139)   Recalculation total point. [user]4
INFO  2018-05-01 14:28:45,762 AggregateLogic(139)   Recalculation total point. [user]5
INFO  2018-05-01 14:28:45,973 AggregateLogic(139)   Recalculation total point. [user]6
INFO  2018-05-01 14:28:46,179 AggregateLogic(139)   Recalculation total point. [user]7
INFO  2018-05-01 14:28:46,390 AggregateLogic(139)   Recalculation total point. [user]8
INFO  2018-05-01 14:28:46,817 AggregateLogic(139)   Recalculation total point. [user]9
INFO  2018-05-01 14:28:47,275 TestWatcher(32) @@@@@@ TEST FINISHED - 3799 [ms]  -  org.support.project.knowledge.integration.IntegrationStockTest#testAggregate2
INFO  2018-05-01 14:28:47,311 TestCommon(153) init data
INFO  2018-05-01 14:28:47,439 InitDB(107) migrate is start.
INFO  2018-05-01 14:28:47,446 InitDB(141) Lastest database version is 1.13.0 now
INFO  2018-05-01 14:28:47,447 Intercepter(213) error. [object]class org.support.project.web.dao.SystemsDao_$$_jvstc5c_0[proceed]_d17executeQuerySingle[param0]SELECT * FROM SYSTEMS WHERE SYSTEM_NAME = ?  AND DELETE_FLAG = 0[param1]class org.support.project.web.entity.SystemsEntity[param2][Ljava.lang.Object;@2036f83
[throwable.getMessage()] テーブル "SYSTEMS" が見つかりません
Table "SYSTEMS" not found; SQL statement:
SELECT * FROM SYSTEMS WHERE SYSTEM_NAME = ?  AND DELETE_FLAG = 0 [42102-196] [cause] テーブル "SYSTEMS" が見つかりません
Table "SYSTEMS" not found; SQL statement:
SELECT * FROM SYSTEMS WHERE SYSTEM_NAME = ?  AND DELETE_FLAG = 0 [42102-196]
----- SQL Infomation -----
[sql]SELECT * FROM SYSTEMS WHERE SYSTEM_NAME = ?  AND DELETE_FLAG = 0
[params]
	[params][0]knowledge
[execute]SELECT * FROM SYSTEMS WHERE SYSTEM_NAME = knowledge  AND DELETE_FLAG = 0

ERROR 2018-05-01 14:28:47,447 Transaction(58) Error(Rollback) : org.support.project.web.dao.SystemsDao_$$_jvstc5c_0#_d50selectOnKey
INFO  2018-05-01 14:28:47,448 Intercepter(213) error. [object]class org.support.project.web.dao.SystemsDao_$$_jvstc5c_0[proceed]_d50selectOnKey[param0]knowledge
[throwable.getMessage()] テーブル "SYSTEMS" が見つかりません
Table "SYSTEMS" not found; SQL statement:
SELECT * FROM SYSTEMS WHERE SYSTEM_NAME = ?  AND DELETE_FLAG = 0 [42102-196] [cause] テーブル "SYSTEMS" が見つかりません
Table "SYSTEMS" not found; SQL statement:
SELECT * FROM SYSTEMS WHERE SYSTEM_NAME = ?  AND DELETE_FLAG = 0 [42102-196]
----- SQL Infomation -----
[sql]SELECT * FROM SYSTEMS WHERE SYSTEM_NAME = ?  AND DELETE_FLAG = 0
[params]
	[params][0]knowledge
[execute]SELECT * FROM SYSTEMS WHERE SYSTEM_NAME = knowledge  AND DELETE_FLAG = 0

INFO  2018-05-01 14:28:47,456 InitializeDao(43) Database initialize start.
INFO  2018-05-01 14:28:47,511 InitializeDao(49) /org/support/project/web/database/ddl.sql is loaded.
INFO  2018-05-01 14:28:47,613 InitializeDao(49) /org/support/project/knowledge/database/ddl.sql is loaded.
INFO  2018-05-01 14:28:47,616 InitializeDao(49) /org/support/project/knowledge/database/init_datas.sql is loaded.
INFO  2018-05-01 14:28:47,617 InitializeDao(51) Database initialize finish.
INFO  2018-05-01 14:28:47,693 InitDB(203) Migrate to 1.13.0
INFO  2018-05-01 14:28:48,425 TestWatcher(24) @@@@@@ TEST START - org.support.project.knowledge.logic.MarkdownLogicTest#testMarkdJ1
INFO  2018-05-01 14:28:48,439 TestWatcher(32) @@@@@@ TEST FINISHED - 14 [ms]  -  org.support.project.knowledge.logic.MarkdownLogicTest#testMarkdJ1
INFO  2018-05-01 14:28:48,440 TestWatcher(24) @@@@@@ TEST START - org.support.project.knowledge.logic.MarkdownLogicTest#testMarkdJDel
INFO  2018-05-01 14:28:48,441 TestWatcher(32) @@@@@@ TEST FINISHED - 1 [ms]  -  org.support.project.knowledge.logic.MarkdownLogicTest#testMarkdJDel
INFO  2018-05-01 14:28:48,442 TestWatcher(24) @@@@@@ TEST START - org.support.project.knowledge.logic.MarkdownLogicTest#testMarkdJLink
INFO  2018-05-01 14:28:48,443 TestWatcher(32) @@@@@@ TEST FINISHED - 1 [ms]  -  org.support.project.knowledge.logic.MarkdownLogicTest#testMarkdJLink
INFO  2018-05-01 14:28:48,443 TestWatcher(24) @@@@@@ TEST START - org.support.project.knowledge.logic.MarkdownLogicTest#testUNC
INFO  2018-05-01 14:28:48,444 TestWatcher(32) @@@@@@ TEST FINISHED - 1 [ms]  -  org.support.project.knowledge.logic.MarkdownLogicTest#testUNC
INFO  2018-05-01 14:28:48,444 TestWatcher(24) @@@@@@ TEST START - org.support.project.knowledge.logic.MarkdownLogicTest#testAmp
INFO  2018-05-01 14:28:48,445 TestWatcher(32) @@@@@@ TEST FINISHED - 1 [ms]  -  org.support.project.knowledge.logic.MarkdownLogicTest#testAmp
INFO  2018-05-01 14:28:48,474 TestCommon(153) init data
INFO  2018-05-01 14:28:48,607 InitDB(107) migrate is start.
INFO  2018-05-01 14:28:48,608 InitDB(141) Lastest database version is 1.13.0 now
INFO  2018-05-01 14:28:48,609 Intercepter(213) error. [object]class org.support.project.web.dao.SystemsDao_$$_jvstc5c_0[proceed]_d17executeQuerySingle[param0]SELECT * FROM SYSTEMS WHERE SYSTEM_NAME = ?  AND DELETE_FLAG = 0[param1]class org.support.project.web.entity.SystemsEntity[param2][Ljava.lang.Object;@69d2e517
[throwable.getMessage()] テーブル "SYSTEMS" が見つかりません
Table "SYSTEMS" not found; SQL statement:
SELECT * FROM SYSTEMS WHERE SYSTEM_NAME = ?  AND DELETE_FLAG = 0 [42102-196] [cause] テーブル "SYSTEMS" が見つかりません
Table "SYSTEMS" not found; SQL statement:
SELECT * FROM SYSTEMS WHERE SYSTEM_NAME = ?  AND DELETE_FLAG = 0 [42102-196]
----- SQL Infomation -----
[sql]SELECT * FROM SYSTEMS WHERE SYSTEM_NAME = ?  AND DELETE_FLAG = 0
[params]
	[params][0]knowledge
[execute]SELECT * FROM SYSTEMS WHERE SYSTEM_NAME = knowledge  AND DELETE_FLAG = 0

ERROR 2018-05-01 14:28:48,609 Transaction(58) Error(Rollback) : org.support.project.web.dao.SystemsDao_$$_jvstc5c_0#_d50selectOnKey
INFO  2018-05-01 14:28:48,609 Intercepter(213) error. [object]class org.support.project.web.dao.SystemsDao_$$_jvstc5c_0[proceed]_d50selectOnKey[param0]knowledge
[throwable.getMessage()] テーブル "SYSTEMS" が見つかりません
Table "SYSTEMS" not found; SQL statement:
SELECT * FROM SYSTEMS WHERE SYSTEM_NAME = ?  AND DELETE_FLAG = 0 [42102-196] [cause] テーブル "SYSTEMS" が見つかりません
Table "SYSTEMS" not found; SQL statement:
SELECT * FROM SYSTEMS WHERE SYSTEM_NAME = ?  AND DELETE_FLAG = 0 [42102-196]
----- SQL Infomation -----
[sql]SELECT * FROM SYSTEMS WHERE SYSTEM_NAME = ?  AND DELETE_FLAG = 0
[params]
	[params][0]knowledge
[execute]SELECT * FROM SYSTEMS WHERE SYSTEM_NAME = knowledge  AND DELETE_FLAG = 0

INFO  2018-05-01 14:28:48,618 InitializeDao(43) Database initialize start.
INFO  2018-05-01 14:28:48,673 InitializeDao(49) /org/support/project/web/database/ddl.sql is loaded.
INFO  2018-05-01 14:28:48,808 InitializeDao(49) /org/support/project/knowledge/database/ddl.sql is loaded.
INFO  2018-05-01 14:28:48,811 InitializeDao(49) /org/support/project/knowledge/database/init_datas.sql is loaded.
INFO  2018-05-01 14:28:48,811 InitializeDao(51) Database initialize finish.
INFO  2018-05-01 14:28:48,863 InitDB(203) Migrate to 1.13.0
INFO  2018-05-01 14:28:49,586 TestWatcher(24) @@@@@@ TEST START - org.support.project.knowledge.logic.KnowledgeLogicTest#testInsert
ERROR 2018-05-01 14:28:49,606 TestWatcher(37) {"annotations":[{},{}],"children":[],"className":"org.support.project.knowledge.logic.KnowledgeLogicTest","displayName":"testInsert(org.support.project.knowledge.logic.KnowledgeLogicTest)","empty":false,"methodName":"testInsert","suite":false,"test":true,"testClass":"org.support.project.knowledge.logic.KnowledgeLogicTest"}
java.lang.AssertionError: [.anonymous] expected is null. but actual is not null.
	at org.support.project.common.test.AssertEx.eq(AssertEx.java:65)
	at org.support.project.common.test.AssertEx.eq(AssertEx.java:126)
	at org.support.project.common.test.AssertEx.eqdb(AssertEx.java:22)
	at org.support.project.knowledge.logic.KnowledgeLogicTest.testInsert(KnowledgeLogicTest.java:50)
	at org.junit.runners.model.FrameworkMethod$1.runReflectiveCall(FrameworkMethod.java:47)
	at org.junit.internal.runners.model.ReflectiveCallable.run(ReflectiveCallable.java:12)
	at org.junit.runners.model.FrameworkMethod.invokeExplosively(FrameworkMethod.java:44)
	at org.junit.internal.runners.statements.InvokeMethod.evaluate(InvokeMethod.java:17)
	at org.junit.internal.runners.statements.RunBefores.evaluate(RunBefores.java:26)
	at org.junit.internal.runners.statements.RunAfters.evaluate(RunAfters.java:27)
	at org.junit.rules.TestWatcher$1.evaluate(TestWatcher.java:55)
	at org.junit.rules.RunRules.evaluate(RunRules.java:20)
	at org.junit.runners.ParentRunner.runLeaf(ParentRunner.java:271)
	at org.junit.runners.BlockJUnit4ClassRunner.runChild(BlockJUnit4ClassRunner.java:70)
	at org.junit.runners.BlockJUnit4ClassRunner.runChild(BlockJUnit4ClassRunner.java:50)
	at org.junit.runners.ParentRunner$3.run(ParentRunner.java:238)
	at org.junit.runners.ParentRunner$1.schedule(ParentRunner.java:63)
	at org.junit.runners.ParentRunner.runChildren(ParentRunner.java:236)
	at org.junit.runners.ParentRunner.access$000(ParentRunner.java:53)
	at org.junit.runners.ParentRunner$2.evaluate(ParentRunner.java:229)
	at org.junit.internal.runners.statements.RunBefores.evaluate(RunBefores.java:26)
	at org.junit.internal.runners.statements.RunAfters.evaluate(RunAfters.java:27)
	at org.junit.runners.ParentRunner.run(ParentRunner.java:309)
	at org.eclipse.jdt.internal.junit4.runner.JUnit4TestReference.run(JUnit4TestReference.java:86)
	at org.eclipse.jdt.internal.junit.runner.TestExecution.run(TestExecution.java:38)
	at org.eclipse.jdt.internal.junit.runner.RemoteTestRunner.runTests(RemoteTestRunner.java:538)
	at org.eclipse.jdt.internal.junit.runner.RemoteTestRunner.runTests(RemoteTestRunner.java:760)
	at org.eclipse.jdt.internal.junit.runner.RemoteTestRunner.run(RemoteTestRunner.java:460)
	at org.eclipse.jdt.internal.junit.runner.RemoteTestRunner.main(RemoteTestRunner.java:206)
INFO  2018-05-01 14:28:49,607 TestWatcher(32) @@@@@@ TEST FINISHED - 21 [ms]  -  org.support.project.knowledge.logic.KnowledgeLogicTest#testInsert
INFO  2018-05-01 14:28:49,609 TestWatcher(24) @@@@@@ TEST START - org.support.project.knowledge.logic.KnowledgeLogicTest#testUpdate
ERROR 2018-05-01 14:28:49,636 TestWatcher(37) {"annotations":[{},{}],"children":[],"className":"org.support.project.knowledge.logic.KnowledgeLogicTest","displayName":"testUpdate(org.support.project.knowledge.logic.KnowledgeLogicTest)","empty":false,"methodName":"testUpdate","suite":false,"test":true,"testClass":"org.support.project.knowledge.logic.KnowledgeLogicTest"}
java.lang.AssertionError: [.anonymous] expected is null. but actual is not null.
	at org.support.project.common.test.AssertEx.eq(AssertEx.java:65)
	at org.support.project.common.test.AssertEx.eq(AssertEx.java:126)
	at org.support.project.common.test.AssertEx.eqdb(AssertEx.java:22)
	at org.support.project.knowledge.logic.KnowledgeLogicTest.testUpdate(KnowledgeLogicTest.java:78)
	at org.junit.runners.model.FrameworkMethod$1.runReflectiveCall(FrameworkMethod.java:47)
	at org.junit.internal.runners.model.ReflectiveCallable.run(ReflectiveCallable.java:12)
	at org.junit.runners.model.FrameworkMethod.invokeExplosively(FrameworkMethod.java:44)
	at org.junit.internal.runners.statements.InvokeMethod.evaluate(InvokeMethod.java:17)
	at org.junit.internal.runners.statements.RunBefores.evaluate(RunBefores.java:26)
	at org.junit.internal.runners.statements.RunAfters.evaluate(RunAfters.java:27)
	at org.junit.rules.TestWatcher$1.evaluate(TestWatcher.java:55)
	at org.junit.rules.RunRules.evaluate(RunRules.java:20)
	at org.junit.runners.ParentRunner.runLeaf(ParentRunner.java:271)
	at org.junit.runners.BlockJUnit4ClassRunner.runChild(BlockJUnit4ClassRunner.java:70)
	at org.junit.runners.BlockJUnit4ClassRunner.runChild(BlockJUnit4ClassRunner.java:50)
	at org.junit.runners.ParentRunner$3.run(ParentRunner.java:238)
	at org.junit.runners.ParentRunner$1.schedule(ParentRunner.java:63)
	at org.junit.runners.ParentRunner.runChildren(ParentRunner.java:236)
	at org.junit.runners.ParentRunner.access$000(ParentRunner.java:53)
	at org.junit.runners.ParentRunner$2.evaluate(ParentRunner.java:229)
	at org.junit.internal.runners.statements.RunBefores.evaluate(RunBefores.java:26)
	at org.junit.internal.runners.statements.RunAfters.evaluate(RunAfters.java:27)
	at org.junit.runners.ParentRunner.run(ParentRunner.java:309)
	at org.eclipse.jdt.internal.junit4.runner.JUnit4TestReference.run(JUnit4TestReference.java:86)
	at org.eclipse.jdt.internal.junit.runner.TestExecution.run(TestExecution.java:38)
	at org.eclipse.jdt.internal.junit.runner.RemoteTestRunner.runTests(RemoteTestRunner.java:538)
	at org.eclipse.jdt.internal.junit.runner.RemoteTestRunner.runTests(RemoteTestRunner.java:760)
	at org.eclipse.jdt.internal.junit.runner.RemoteTestRunner.run(RemoteTestRunner.java:460)
	at org.eclipse.jdt.internal.junit.runner.RemoteTestRunner.main(RemoteTestRunner.java:206)
INFO  2018-05-01 14:28:49,637 TestWatcher(32) @@@@@@ TEST FINISHED - 28 [ms]  -  org.support.project.knowledge.logic.KnowledgeLogicTest#testUpdate
INFO  2018-05-01 14:28:49,637 TestWatcher(24) @@@@@@ TEST START - org.support.project.knowledge.logic.KnowledgeLogicTest#testSearchKnowledge
ERROR 2018-05-01 14:28:49,638 TestWatcher(37) {"annotations":[{},{}],"children":[],"className":"org.support.project.knowledge.logic.KnowledgeLogicTest","displayName":"testSearchKnowledge(org.support.project.knowledge.logic.KnowledgeLogicTest)","empty":false,"methodName":"testSearchKnowledge","suite":false,"test":true,"testClass":"org.support.project.knowledge.logic.KnowledgeLogicTest"}
java.lang.IndexOutOfBoundsException: Index: 0, Size: 0
	at java.util.ArrayList.rangeCheck(ArrayList.java:653)
	at java.util.ArrayList.get(ArrayList.java:429)
	at org.support.project.knowledge.logic.KnowledgeLogicTest.testSearchKnowledge(KnowledgeLogicTest.java:103)
	at org.junit.runners.model.FrameworkMethod$1.runReflectiveCall(FrameworkMethod.java:47)
	at org.junit.internal.runners.model.ReflectiveCallable.run(ReflectiveCallable.java:12)
	at org.junit.runners.model.FrameworkMethod.invokeExplosively(FrameworkMethod.java:44)
	at org.junit.internal.runners.statements.InvokeMethod.evaluate(InvokeMethod.java:17)
	at org.junit.internal.runners.statements.RunBefores.evaluate(RunBefores.java:26)
	at org.junit.internal.runners.statements.RunAfters.evaluate(RunAfters.java:27)
	at org.junit.rules.TestWatcher$1.evaluate(TestWatcher.java:55)
	at org.junit.rules.RunRules.evaluate(RunRules.java:20)
	at org.junit.runners.ParentRunner.runLeaf(ParentRunner.java:271)
	at org.junit.runners.BlockJUnit4ClassRunner.runChild(BlockJUnit4ClassRunner.java:70)
	at org.junit.runners.BlockJUnit4ClassRunner.runChild(BlockJUnit4ClassRunner.java:50)
	at org.junit.runners.ParentRunner$3.run(ParentRunner.java:238)
	at org.junit.runners.ParentRunner$1.schedule(ParentRunner.java:63)
	at org.junit.runners.ParentRunner.runChildren(ParentRunner.java:236)
	at org.junit.runners.ParentRunner.access$000(ParentRunner.java:53)
	at org.junit.runners.ParentRunner$2.evaluate(ParentRunner.java:229)
	at org.junit.internal.runners.statements.RunBefores.evaluate(RunBefores.java:26)
	at org.junit.internal.runners.statements.RunAfters.evaluate(RunAfters.java:27)
	at org.junit.runners.ParentRunner.run(ParentRunner.java:309)
	at org.eclipse.jdt.internal.junit4.runner.JUnit4TestReference.run(JUnit4TestReference.java:86)
	at org.eclipse.jdt.internal.junit.runner.TestExecution.run(TestExecution.java:38)
	at org.eclipse.jdt.internal.junit.runner.RemoteTestRunner.runTests(RemoteTestRunner.java:538)
	at org.eclipse.jdt.internal.junit.runner.RemoteTestRunner.runTests(RemoteTestRunner.java:760)
	at org.eclipse.jdt.internal.junit.runner.RemoteTestRunner.run(RemoteTestRunner.java:460)
	at org.eclipse.jdt.internal.junit.runner.RemoteTestRunner.main(RemoteTestRunner.java:206)
INFO  2018-05-01 14:28:49,638 TestWatcher(32) @@@@@@ TEST FINISHED - 1 [ms]  -  org.support.project.knowledge.logic.KnowledgeLogicTest#testSearchKnowledge
INFO  2018-05-01 14:28:49,640 SanitizingLogicTest(73) testUNC
INFO  2018-05-01 14:28:49,641 SanitizingLogicTest(90) testFile
INFO  2018-05-01 14:28:49,642 SanitizingLogicTest(107) testSamba
INFO  2018-05-01 14:28:49,642 SanitizingLogicTest(124) testSamba
INFO  2018-05-01 14:28:49,678 TestCommon(153) init data
INFO  2018-05-01 14:28:49,806 InitDB(107) migrate is start.
INFO  2018-05-01 14:28:49,807 InitDB(141) Lastest database version is 1.13.0 now
INFO  2018-05-01 14:28:49,808 Intercepter(213) error. [object]class org.support.project.web.dao.SystemsDao_$$_jvstc5c_0[proceed]_d17executeQuerySingle[param0]SELECT * FROM SYSTEMS WHERE SYSTEM_NAME = ?  AND DELETE_FLAG = 0[param1]class org.support.project.web.entity.SystemsEntity[param2][Ljava.lang.Object;@194224ca
[throwable.getMessage()] テーブル "SYSTEMS" が見つかりません
Table "SYSTEMS" not found; SQL statement:
SELECT * FROM SYSTEMS WHERE SYSTEM_NAME = ?  AND DELETE_FLAG = 0 [42102-196] [cause] テーブル "SYSTEMS" が見つかりません
Table "SYSTEMS" not found; SQL statement:
SELECT * FROM SYSTEMS WHERE SYSTEM_NAME = ?  AND DELETE_FLAG = 0 [42102-196]
----- SQL Infomation -----
[sql]SELECT * FROM SYSTEMS WHERE SYSTEM_NAME = ?  AND DELETE_FLAG = 0
[params]
	[params][0]knowledge
[execute]SELECT * FROM SYSTEMS WHERE SYSTEM_NAME = knowledge  AND DELETE_FLAG = 0

ERROR 2018-05-01 14:28:49,808 Transaction(58) Error(Rollback) : org.support.project.web.dao.SystemsDao_$$_jvstc5c_0#_d50selectOnKey
INFO  2018-05-01 14:28:49,808 Intercepter(213) error. [object]class org.support.project.web.dao.SystemsDao_$$_jvstc5c_0[proceed]_d50selectOnKey[param0]knowledge
[throwable.getMessage()] テーブル "SYSTEMS" が見つかりません
Table "SYSTEMS" not found; SQL statement:
SELECT * FROM SYSTEMS WHERE SYSTEM_NAME = ?  AND DELETE_FLAG = 0 [42102-196] [cause] テーブル "SYSTEMS" が見つかりません
Table "SYSTEMS" not found; SQL statement:
SELECT * FROM SYSTEMS WHERE SYSTEM_NAME = ?  AND DELETE_FLAG = 0 [42102-196]
----- SQL Infomation -----
[sql]SELECT * FROM SYSTEMS WHERE SYSTEM_NAME = ?  AND DELETE_FLAG = 0
[params]
	[params][0]knowledge
[execute]SELECT * FROM SYSTEMS WHERE SYSTEM_NAME = knowledge  AND DELETE_FLAG = 0

INFO  2018-05-01 14:28:49,818 InitializeDao(43) Database initialize start.
INFO  2018-05-01 14:28:49,898 InitializeDao(49) /org/support/project/web/database/ddl.sql is loaded.
INFO  2018-05-01 14:28:50,062 InitializeDao(49) /org/support/project/knowledge/database/ddl.sql is loaded.
INFO  2018-05-01 14:28:50,065 InitializeDao(49) /org/support/project/knowledge/database/init_datas.sql is loaded.
INFO  2018-05-01 14:28:50,066 InitializeDao(51) Database initialize finish.
INFO  2018-05-01 14:28:50,148 InitDB(203) Migrate to 1.13.0
INFO  2018-05-01 14:28:50,888 TestWatcher(24) @@@@@@ TEST START - org.support.project.knowledge.logic.integration.PostCommentPublicLogicIntegrationTest#testUserInsert
INFO  2018-05-01 14:28:50,888 PostCommentPublicLogicIntegrationTest(55) ユーザ登録
INFO  2018-05-01 14:28:51,021 TestWatcher(32) @@@@@@ TEST FINISHED - 132 [ms]  -  org.support.project.knowledge.logic.integration.PostCommentPublicLogicIntegrationTest#testUserInsert
INFO  2018-05-01 14:28:51,021 TestWatcher(24) @@@@@@ TEST START - org.support.project.knowledge.logic.integration.PostCommentPublicLogicIntegrationTest#testInsertKnowledge
INFO  2018-05-01 14:28:51,021 PostCommentPublicLogicIntegrationTest(73) 記事投稿
INFO  2018-05-01 14:28:51,054 AbstractBat(31) NotifyMailBat is start.
INFO  2018-05-01 14:28:51,054 NotifyMailBat(52) Notify process started.
INFO  2018-05-01 14:28:51,077 NotifyMailBat(70) Notify process finished. count: 1
INFO  2018-05-01 14:28:51,078 NotifyMailBat(72) Notify event started.
INFO  2018-05-01 14:28:51,079 NotifyMailBat(74) Notify event finished.
INFO  2018-05-01 14:28:51,080 AbstractBat(43) Finished
INFO  2018-05-01 14:28:51,102 TestWatcher(32) @@@@@@ TEST FINISHED - 81 [ms]  -  org.support.project.knowledge.logic.integration.PostCommentPublicLogicIntegrationTest#testInsertKnowledge
INFO  2018-05-01 14:28:51,103 TestWatcher(24) @@@@@@ TEST START - org.support.project.knowledge.logic.integration.PostCommentPublicLogicIntegrationTest#testKnowledgeView
INFO  2018-05-01 14:28:51,103 PostCommentPublicLogicIntegrationTest(107) 記事を参照
INFO  2018-05-01 14:28:51,127 TestWatcher(32) @@@@@@ TEST FINISHED - 24 [ms]  -  org.support.project.knowledge.logic.integration.PostCommentPublicLogicIntegrationTest#testKnowledgeView
INFO  2018-05-01 14:28:51,144 TestWatcher(24) @@@@@@ TEST START - org.support.project.knowledge.logic.integration.PostCommentPublicLogicIntegrationTest#testInsertComment
INFO  2018-05-01 14:28:51,195 AbstractBat(31) NotifyMailBat is start.
INFO  2018-05-01 14:28:51,197 NotifyMailBat(52) Notify process started.
INFO  2018-05-01 14:28:51,235 NotifyMailBat(70) Notify process finished. count: 1
INFO  2018-05-01 14:28:51,235 NotifyMailBat(72) Notify event started.
INFO  2018-05-01 14:28:51,236 NotifyMailBat(74) Notify event finished.
INFO  2018-05-01 14:28:51,237 AbstractBat(43) Finished
INFO  2018-05-01 14:28:51,247 TestWatcher(32) @@@@@@ TEST FINISHED - 103 [ms]  -  org.support.project.knowledge.logic.integration.PostCommentPublicLogicIntegrationTest#testInsertComment
INFO  2018-05-01 14:28:51,311 TestCommon(153) init data
INFO  2018-05-01 14:28:51,442 InitDB(107) migrate is start.
INFO  2018-05-01 14:28:51,442 InitDB(141) Lastest database version is 1.13.0 now
INFO  2018-05-01 14:28:51,444 Intercepter(213) error. [object]class org.support.project.web.dao.SystemsDao_$$_jvstc5c_0[proceed]_d17executeQuerySingle[param0]SELECT * FROM SYSTEMS WHERE SYSTEM_NAME = ?  AND DELETE_FLAG = 0[param1]class org.support.project.web.entity.SystemsEntity[param2][Ljava.lang.Object;@7462ba4b
[throwable.getMessage()] テーブル "SYSTEMS" が見つかりません
Table "SYSTEMS" not found; SQL statement:
SELECT * FROM SYSTEMS WHERE SYSTEM_NAME = ?  AND DELETE_FLAG = 0 [42102-196] [cause] テーブル "SYSTEMS" が見つかりません
Table "SYSTEMS" not found; SQL statement:
SELECT * FROM SYSTEMS WHERE SYSTEM_NAME = ?  AND DELETE_FLAG = 0 [42102-196]
----- SQL Infomation -----
[sql]SELECT * FROM SYSTEMS WHERE SYSTEM_NAME = ?  AND DELETE_FLAG = 0
[params]
	[params][0]knowledge
[execute]SELECT * FROM SYSTEMS WHERE SYSTEM_NAME = knowledge  AND DELETE_FLAG = 0

ERROR 2018-05-01 14:28:51,444 Transaction(58) Error(Rollback) : org.support.project.web.dao.SystemsDao_$$_jvstc5c_0#_d50selectOnKey
INFO  2018-05-01 14:28:51,444 Intercepter(213) error. [object]class org.support.project.web.dao.SystemsDao_$$_jvstc5c_0[proceed]_d50selectOnKey[param0]knowledge
[throwable.getMessage()] テーブル "SYSTEMS" が見つかりません
Table "SYSTEMS" not found; SQL statement:
SELECT * FROM SYSTEMS WHERE SYSTEM_NAME = ?  AND DELETE_FLAG = 0 [42102-196] [cause] テーブル "SYSTEMS" が見つかりません
Table "SYSTEMS" not found; SQL statement:
SELECT * FROM SYSTEMS WHERE SYSTEM_NAME = ?  AND DELETE_FLAG = 0 [42102-196]
----- SQL Infomation -----
[sql]SELECT * FROM SYSTEMS WHERE SYSTEM_NAME = ?  AND DELETE_FLAG = 0
[params]
	[params][0]knowledge
[execute]SELECT * FROM SYSTEMS WHERE SYSTEM_NAME = knowledge  AND DELETE_FLAG = 0

INFO  2018-05-01 14:28:51,454 InitializeDao(43) Database initialize start.
INFO  2018-05-01 14:28:51,525 InitializeDao(49) /org/support/project/web/database/ddl.sql is loaded.
INFO  2018-05-01 14:28:51,662 InitializeDao(49) /org/support/project/knowledge/database/ddl.sql is loaded.
INFO  2018-05-01 14:28:51,666 InitializeDao(49) /org/support/project/knowledge/database/init_datas.sql is loaded.
INFO  2018-05-01 14:28:51,666 InitializeDao(51) Database initialize finish.
INFO  2018-05-01 14:28:51,747 InitDB(203) Migrate to 1.13.0
INFO  2018-05-01 14:28:52,474 TestWatcher(24) @@@@@@ TEST START - org.support.project.knowledge.integration.IntegrationNotificationTest#testUserInsert
INFO  2018-05-01 14:28:52,474 IntegrationNotificationTest(57) ユーザ登録
INFO  2018-05-01 14:28:52,600 TestWatcher(32) @@@@@@ TEST FINISHED - 126 [ms]  -  org.support.project.knowledge.integration.IntegrationNotificationTest#testUserInsert
INFO  2018-05-01 14:28:52,600 TestWatcher(24) @@@@@@ TEST START - org.support.project.knowledge.integration.IntegrationNotificationTest#testNotification
INFO  2018-05-01 14:28:52,638 IntegrationCommon(173) {"children":[],"code":200,"message":"登録しました。","result":"1","status":0}
INFO  2018-05-01 14:28:52,639 AbstractBat(31) NotifyMailBat is start.
INFO  2018-05-01 14:28:52,640 NotifyMailBat(52) Notify process started.
INFO  2018-05-01 14:28:52,659 NotifyMailBat(70) Notify process finished. count: 1
INFO  2018-05-01 14:28:52,659 NotifyMailBat(72) Notify event started.
INFO  2018-05-01 14:28:52,661 NotifyMailBat(74) Notify event finished.
INFO  2018-05-01 14:28:52,661 AbstractBat(43) Finished
INFO  2018-05-01 14:28:52,682 TestWatcher(32) @@@@@@ TEST FINISHED - 82 [ms]  -  org.support.project.knowledge.integration.IntegrationNotificationTest#testNotification
INFO  2018-05-01 14:28:52,682 TestWatcher(24) @@@@@@ TEST START - org.support.project.knowledge.integration.IntegrationNotificationTest#testReadAll
INFO  2018-05-01 14:28:52,723 IntegrationCommon(173) {"children":[],"code":200,"message":"登録しました。","result":"2","status":0}
INFO  2018-05-01 14:28:52,776 IntegrationCommon(173) {"children":[],"code":200,"message":"登録しました。","result":"3","status":0}
INFO  2018-05-01 14:28:52,820 IntegrationCommon(173) {"children":[],"code":200,"message":"登録しました。","result":"4","status":0}
INFO  2018-05-01 14:28:52,869 IntegrationCommon(173) {"children":[],"code":200,"message":"登録しました。","result":"5","status":0}
INFO  2018-05-01 14:28:52,923 IntegrationCommon(173) {"children":[],"code":200,"message":"登録しました。","result":"6","status":0}
INFO  2018-05-01 14:28:53,006 IntegrationCommon(173) {"children":[],"code":200,"message":"登録しました。","result":"7","status":0}
INFO  2018-05-01 14:28:53,042 Intercepter(213) error. [object]class org.support.project.knowledge.dao.KnowledgeUsersDao_$$_jvstc5c_11[proceed]_d18executeUpdate[param0]INSERT INTO KNOWLEDGE_USERS ( KNOWLEDGE_ID , USER_ID , INSERT_USER , INSERT_DATETIME , UPDATE_USER , UPDATE_DATETIME , DELETE_FLAG ) VALUES ( ? , ? , ? , ? , ? , ? , ? )[param1][Ljava.lang.Object;@6785df10
[throwable.getMessage()] 列 "KNOWLEDGE_ID" にはnull値が許されていません
NULL not allowed for column "KNOWLEDGE_ID"; SQL statement:
INSERT INTO KNOWLEDGE_USERS ( KNOWLEDGE_ID , USER_ID , INSERT_USER , INSERT_DATETIME , UPDATE_USER , UPDATE_DATETIME , DELETE_FLAG ) VALUES ( ? , ? , ? , ? , ? , ? , ? ) [23502-196] [cause] 列 "KNOWLEDGE_ID" にはnull値が許されていません
NULL not allowed for column "KNOWLEDGE_ID"; SQL statement:
INSERT INTO KNOWLEDGE_USERS ( KNOWLEDGE_ID , USER_ID , INSERT_USER , INSERT_DATETIME , UPDATE_USER , UPDATE_DATETIME , DELETE_FLAG ) VALUES ( ? , ? , ? , ? , ? , ? , ? ) [23502-196]
----- SQL Infomation -----
[sql]INSERT INTO KNOWLEDGE_USERS ( KNOWLEDGE_ID , USER_ID , INSERT_USER , INSERT_DATETIME , UPDATE_USER , UPDATE_DATETIME , DELETE_FLAG ) VALUES ( ? , ? , ? , ? , ? , ? , ? )
[params]
	[params][0]null
	[params][1]8
	[params][2]8
	[params][3]2018-05-01 05:28:53.038
	[params][4]8
	[params][5]2018-05-01 05:28:53.038
	[params][6]0
[execute]INSERT INTO KNOWLEDGE_USERS ( KNOWLEDGE_ID , USER_ID , INSERT_USER , INSERT_DATETIME , UPDATE_USER , UPDATE_DATETIME , DELETE_FLAG ) VALUES ( null , 8 , 8 , 2018-05-01 05:28:53.038 , 8 , 2018-05-01 05:28:53.038 , 0 )

INFO  2018-05-01 14:28:53,042 Intercepter(213) error. [object]class org.support.project.knowledge.dao.KnowledgeUsersDao_$$_jvstc5c_11[proceed]_d35physicalInsert[param0]knowledgeId = null
userId = 8
insertUser = 8
insertDatetime = 2018-05-01 05:28:53.038
updateUser = 8
updateDatetime = 2018-05-01 05:28:53.038
deleteFlag = 0

[throwable.getMessage()] 列 "KNOWLEDGE_ID" にはnull値が許されていません
NULL not allowed for column "KNOWLEDGE_ID"; SQL statement:
INSERT INTO KNOWLEDGE_USERS ( KNOWLEDGE_ID , USER_ID , INSERT_USER , INSERT_DATETIME , UPDATE_USER , UPDATE_DATETIME , DELETE_FLAG ) VALUES ( ? , ? , ? , ? , ? , ? , ? ) [23502-196] [cause] 列 "KNOWLEDGE_ID" にはnull値が許されていません
NULL not allowed for column "KNOWLEDGE_ID"; SQL statement:
INSERT INTO KNOWLEDGE_USERS ( KNOWLEDGE_ID , USER_ID , INSERT_USER , INSERT_DATETIME , UPDATE_USER , UPDATE_DATETIME , DELETE_FLAG ) VALUES ( ? , ? , ? , ? , ? , ? , ? ) [23502-196]
----- SQL Infomation -----
[sql]INSERT INTO KNOWLEDGE_USERS ( KNOWLEDGE_ID , USER_ID , INSERT_USER , INSERT_DATETIME , UPDATE_USER , UPDATE_DATETIME , DELETE_FLAG ) VALUES ( ? , ? , ? , ? , ? , ? , ? )
[params]
	[params][0]null
	[params][1]8
	[params][2]8
	[params][3]2018-05-01 05:28:53.038
	[params][4]8
	[params][5]2018-05-01 05:28:53.038
	[params][6]0
[execute]INSERT INTO KNOWLEDGE_USERS ( KNOWLEDGE_ID , USER_ID , INSERT_USER , INSERT_DATETIME , UPDATE_USER , UPDATE_DATETIME , DELETE_FLAG ) VALUES ( null , 8 , 8 , 2018-05-01 05:28:53.038 , 8 , 2018-05-01 05:28:53.038 , 0 )

INFO  2018-05-01 14:28:53,043 Intercepter(213) error. [object]class org.support.project.knowledge.dao.KnowledgeUsersDao_$$_jvstc5c_11[proceed]_d26insert[param0]8[param1]knowledgeId = null
userId = 8
insertUser = 8
insertDatetime = 2018-05-01 05:28:53.038
updateUser = 8
updateDatetime = 2018-05-01 05:28:53.038
deleteFlag = 0

[throwable.getMessage()] 列 "KNOWLEDGE_ID" にはnull値が許されていません
NULL not allowed for column "KNOWLEDGE_ID"; SQL statement:
INSERT INTO KNOWLEDGE_USERS ( KNOWLEDGE_ID , USER_ID , INSERT_USER , INSERT_DATETIME , UPDATE_USER , UPDATE_DATETIME , DELETE_FLAG ) VALUES ( ? , ? , ? , ? , ? , ? , ? ) [23502-196] [cause] 列 "KNOWLEDGE_ID" にはnull値が許されていません
NULL not allowed for column "KNOWLEDGE_ID"; SQL statement:
INSERT INTO KNOWLEDGE_USERS ( KNOWLEDGE_ID , USER_ID , INSERT_USER , INSERT_DATETIME , UPDATE_USER , UPDATE_DATETIME , DELETE_FLAG ) VALUES ( ? , ? , ? , ? , ? , ? , ? ) [23502-196]
----- SQL Infomation -----
[sql]INSERT INTO KNOWLEDGE_USERS ( KNOWLEDGE_ID , USER_ID , INSERT_USER , INSERT_DATETIME , UPDATE_USER , UPDATE_DATETIME , DELETE_FLAG ) VALUES ( ? , ? , ? , ? , ? , ? , ? )
[params]
	[params][0]null
	[params][1]8
	[params][2]8
	[params][3]2018-05-01 05:28:53.038
	[params][4]8
	[params][5]2018-05-01 05:28:53.038
	[params][6]0
[execute]INSERT INTO KNOWLEDGE_USERS ( KNOWLEDGE_ID , USER_ID , INSERT_USER , INSERT_DATETIME , UPDATE_USER , UPDATE_DATETIME , DELETE_FLAG ) VALUES ( null , 8 , 8 , 2018-05-01 05:28:53.038 , 8 , 2018-05-01 05:28:53.038 , 0 )

INFO  2018-05-01 14:28:53,043 Intercepter(213) error. [object]class org.support.project.knowledge.dao.KnowledgeUsersDao_$$_jvstc5c_11[proceed]_d27insert[param0]knowledgeId = null
userId = 8
insertUser = 8
insertDatetime = 2018-05-01 05:28:53.038
updateUser = 8
updateDatetime = 2018-05-01 05:28:53.038
deleteFlag = 0

[throwable.getMessage()] 列 "KNOWLEDGE_ID" にはnull値が許されていません
NULL not allowed for column "KNOWLEDGE_ID"; SQL statement:
INSERT INTO KNOWLEDGE_USERS ( KNOWLEDGE_ID , USER_ID , INSERT_USER , INSERT_DATETIME , UPDATE_USER , UPDATE_DATETIME , DELETE_FLAG ) VALUES ( ? , ? , ? , ? , ? , ? , ? ) [23502-196] [cause] 列 "KNOWLEDGE_ID" にはnull値が許されていません
NULL not allowed for column "KNOWLEDGE_ID"; SQL statement:
INSERT INTO KNOWLEDGE_USERS ( KNOWLEDGE_ID , USER_ID , INSERT_USER , INSERT_DATETIME , UPDATE_USER , UPDATE_DATETIME , DELETE_FLAG ) VALUES ( ? , ? , ? , ? , ? , ? , ? ) [23502-196]
----- SQL Infomation -----
[sql]INSERT INTO KNOWLEDGE_USERS ( KNOWLEDGE_ID , USER_ID , INSERT_USER , INSERT_DATETIME , UPDATE_USER , UPDATE_DATETIME , DELETE_FLAG ) VALUES ( ? , ? , ? , ? , ? , ? , ? )
[params]
	[params][0]null
	[params][1]8
	[params][2]8
	[params][3]2018-05-01 05:28:53.038
	[params][4]8
	[params][5]2018-05-01 05:28:53.038
	[params][6]0
[execute]INSERT INTO KNOWLEDGE_USERS ( KNOWLEDGE_ID , USER_ID , INSERT_USER , INSERT_DATETIME , UPDATE_USER , UPDATE_DATETIME , DELETE_FLAG ) VALUES ( null , 8 , 8 , 2018-05-01 05:28:53.038 , 8 , 2018-05-01 05:28:53.038 , 0 )

ERROR 2018-05-01 14:28:53,043 Transaction(58) Error(Rollback) : org.support.project.knowledge.logic.KnowledgeLogic_$$_jvstc5c_f#_d16insert
INFO  2018-05-01 14:28:53,044 Intercepter(213) error. [object]class org.support.project.knowledge.logic.KnowledgeLogic_$$_jvstc5c_f[proceed]_d16insert[param0]org.support.project.knowledge.vo.KnowledgeData@144440f5[param1]org.support.project.web.bean.LoginedUser@3e2c8ef[param2]false
[throwable.getMessage()] 列 "KNOWLEDGE_ID" にはnull値が許されていません
NULL not allowed for column "KNOWLEDGE_ID"; SQL statement:
INSERT INTO KNOWLEDGE_USERS ( KNOWLEDGE_ID , USER_ID , INSERT_USER , INSERT_DATETIME , UPDATE_USER , UPDATE_DATETIME , DELETE_FLAG ) VALUES ( ? , ? , ? , ? , ? , ? , ? ) [23502-196] [cause] 列 "KNOWLEDGE_ID" にはnull値が許されていません
NULL not allowed for column "KNOWLEDGE_ID"; SQL statement:
INSERT INTO KNOWLEDGE_USERS ( KNOWLEDGE_ID , USER_ID , INSERT_USER , INSERT_DATETIME , UPDATE_USER , UPDATE_DATETIME , DELETE_FLAG ) VALUES ( ? , ? , ? , ? , ? , ? , ? ) [23502-196]
----- SQL Infomation -----
[sql]INSERT INTO KNOWLEDGE_USERS ( KNOWLEDGE_ID , USER_ID , INSERT_USER , INSERT_DATETIME , UPDATE_USER , UPDATE_DATETIME , DELETE_FLAG ) VALUES ( ? , ? , ? , ? , ? , ? , ? )
[params]
	[params][0]null
	[params][1]8
	[params][2]8
	[params][3]2018-05-01 05:28:53.038
	[params][4]8
	[params][5]2018-05-01 05:28:53.038
	[params][6]0
[execute]INSERT INTO KNOWLEDGE_USERS ( KNOWLEDGE_ID , USER_ID , INSERT_USER , INSERT_DATETIME , UPDATE_USER , UPDATE_DATETIME , DELETE_FLAG ) VALUES ( null , 8 , 8 , 2018-05-01 05:28:53.038 , 8 , 2018-05-01 05:28:53.038 , 0 )

ERROR 2018-05-01 14:28:53,046 TestWatcher(37) {"annotations":[{},{}],"children":[],"className":"org.support.project.knowledge.integration.IntegrationNotificationTest","displayName":"testReadAll(org.support.project.knowledge.integration.IntegrationNotificationTest)","empty":false,"methodName":"testReadAll","suite":false,"test":true,"testClass":"org.support.project.knowledge.integration.IntegrationNotificationTest"}
org.support.project.common.exception.SystemException: 
	at org.support.project.common.util.ObjectUtils.invoke(ObjectUtils.java:136)
	at org.support.project.web.common.InvokeTarget.invoke(InvokeTarget.java:109)
	at org.support.project.knowledge.integration.IntegrationCommon.invoke(IntegrationCommon.java:114)
	at org.support.project.knowledge.integration.IntegrationCommon.postKnowledge(IntegrationCommon.java:171)
	at org.support.project.knowledge.integration.IntegrationNotificationTest.testReadAll(IntegrationNotificationTest.java:105)
	at org.junit.runners.model.FrameworkMethod$1.runReflectiveCall(FrameworkMethod.java:47)
	at org.junit.internal.runners.model.ReflectiveCallable.run(ReflectiveCallable.java:12)
	at org.junit.runners.model.FrameworkMethod.invokeExplosively(FrameworkMethod.java:44)
	at org.junit.internal.runners.statements.InvokeMethod.evaluate(InvokeMethod.java:17)
	at org.junit.internal.runners.statements.RunBefores.evaluate(RunBefores.java:26)
	at org.junit.internal.runners.statements.RunAfters.evaluate(RunAfters.java:27)
	at org.junit.rules.TestWatcher$1.evaluate(TestWatcher.java:55)
	at org.junit.rules.RunRules.evaluate(RunRules.java:20)
	at org.junit.runners.ParentRunner.runLeaf(ParentRunner.java:271)
	at org.junit.runners.BlockJUnit4ClassRunner.runChild(BlockJUnit4ClassRunner.java:70)
	at org.junit.runners.BlockJUnit4ClassRunner.runChild(BlockJUnit4ClassRunner.java:50)
	at org.junit.runners.ParentRunner$3.run(ParentRunner.java:238)
	at org.junit.runners.ParentRunner$1.schedule(ParentRunner.java:63)
	at org.junit.runners.ParentRunner.runChildren(ParentRunner.java:236)
	at org.junit.runners.ParentRunner.access$000(ParentRunner.java:53)
	at org.junit.runners.ParentRunner$2.evaluate(ParentRunner.java:229)
	at org.junit.internal.runners.statements.RunBefores.evaluate(RunBefores.java:26)
	at org.junit.internal.runners.statements.RunAfters.evaluate(RunAfters.java:27)
	at org.junit.runners.ParentRunner.run(ParentRunner.java:309)
	at org.eclipse.jdt.internal.junit4.runner.JUnit4TestReference.run(JUnit4TestReference.java:86)
	at org.eclipse.jdt.internal.junit.runner.TestExecution.run(TestExecution.java:38)
	at org.eclipse.jdt.internal.junit.runner.RemoteTestRunner.runTests(RemoteTestRunner.java:538)
	at org.eclipse.jdt.internal.junit.runner.RemoteTestRunner.runTests(RemoteTestRunner.java:760)
	at org.eclipse.jdt.internal.junit.runner.RemoteTestRunner.run(RemoteTestRunner.java:460)
	at org.eclipse.jdt.internal.junit.runner.RemoteTestRunner.main(RemoteTestRunner.java:206)
Caused by: java.lang.reflect.InvocationTargetException
	at org.support.project.common.util.ObjectUtils.invoke(ObjectUtils.java:132)
	... 29 more
Caused by: org.support.project.ormapping.exception.ORMappingException: 列 "KNOWLEDGE_ID" にはnull値が許されていません
NULL not allowed for column "KNOWLEDGE_ID"; SQL statement:
INSERT INTO KNOWLEDGE_USERS ( KNOWLEDGE_ID , USER_ID , INSERT_USER , INSERT_DATETIME , UPDATE_USER , UPDATE_DATETIME , DELETE_FLAG ) VALUES ( ? , ? , ? , ? , ? , ? , ? ) [23502-196] [cause] 列 "KNOWLEDGE_ID" にはnull値が許されていません
NULL not allowed for column "KNOWLEDGE_ID"; SQL statement:
INSERT INTO KNOWLEDGE_USERS ( KNOWLEDGE_ID , USER_ID , INSERT_USER , INSERT_DATETIME , UPDATE_USER , UPDATE_DATETIME , DELETE_FLAG ) VALUES ( ? , ? , ? , ? , ? , ? , ? ) [23502-196]
----- SQL Infomation -----
[sql]INSERT INTO KNOWLEDGE_USERS ( KNOWLEDGE_ID , USER_ID , INSERT_USER , INSERT_DATETIME , UPDATE_USER , UPDATE_DATETIME , DELETE_FLAG ) VALUES ( ? , ? , ? , ? , ? , ? , ? )
[params]
	[params][0]null
	[params][1]8
	[params][2]8
	[params][3]2018-05-01 05:28:53.038
	[params][4]8
	[params][5]2018-05-01 05:28:53.038
	[params][6]0
[execute]INSERT INTO KNOWLEDGE_USERS ( KNOWLEDGE_ID , USER_ID , INSERT_USER , INSERT_DATETIME , UPDATE_USER , UPDATE_DATETIME , DELETE_FLAG ) VALUES ( null , 8 , 8 , 2018-05-01 05:28:53.038 , 8 , 2018-05-01 05:28:53.038 , 0 )

	at org.support.project.ormapping.dao.AbstractDao.executeUpdate(AbstractDao.java:484)
	at org.support.project.ormapping.transaction.Transaction.invoke(Transaction.java:48)
	at org.support.project.knowledge.dao.gen.GenKnowledgeUsersDao.physicalInsert(GenKnowledgeUsersDao.java:236)
	at org.support.project.ormapping.transaction.Transaction.invoke(Transaction.java:48)
	at org.support.project.knowledge.dao.gen.GenKnowledgeUsersDao.insert(GenKnowledgeUsersDao.java:260)
	at org.support.project.ormapping.transaction.Transaction.invoke(Transaction.java:48)
	at org.support.project.knowledge.dao.gen.GenKnowledgeUsersDao.insert(GenKnowledgeUsersDao.java:272)
	at org.support.project.ormapping.transaction.Transaction.invoke(Transaction.java:48)
	at org.support.project.knowledge.logic.KnowledgeLogic.saveAccessUser(KnowledgeLogic.java:425)
	at org.support.project.knowledge.logic.KnowledgeLogic.insert(KnowledgeLogic.java:198)
	at org.support.project.ormapping.transaction.Transaction.invoke(Transaction.java:48)
	at org.support.project.knowledge.control.protect.KnowledgeControl.add(KnowledgeControl.java:216)
	at org.support.project.knowledge.control.protect.KnowledgeControl.save(KnowledgeControl.java:337)
	... 30 more
Caused by: org.h2.jdbc.JdbcSQLException: 列 "KNOWLEDGE_ID" にはnull値が許されていません
NULL not allowed for column "KNOWLEDGE_ID"; SQL statement:
INSERT INTO KNOWLEDGE_USERS ( KNOWLEDGE_ID , USER_ID , INSERT_USER , INSERT_DATETIME , UPDATE_USER , UPDATE_DATETIME , DELETE_FLAG ) VALUES ( ? , ? , ? , ? , ? , ? , ? ) [23502-196]
	at org.h2.message.DbException.getJdbcSQLException(DbException.java:345)
	at org.h2.message.DbException.get(DbException.java:179)
	at org.h2.message.DbException.get(DbException.java:155)
	at org.h2.table.Column.validateConvertUpdateSequence(Column.java:345)
	at org.h2.table.Table.validateConvertUpdateSequence(Table.java:797)
	at org.h2.command.dml.Insert.insertRows(Insert.java:151)
	at org.h2.command.dml.Insert.update(Insert.java:114)
	at org.h2.command.CommandContainer.update(CommandContainer.java:101)
	at org.h2.command.Command.executeUpdate(Command.java:260)
	at org.h2.server.TcpServerThread.process(TcpServerThread.java:354)
	at org.h2.server.TcpServerThread.run(TcpServerThread.java:158)
	at java.lang.Thread.run(Thread.java:745)

	at org.h2.engine.SessionRemote.done(SessionRemote.java:629)
	at org.h2.command.CommandRemote.executeUpdate(CommandRemote.java:209)
	at org.h2.jdbc.JdbcPreparedStatement.executeUpdateInternal(JdbcPreparedStatement.java:164)
	at org.h2.jdbc.JdbcPreparedStatement.executeUpdate(JdbcPreparedStatement.java:150)
	at org.support.project.ormapping.dao.AbstractDao.executeUpdate(AbstractDao.java:473)
	... 42 more
INFO  2018-05-01 14:28:53,049 TestWatcher(32) @@@@@@ TEST FINISHED - 367 [ms]  -  org.support.project.knowledge.integration.IntegrationNotificationTest#testReadAll
INFO  2018-05-01 14:28:53,099 TestWatcher(24) @@@@@@ TEST START - org.support.project.knowledge.integration.IntegrationNotificationTest#testNext
INFO  2018-05-01 14:28:53,170 IntegrationCommon(173) {"children":[],"code":200,"message":"登録しました。","result":"9","status":0}
INFO  2018-05-01 14:28:53,217 IntegrationCommon(173) {"children":[],"code":200,"message":"登録しました。","result":"10","status":0}
INFO  2018-05-01 14:28:53,329 IntegrationCommon(173) {"children":[],"code":200,"message":"登録しました。","result":"11","status":0}
INFO  2018-05-01 14:28:53,333 AbstractBat(31) NotifyMailBat is start.
INFO  2018-05-01 14:28:53,333 NotifyMailBat(52) Notify process started.
INFO  2018-05-01 14:28:53,508 NotifyMailBat(70) Notify process finished. count: 9
INFO  2018-05-01 14:28:53,509 NotifyMailBat(72) Notify event started.
INFO  2018-05-01 14:28:53,510 NotifyMailBat(74) Notify event finished.
INFO  2018-05-01 14:28:53,510 AbstractBat(43) Finished
ERROR 2018-05-01 14:28:53,546 TestWatcher(37) {"annotations":[{},{}],"children":[],"className":"org.support.project.knowledge.integration.IntegrationNotificationTest","displayName":"testNext(org.support.project.knowledge.integration.IntegrationNotificationTest)","empty":false,"methodName":"testNext","suite":false,"test":true,"testClass":"org.support.project.knowledge.integration.IntegrationNotificationTest"}
java.lang.AssertionError: expected:<3> but was:<9>
	at org.junit.Assert.fail(Assert.java:88)
	at org.junit.Assert.failNotEquals(Assert.java:743)
	at org.junit.Assert.assertEquals(Assert.java:118)
	at org.junit.Assert.assertEquals(Assert.java:555)
	at org.junit.Assert.assertEquals(Assert.java:542)
	at org.support.project.knowledge.integration.IntegrationNotificationTest.testNext(IntegrationNotificationTest.java:164)
	at org.junit.runners.model.FrameworkMethod$1.runReflectiveCall(FrameworkMethod.java:47)
	at org.junit.internal.runners.model.ReflectiveCallable.run(ReflectiveCallable.java:12)
	at org.junit.runners.model.FrameworkMethod.invokeExplosively(FrameworkMethod.java:44)
	at org.junit.internal.runners.statements.InvokeMethod.evaluate(InvokeMethod.java:17)
	at org.junit.internal.runners.statements.RunBefores.evaluate(RunBefores.java:26)
	at org.junit.internal.runners.statements.RunAfters.evaluate(RunAfters.java:27)
	at org.junit.rules.TestWatcher$1.evaluate(TestWatcher.java:55)
	at org.junit.rules.RunRules.evaluate(RunRules.java:20)
	at org.junit.runners.ParentRunner.runLeaf(ParentRunner.java:271)
	at org.junit.runners.BlockJUnit4ClassRunner.runChild(BlockJUnit4ClassRunner.java:70)
	at org.junit.runners.BlockJUnit4ClassRunner.runChild(BlockJUnit4ClassRunner.java:50)
	at org.junit.runners.ParentRunner$3.run(ParentRunner.java:238)
	at org.junit.runners.ParentRunner$1.schedule(ParentRunner.java:63)
	at org.junit.runners.ParentRunner.runChildren(ParentRunner.java:236)
	at org.junit.runners.ParentRunner.access$000(ParentRunner.java:53)
	at org.junit.runners.ParentRunner$2.evaluate(ParentRunner.java:229)
	at org.junit.internal.runners.statements.RunBefores.evaluate(RunBefores.java:26)
	at org.junit.internal.runners.statements.RunAfters.evaluate(RunAfters.java:27)
	at org.junit.runners.ParentRunner.run(ParentRunner.java:309)
	at org.eclipse.jdt.internal.junit4.runner.JUnit4TestReference.run(JUnit4TestReference.java:86)
	at org.eclipse.jdt.internal.junit.runner.TestExecution.run(TestExecution.java:38)
	at org.eclipse.jdt.internal.junit.runner.RemoteTestRunner.runTests(RemoteTestRunner.java:538)
	at org.eclipse.jdt.internal.junit.runner.RemoteTestRunner.runTests(RemoteTestRunner.java:760)
	at org.eclipse.jdt.internal.junit.runner.RemoteTestRunner.run(RemoteTestRunner.java:460)
	at org.eclipse.jdt.internal.junit.runner.RemoteTestRunner.main(RemoteTestRunner.java:206)
INFO  2018-05-01 14:28:53,546 TestWatcher(32) @@@@@@ TEST FINISHED - 447 [ms]  -  org.support.project.knowledge.integration.IntegrationNotificationTest#testNext
INFO  2018-05-01 14:28:53,547 TestWatcher(24) @@@@@@ TEST START - org.support.project.knowledge.integration.IntegrationNotificationTest#testPrevious
INFO  2018-05-01 14:28:53,589 IntegrationCommon(173) {"children":[],"code":200,"message":"登録しました。","result":"12","status":0}
INFO  2018-05-01 14:28:53,638 IntegrationCommon(173) {"children":[],"code":200,"message":"登録しました。","result":"13","status":0}
INFO  2018-05-01 14:28:53,689 IntegrationCommon(173) {"children":[],"code":200,"message":"登録しました。","result":"14","status":0}
INFO  2018-05-01 14:28:53,690 AbstractBat(31) NotifyMailBat is start.
INFO  2018-05-01 14:28:53,691 NotifyMailBat(52) Notify process started.
INFO  2018-05-01 14:28:53,832 NotifyMailBat(70) Notify process finished. count: 3
INFO  2018-05-01 14:28:53,833 NotifyMailBat(72) Notify event started.
INFO  2018-05-01 14:28:53,835 NotifyMailBat(74) Notify event finished.
INFO  2018-05-01 14:28:53,835 AbstractBat(43) Finished
ERROR 2018-05-01 14:28:53,874 TestWatcher(37) {"annotations":[{},{}],"children":[],"className":"org.support.project.knowledge.integration.IntegrationNotificationTest","displayName":"testPrevious(org.support.project.knowledge.integration.IntegrationNotificationTest)","empty":false,"methodName":"testPrevious","suite":false,"test":true,"testClass":"org.support.project.knowledge.integration.IntegrationNotificationTest"}
java.lang.AssertionError: expected:<3> but was:<12>
	at org.junit.Assert.fail(Assert.java:88)
	at org.junit.Assert.failNotEquals(Assert.java:743)
	at org.junit.Assert.assertEquals(Assert.java:118)
	at org.junit.Assert.assertEquals(Assert.java:555)
	at org.junit.Assert.assertEquals(Assert.java:542)
	at org.support.project.knowledge.integration.IntegrationNotificationTest.testPrevious(IntegrationNotificationTest.java:234)
	at org.junit.runners.model.FrameworkMethod$1.runReflectiveCall(FrameworkMethod.java:47)
	at org.junit.internal.runners.model.ReflectiveCallable.run(ReflectiveCallable.java:12)
	at org.junit.runners.model.FrameworkMethod.invokeExplosively(FrameworkMethod.java:44)
	at org.junit.internal.runners.statements.InvokeMethod.evaluate(InvokeMethod.java:17)
	at org.junit.internal.runners.statements.RunBefores.evaluate(RunBefores.java:26)
	at org.junit.internal.runners.statements.RunAfters.evaluate(RunAfters.java:27)
	at org.junit.rules.TestWatcher$1.evaluate(TestWatcher.java:55)
	at org.junit.rules.RunRules.evaluate(RunRules.java:20)
	at org.junit.runners.ParentRunner.runLeaf(ParentRunner.java:271)
	at org.junit.runners.BlockJUnit4ClassRunner.runChild(BlockJUnit4ClassRunner.java:70)
	at org.junit.runners.BlockJUnit4ClassRunner.runChild(BlockJUnit4ClassRunner.java:50)
	at org.junit.runners.ParentRunner$3.run(ParentRunner.java:238)
	at org.junit.runners.ParentRunner$1.schedule(ParentRunner.java:63)
	at org.junit.runners.ParentRunner.runChildren(ParentRunner.java:236)
	at org.junit.runners.ParentRunner.access$000(ParentRunner.java:53)
	at org.junit.runners.ParentRunner$2.evaluate(ParentRunner.java:229)
	at org.junit.internal.runners.statements.RunBefores.evaluate(RunBefores.java:26)
	at org.junit.internal.runners.statements.RunAfters.evaluate(RunAfters.java:27)
	at org.junit.runners.ParentRunner.run(ParentRunner.java:309)
	at org.eclipse.jdt.internal.junit4.runner.JUnit4TestReference.run(JUnit4TestReference.java:86)
	at org.eclipse.jdt.internal.junit.runner.TestExecution.run(TestExecution.java:38)
	at org.eclipse.jdt.internal.junit.runner.RemoteTestRunner.runTests(RemoteTestRunner.java:538)
	at org.eclipse.jdt.internal.junit.runner.RemoteTestRunner.runTests(RemoteTestRunner.java:760)
	at org.eclipse.jdt.internal.junit.runner.RemoteTestRunner.run(RemoteTestRunner.java:460)
	at org.eclipse.jdt.internal.junit.runner.RemoteTestRunner.main(RemoteTestRunner.java:206)
INFO  2018-05-01 14:28:53,874 TestWatcher(32) @@@@@@ TEST FINISHED - 327 [ms]  -  org.support.project.knowledge.integration.IntegrationNotificationTest#testPrevious
INFO  2018-05-01 14:28:53,928 TestCommon(153) init data
INFO  2018-05-01 14:28:54,061 InitDB(107) migrate is start.
INFO  2018-05-01 14:28:54,062 InitDB(141) Lastest database version is 1.13.0 now
INFO  2018-05-01 14:28:54,063 Intercepter(213) error. [object]class org.support.project.web.dao.SystemsDao_$$_jvstc5c_0[proceed]_d17executeQuerySingle[param0]SELECT * FROM SYSTEMS WHERE SYSTEM_NAME = ?  AND DELETE_FLAG = 0[param1]class org.support.project.web.entity.SystemsEntity[param2][Ljava.lang.Object;@1a77eb6
[throwable.getMessage()] テーブル "SYSTEMS" が見つかりません
Table "SYSTEMS" not found; SQL statement:
SELECT * FROM SYSTEMS WHERE SYSTEM_NAME = ?  AND DELETE_FLAG = 0 [42102-196] [cause] テーブル "SYSTEMS" が見つかりません
Table "SYSTEMS" not found; SQL statement:
SELECT * FROM SYSTEMS WHERE SYSTEM_NAME = ?  AND DELETE_FLAG = 0 [42102-196]
----- SQL Infomation -----
[sql]SELECT * FROM SYSTEMS WHERE SYSTEM_NAME = ?  AND DELETE_FLAG = 0
[params]
	[params][0]knowledge
[execute]SELECT * FROM SYSTEMS WHERE SYSTEM_NAME = knowledge  AND DELETE_FLAG = 0

ERROR 2018-05-01 14:28:54,063 Transaction(58) Error(Rollback) : org.support.project.web.dao.SystemsDao_$$_jvstc5c_0#_d50selectOnKey
INFO  2018-05-01 14:28:54,065 Intercepter(213) error. [object]class org.support.project.web.dao.SystemsDao_$$_jvstc5c_0[proceed]_d50selectOnKey[param0]knowledge
[throwable.getMessage()] テーブル "SYSTEMS" が見つかりません
Table "SYSTEMS" not found; SQL statement:
SELECT * FROM SYSTEMS WHERE SYSTEM_NAME = ?  AND DELETE_FLAG = 0 [42102-196] [cause] テーブル "SYSTEMS" が見つかりません
Table "SYSTEMS" not found; SQL statement:
SELECT * FROM SYSTEMS WHERE SYSTEM_NAME = ?  AND DELETE_FLAG = 0 [42102-196]
----- SQL Infomation -----
[sql]SELECT * FROM SYSTEMS WHERE SYSTEM_NAME = ?  AND DELETE_FLAG = 0
[params]
	[params][0]knowledge
[execute]SELECT * FROM SYSTEMS WHERE SYSTEM_NAME = knowledge  AND DELETE_FLAG = 0

INFO  2018-05-01 14:28:54,077 InitializeDao(43) Database initialize start.
INFO  2018-05-01 14:28:54,150 InitializeDao(49) /org/support/project/web/database/ddl.sql is loaded.
INFO  2018-05-01 14:28:54,287 InitializeDao(49) /org/support/project/knowledge/database/ddl.sql is loaded.
INFO  2018-05-01 14:28:54,290 InitializeDao(49) /org/support/project/knowledge/database/init_datas.sql is loaded.
INFO  2018-05-01 14:28:54,291 InitializeDao(51) Database initialize finish.
INFO  2018-05-01 14:28:54,383 InitDB(203) Migrate to 1.13.0
INFO  2018-05-01 14:28:55,118 TestWatcher(24) @@@@@@ TEST START - org.support.project.knowledge.integration.IntegrationProtectTest#testUserInsert
INFO  2018-05-01 14:28:55,118 IntegrationProtectTest(49) ユーザ登録
INFO  2018-05-01 14:28:55,236 TestWatcher(32) @@@@@@ TEST FINISHED - 118 [ms]  -  org.support.project.knowledge.integration.IntegrationProtectTest#testUserInsert
INFO  2018-05-01 14:28:55,237 TestWatcher(24) @@@@@@ TEST START - org.support.project.knowledge.integration.IntegrationProtectTest#testPost
INFO  2018-05-01 14:28:55,278 IntegrationProtectTest(86) {"children":[],"code":200,"message":"登録しました。","result":"1","status":0}
INFO  2018-05-01 14:28:55,278 TestWatcher(32) @@@@@@ TEST FINISHED - 41 [ms]  -  org.support.project.knowledge.integration.IntegrationProtectTest#testPost
INFO  2018-05-01 14:28:55,278 TestWatcher(24) @@@@@@ TEST START - org.support.project.knowledge.integration.IntegrationProtectTest#testAssertAfterPost
INFO  2018-05-01 14:28:55,332 AbstractBat(31) NotifyMailBat is start.
INFO  2018-05-01 14:28:55,333 NotifyMailBat(52) Notify process started.
INFO  2018-05-01 14:28:55,352 NotifyMailBat(70) Notify process finished. count: 1
INFO  2018-05-01 14:28:55,353 NotifyMailBat(72) Notify event started.
INFO  2018-05-01 14:28:55,356 NotifyMailBat(74) Notify event finished.
INFO  2018-05-01 14:28:55,357 AbstractBat(43) Finished
INFO  2018-05-01 14:28:55,369 TestWatcher(32) @@@@@@ TEST FINISHED - 91 [ms]  -  org.support.project.knowledge.integration.IntegrationProtectTest#testAssertAfterPost
INFO  2018-05-01 14:28:55,369 TestWatcher(24) @@@@@@ TEST START - org.support.project.knowledge.integration.IntegrationProtectTest#testUpdate
INFO  2018-05-01 14:28:55,450 IntegrationProtectTest(146) {"children":[],"code":200,"message":"内容を更新しました","result":"1","status":0}
INFO  2018-05-01 14:28:55,451 TestWatcher(32) @@@@@@ TEST FINISHED - 82 [ms]  -  org.support.project.knowledge.integration.IntegrationProtectTest#testUpdate
INFO  2018-05-01 14:28:55,455 TestWatcher(24) @@@@@@ TEST START - org.support.project.knowledge.integration.IntegrationProtectTest#testAssertAfterUpdate
INFO  2018-05-01 14:28:55,574 AbstractBat(31) NotifyMailBat is start.
INFO  2018-05-01 14:28:55,575 NotifyMailBat(52) Notify process started.
INFO  2018-05-01 14:28:55,595 NotifyMailBat(70) Notify process finished. count: 1
INFO  2018-05-01 14:28:55,596 NotifyMailBat(72) Notify event started.
INFO  2018-05-01 14:28:55,597 NotifyMailBat(74) Notify event finished.
INFO  2018-05-01 14:28:55,597 AbstractBat(43) Finished
INFO  2018-05-01 14:28:55,621 TestWatcher(32) @@@@@@ TEST FINISHED - 166 [ms]  -  org.support.project.knowledge.integration.IntegrationProtectTest#testAssertAfterUpdate
INFO  2018-05-01 14:28:55,622 TestWatcher(24) @@@@@@ TEST START - org.support.project.knowledge.integration.IntegrationProtectTest#testUpdateOnlyMeta
INFO  2018-05-01 14:28:55,685 IntegrationProtectTest(207) {"children":[],"code":200,"message":"属性情報のみ更新しました（更新の通知は送られません）","result":"1","status":0}
INFO  2018-05-01 14:28:55,686 TestWatcher(32) @@@@@@ TEST FINISHED - 64 [ms]  -  org.support.project.knowledge.integration.IntegrationProtectTest#testUpdateOnlyMeta
INFO  2018-05-01 14:28:55,686 TestWatcher(24) @@@@@@ TEST START - org.support.project.knowledge.integration.IntegrationProtectTest#testAssertAfterUpdateOnlyMeta
INFO  2018-05-01 14:28:55,809 TestWatcher(32) @@@@@@ TEST FINISHED - 123 [ms]  -  org.support.project.knowledge.integration.IntegrationProtectTest#testAssertAfterUpdateOnlyMeta
INFO  2018-05-01 14:28:55,812 TestWatcher(24) @@@@@@ TEST START - org.support.project.knowledge.integration.IntegrationProtectTest#testAggregate
INFO  2018-05-01 14:28:55,813 AggregateLogic(104) Set view count to Knowledge
WARN  2018-05-01 14:28:56,026 UserConfigsDao(33) Remove all user config on POINT
WARN  2018-05-01 14:28:56,027 PointKnowledgeHistoriesDao(63) Remove all point knowledge histories
WARN  2018-05-01 14:28:56,028 PointUserHistoriesDao(89) Remove all point user histories
WARN  2018-05-01 14:28:56,028 ActivitiesDao(89) Remove all activities
INFO  2018-05-01 14:28:56,029 AggregateLogic(426) Aggregate point by knowledge insert
INFO  2018-05-01 14:28:56,245 AggregateLogic(389) Aggregate point by knowledge show
INFO  2018-05-01 14:28:56,574 AggregateLogic(352) Aggregate point by knowledge like
INFO  2018-05-01 14:28:56,677 AggregateLogic(314) Aggregate point by knowledge stock
INFO  2018-05-01 14:28:56,781 AggregateLogic(276) Aggregate point by knowledge answer
INFO  2018-05-01 14:28:56,886 AggregateLogic(239) Aggregate point by knowledge join event
INFO  2018-05-01 14:28:56,990 AggregateLogic(207) Aggregate point by comment insert
INFO  2018-05-01 14:28:57,095 AggregateLogic(169) Aggregate point by comment like
INFO  2018-05-01 14:28:57,198 AggregateLogic(123) Recalc user cp
INFO  2018-05-01 14:28:57,200 AggregateLogic(139)   Recalculation total point. [user]1
INFO  2018-05-01 14:28:57,408 AggregateLogic(139)   Recalculation total point. [user]2
INFO  2018-05-01 14:28:57,614 AggregateLogic(139)   Recalculation total point. [user]3
INFO  2018-05-01 14:28:57,823 AggregateLogic(139)   Recalculation total point. [user]4
INFO  2018-05-01 14:28:58,029 AggregateLogic(139)   Recalculation total point. [user]5
INFO  2018-05-01 14:28:58,235 AggregateLogic(139)   Recalculation total point. [user]6
INFO  2018-05-01 14:28:58,441 AggregateLogic(139)   Recalculation total point. [user]7
INFO  2018-05-01 14:28:58,648 AggregateLogic(139)   Recalculation total point. [user]8
INFO  2018-05-01 14:28:59,066 AggregateLogic(139)   Recalculation total point. [user]9
INFO  2018-05-01 14:28:59,523 TestWatcher(32) @@@@@@ TEST FINISHED - 3711 [ms]  -  org.support.project.knowledge.integration.IntegrationProtectTest#testAggregate
INFO  2018-05-01 14:28:59,548 TestCommon(153) init data
INFO  2018-05-01 14:28:59,671 InitDB(107) migrate is start.
INFO  2018-05-01 14:28:59,673 InitDB(141) Lastest database version is 1.13.0 now
INFO  2018-05-01 14:28:59,674 Intercepter(213) error. [object]class org.support.project.web.dao.SystemsDao_$$_jvstc5c_0[proceed]_d17executeQuerySingle[param0]SELECT * FROM SYSTEMS WHERE SYSTEM_NAME = ?  AND DELETE_FLAG = 0[param1]class org.support.project.web.entity.SystemsEntity[param2][Ljava.lang.Object;@cd93621
[throwable.getMessage()] テーブル "SYSTEMS" が見つかりません
Table "SYSTEMS" not found; SQL statement:
SELECT * FROM SYSTEMS WHERE SYSTEM_NAME = ?  AND DELETE_FLAG = 0 [42102-196] [cause] テーブル "SYSTEMS" が見つかりません
Table "SYSTEMS" not found; SQL statement:
SELECT * FROM SYSTEMS WHERE SYSTEM_NAME = ?  AND DELETE_FLAG = 0 [42102-196]
----- SQL Infomation -----
[sql]SELECT * FROM SYSTEMS WHERE SYSTEM_NAME = ?  AND DELETE_FLAG = 0
[params]
	[params][0]knowledge
[execute]SELECT * FROM SYSTEMS WHERE SYSTEM_NAME = knowledge  AND DELETE_FLAG = 0

ERROR 2018-05-01 14:28:59,675 Transaction(58) Error(Rollback) : org.support.project.web.dao.SystemsDao_$$_jvstc5c_0#_d50selectOnKey
INFO  2018-05-01 14:28:59,675 Intercepter(213) error. [object]class org.support.project.web.dao.SystemsDao_$$_jvstc5c_0[proceed]_d50selectOnKey[param0]knowledge
[throwable.getMessage()] テーブル "SYSTEMS" が見つかりません
Table "SYSTEMS" not found; SQL statement:
SELECT * FROM SYSTEMS WHERE SYSTEM_NAME = ?  AND DELETE_FLAG = 0 [42102-196] [cause] テーブル "SYSTEMS" が見つかりません
Table "SYSTEMS" not found; SQL statement:
SELECT * FROM SYSTEMS WHERE SYSTEM_NAME = ?  AND DELETE_FLAG = 0 [42102-196]
----- SQL Infomation -----
[sql]SELECT * FROM SYSTEMS WHERE SYSTEM_NAME = ?  AND DELETE_FLAG = 0
[params]
	[params][0]knowledge
[execute]SELECT * FROM SYSTEMS WHERE SYSTEM_NAME = knowledge  AND DELETE_FLAG = 0

INFO  2018-05-01 14:28:59,688 InitializeDao(43) Database initialize start.
INFO  2018-05-01 14:28:59,738 InitializeDao(49) /org/support/project/web/database/ddl.sql is loaded.
INFO  2018-05-01 14:28:59,843 InitializeDao(49) /org/support/project/knowledge/database/ddl.sql is loaded.
INFO  2018-05-01 14:28:59,846 InitializeDao(49) /org/support/project/knowledge/database/init_datas.sql is loaded.
INFO  2018-05-01 14:28:59,846 InitializeDao(51) Database initialize finish.
INFO  2018-05-01 14:28:59,924 InitDB(203) Migrate to 1.13.0
INFO  2018-05-01 14:29:00,651 TestWatcher(24) @@@@@@ TEST START - org.support.project.knowledge.logic.notification.webhook.CommentInsertWebhookNotificationTest#testSendKnowledgeWebhook
INFO  2018-05-01 14:29:00,683 AbstractBat(31) NotifyMailBat is start.
INFO  2018-05-01 14:29:00,684 NotifyMailBat(52) Notify process started.
INFO  2018-05-01 14:29:00,694 NotifyMailBat(70) Notify process finished. count: 1
INFO  2018-05-01 14:29:00,695 NotifyMailBat(72) Notify event started.
INFO  2018-05-01 14:29:00,696 NotifyMailBat(74) Notify event finished.
INFO  2018-05-01 14:29:00,696 AbstractBat(43) Finished
INFO  2018-05-01 14:29:00,715 TestWatcher(32) @@@@@@ TEST FINISHED - 64 [ms]  -  org.support.project.knowledge.logic.notification.webhook.CommentInsertWebhookNotificationTest#testSendKnowledgeWebhook
INFO  2018-05-01 14:29:00,715 TestWatcher(24) @@@@@@ TEST START - org.support.project.knowledge.logic.notification.webhook.CommentInsertWebhookNotificationTest#testSendCommentWebhook
INFO  2018-05-01 14:29:00,745 AbstractBat(31) NotifyMailBat is start.
INFO  2018-05-01 14:29:00,745 NotifyMailBat(52) Notify process started.
INFO  2018-05-01 14:29:00,762 NotifyMailBat(70) Notify process finished. count: 1
INFO  2018-05-01 14:29:00,763 NotifyMailBat(72) Notify event started.
INFO  2018-05-01 14:29:00,764 NotifyMailBat(74) Notify event finished.
INFO  2018-05-01 14:29:00,764 AbstractBat(43) Finished
INFO  2018-05-01 14:29:00,785 AssertJson(46) property:knowledge is object.
INFO  2018-05-01 14:29:00,788 TestWatcher(32) @@@@@@ TEST FINISHED - 73 [ms]  -  org.support.project.knowledge.logic.notification.webhook.CommentInsertWebhookNotificationTest#testSendCommentWebhook
INFO  2018-05-01 14:29:00,789 TestWatcher(24) @@@@@@ TEST START - org.support.project.knowledge.logic.notification.webhook.CommentInsertWebhookNotificationTest#testSendLikedCommentWebhook
INFO  2018-05-01 14:29:00,810 AbstractBat(31) NotifyMailBat is start.
INFO  2018-05-01 14:29:00,810 NotifyMailBat(52) Notify process started.
INFO  2018-05-01 14:29:00,823 NotifyMailBat(70) Notify process finished. count: 1
INFO  2018-05-01 14:29:00,823 NotifyMailBat(72) Notify event started.
INFO  2018-05-01 14:29:00,824 NotifyMailBat(74) Notify event finished.
INFO  2018-05-01 14:29:00,824 AbstractBat(43) Finished
INFO  2018-05-01 14:29:00,859 CommentInsertWebhookNotificationTest(89) {"type":"liked_comment","no":1,"insert_user":"テストユーザ1","insert_date":"2018/05/01 05:29:00.791+0000","text":"<http://localhost:8080/open.knowledge/view/1|サンプル>","comment":{"update_user":"テストユーザ1","comment_no":1,"insert_date":"2018/05/01 05:29:00.716+0000","comment":"コメント","text":"<http://localhost:8080/open.knowledge/view/1|サンプル>","insert_user":"テストユーザ1","update_date":"2018/05/01 05:29:00.716+0000"},"knowledge":{"comment_count":1,"like_count":0,"became_public":false,"type_id":-100,"insert_date":"2018/05/01 05:29:00.658+0000","link":"http://localhost:8080/open.knowledge/view/1","groups":["[GROUP] ALL USERS","[GROUP] テストグループ"],"insert_user":"テストユーザ1","title":"サンプル","content":"１２３４５６７８９０１２３４５６７８９０１２３４５６７８９０サンプル","update_date":"2018/05/01 05:29:00.658+0000","tags":["KnowledgeManagement","Java","SQL"],"update_user":"テストユーザ1","text":"<http://localhost:8080/open.knowledge/view/1|サンプル>","public_flag":2,"knowledge_id":1}}
INFO  2018-05-01 14:29:00,860 AssertJson(46) property:comment is object.
INFO  2018-05-01 14:29:00,861 AssertJson(46) property:knowledge is object.
INFO  2018-05-01 14:29:00,861 TestWatcher(32) @@@@@@ TEST FINISHED - 72 [ms]  -  org.support.project.knowledge.logic.notification.webhook.CommentInsertWebhookNotificationTest#testSendLikedCommentWebhook
INFO  2018-05-01 14:29:00,900 TestCommon(153) init data
INFO  2018-05-01 14:29:01,023 InitDB(107) migrate is start.
INFO  2018-05-01 14:29:01,023 InitDB(141) Lastest database version is 1.13.0 now
INFO  2018-05-01 14:29:01,025 Intercepter(213) error. [object]class org.support.project.web.dao.SystemsDao_$$_jvstc5c_0[proceed]_d17executeQuerySingle[param0]SELECT * FROM SYSTEMS WHERE SYSTEM_NAME = ?  AND DELETE_FLAG = 0[param1]class org.support.project.web.entity.SystemsEntity[param2][Ljava.lang.Object;@144dc2f7
[throwable.getMessage()] テーブル "SYSTEMS" が見つかりません
Table "SYSTEMS" not found; SQL statement:
SELECT * FROM SYSTEMS WHERE SYSTEM_NAME = ?  AND DELETE_FLAG = 0 [42102-196] [cause] テーブル "SYSTEMS" が見つかりません
Table "SYSTEMS" not found; SQL statement:
SELECT * FROM SYSTEMS WHERE SYSTEM_NAME = ?  AND DELETE_FLAG = 0 [42102-196]
----- SQL Infomation -----
[sql]SELECT * FROM SYSTEMS WHERE SYSTEM_NAME = ?  AND DELETE_FLAG = 0
[params]
	[params][0]knowledge
[execute]SELECT * FROM SYSTEMS WHERE SYSTEM_NAME = knowledge  AND DELETE_FLAG = 0

ERROR 2018-05-01 14:29:01,025 Transaction(58) Error(Rollback) : org.support.project.web.dao.SystemsDao_$$_jvstc5c_0#_d50selectOnKey
INFO  2018-05-01 14:29:01,026 Intercepter(213) error. [object]class org.support.project.web.dao.SystemsDao_$$_jvstc5c_0[proceed]_d50selectOnKey[param0]knowledge
[throwable.getMessage()] テーブル "SYSTEMS" が見つかりません
Table "SYSTEMS" not found; SQL statement:
SELECT * FROM SYSTEMS WHERE SYSTEM_NAME = ?  AND DELETE_FLAG = 0 [42102-196] [cause] テーブル "SYSTEMS" が見つかりません
Table "SYSTEMS" not found; SQL statement:
SELECT * FROM SYSTEMS WHERE SYSTEM_NAME = ?  AND DELETE_FLAG = 0 [42102-196]
----- SQL Infomation -----
[sql]SELECT * FROM SYSTEMS WHERE SYSTEM_NAME = ?  AND DELETE_FLAG = 0
[params]
	[params][0]knowledge
[execute]SELECT * FROM SYSTEMS WHERE SYSTEM_NAME = knowledge  AND DELETE_FLAG = 0

INFO  2018-05-01 14:29:01,037 InitializeDao(43) Database initialize start.
INFO  2018-05-01 14:29:01,106 InitializeDao(49) /org/support/project/web/database/ddl.sql is loaded.
INFO  2018-05-01 14:29:01,272 InitializeDao(49) /org/support/project/knowledge/database/ddl.sql is loaded.
INFO  2018-05-01 14:29:01,278 InitializeDao(49) /org/support/project/knowledge/database/init_datas.sql is loaded.
INFO  2018-05-01 14:29:01,279 InitializeDao(51) Database initialize finish.
INFO  2018-05-01 14:29:01,334 InitDB(203) Migrate to 1.13.0
INFO  2018-05-01 14:29:02,071 TestWatcher(24) @@@@@@ TEST START - org.support.project.knowledge.logic.integration.PostProtectLogicIntegrationTest#testUserInsert
INFO  2018-05-01 14:29:02,071 PostProtectLogicIntegrationTest(56) ユーザ登録
INFO  2018-05-01 14:29:02,258 TestWatcher(32) @@@@@@ TEST FINISHED - 187 [ms]  -  org.support.project.knowledge.logic.integration.PostProtectLogicIntegrationTest#testUserInsert
INFO  2018-05-01 14:29:02,259 TestWatcher(24) @@@@@@ TEST START - org.support.project.knowledge.logic.integration.PostProtectLogicIntegrationTest#testInsertKnowledge
INFO  2018-05-01 14:29:02,259 PostProtectLogicIntegrationTest(69) 記事投稿
INFO  2018-05-01 14:29:02,291 TestWatcher(32) @@@@@@ TEST FINISHED - 32 [ms]  -  org.support.project.knowledge.logic.integration.PostProtectLogicIntegrationTest#testInsertKnowledge
INFO  2018-05-01 14:29:02,291 TestWatcher(24) @@@@@@ TEST START - org.support.project.knowledge.logic.integration.PostProtectLogicIntegrationTest#testCheckNotifyQueue
INFO  2018-05-01 14:29:02,291 PostProtectLogicIntegrationTest(94) 通知キュー確認
INFO  2018-05-01 14:29:02,292 TestWatcher(32) @@@@@@ TEST FINISHED - 1 [ms]  -  org.support.project.knowledge.logic.integration.PostProtectLogicIntegrationTest#testCheckNotifyQueue
INFO  2018-05-01 14:29:02,292 TestWatcher(24) @@@@@@ TEST START - org.support.project.knowledge.logic.integration.PostProtectLogicIntegrationTest#testExecNotifyQueue
INFO  2018-05-01 14:29:02,292 PostProtectLogicIntegrationTest(106) 通知キューを処理
INFO  2018-05-01 14:29:02,293 AbstractBat(31) NotifyMailBat is start.
INFO  2018-05-01 14:29:02,294 NotifyMailBat(52) Notify process started.
INFO  2018-05-01 14:29:02,325 NotifyMailBat(70) Notify process finished. count: 1
INFO  2018-05-01 14:29:02,325 NotifyMailBat(72) Notify event started.
INFO  2018-05-01 14:29:02,326 NotifyMailBat(74) Notify event finished.
INFO  2018-05-01 14:29:02,326 AbstractBat(43) Finished
INFO  2018-05-01 14:29:02,326 TestWatcher(32) @@@@@@ TEST FINISHED - 34 [ms]  -  org.support.project.knowledge.logic.integration.PostProtectLogicIntegrationTest#testExecNotifyQueue
INFO  2018-05-01 14:29:02,327 TestWatcher(24) @@@@@@ TEST START - org.support.project.knowledge.logic.integration.PostProtectLogicIntegrationTest#testCheckUserNotification
INFO  2018-05-01 14:29:02,327 PostProtectLogicIntegrationTest(125) 通知確認
INFO  2018-05-01 14:29:02,334 TestWatcher(32) @@@@@@ TEST FINISHED - 7 [ms]  -  org.support.project.knowledge.logic.integration.PostProtectLogicIntegrationTest#testCheckUserNotification
INFO  2018-05-01 14:29:02,335 TestWatcher(24) @@@@@@ TEST START - org.support.project.knowledge.logic.integration.PostProtectLogicIntegrationTest#testKnowledgeView
INFO  2018-05-01 14:29:02,337 PostProtectLogicIntegrationTest(151) 記事を参照
INFO  2018-05-01 14:29:02,368 TestWatcher(32) @@@@@@ TEST FINISHED - 33 [ms]  -  org.support.project.knowledge.logic.integration.PostProtectLogicIntegrationTest#testKnowledgeView
INFO  2018-05-01 14:29:02,403 TestCommon(153) init data
INFO  2018-05-01 14:29:02,528 InitDB(107) migrate is start.
INFO  2018-05-01 14:29:02,529 InitDB(141) Lastest database version is 1.13.0 now
INFO  2018-05-01 14:29:02,530 Intercepter(213) error. [object]class org.support.project.web.dao.SystemsDao_$$_jvstc5c_0[proceed]_d17executeQuerySingle[param0]SELECT * FROM SYSTEMS WHERE SYSTEM_NAME = ?  AND DELETE_FLAG = 0[param1]class org.support.project.web.entity.SystemsEntity[param2][Ljava.lang.Object;@2a19c36b
[throwable.getMessage()] テーブル "SYSTEMS" が見つかりません
Table "SYSTEMS" not found; SQL statement:
SELECT * FROM SYSTEMS WHERE SYSTEM_NAME = ?  AND DELETE_FLAG = 0 [42102-196] [cause] テーブル "SYSTEMS" が見つかりません
Table "SYSTEMS" not found; SQL statement:
SELECT * FROM SYSTEMS WHERE SYSTEM_NAME = ?  AND DELETE_FLAG = 0 [42102-196]
----- SQL Infomation -----
[sql]SELECT * FROM SYSTEMS WHERE SYSTEM_NAME = ?  AND DELETE_FLAG = 0
[params]
	[params][0]knowledge
[execute]SELECT * FROM SYSTEMS WHERE SYSTEM_NAME = knowledge  AND DELETE_FLAG = 0

ERROR 2018-05-01 14:29:02,530 Transaction(58) Error(Rollback) : org.support.project.web.dao.SystemsDao_$$_jvstc5c_0#_d50selectOnKey
INFO  2018-05-01 14:29:02,531 Intercepter(213) error. [object]class org.support.project.web.dao.SystemsDao_$$_jvstc5c_0[proceed]_d50selectOnKey[param0]knowledge
[throwable.getMessage()] テーブル "SYSTEMS" が見つかりません
Table "SYSTEMS" not found; SQL statement:
SELECT * FROM SYSTEMS WHERE SYSTEM_NAME = ?  AND DELETE_FLAG = 0 [42102-196] [cause] テーブル "SYSTEMS" が見つかりません
Table "SYSTEMS" not found; SQL statement:
SELECT * FROM SYSTEMS WHERE SYSTEM_NAME = ?  AND DELETE_FLAG = 0 [42102-196]
----- SQL Infomation -----
[sql]SELECT * FROM SYSTEMS WHERE SYSTEM_NAME = ?  AND DELETE_FLAG = 0
[params]
	[params][0]knowledge
[execute]SELECT * FROM SYSTEMS WHERE SYSTEM_NAME = knowledge  AND DELETE_FLAG = 0

INFO  2018-05-01 14:29:02,542 InitializeDao(43) Database initialize start.
INFO  2018-05-01 14:29:02,621 InitializeDao(49) /org/support/project/web/database/ddl.sql is loaded.
INFO  2018-05-01 14:29:02,714 InitializeDao(49) /org/support/project/knowledge/database/ddl.sql is loaded.
INFO  2018-05-01 14:29:02,719 InitializeDao(49) /org/support/project/knowledge/database/init_datas.sql is loaded.
INFO  2018-05-01 14:29:02,720 InitializeDao(51) Database initialize finish.
INFO  2018-05-01 14:29:02,783 InitDB(203) Migrate to 1.13.0
INFO  2018-05-01 14:29:03,519 TestWatcher(24) @@@@@@ TEST START - org.support.project.knowledge.integration.IntegrationSurveyTest#testUserInsert
INFO  2018-05-01 14:29:03,519 IntegrationSurveyTest(50) ユーザ登録
INFO  2018-05-01 14:29:03,703 TestWatcher(32) @@@@@@ TEST FINISHED - 184 [ms]  -  org.support.project.knowledge.integration.IntegrationSurveyTest#testUserInsert
INFO  2018-05-01 14:29:03,703 TestWatcher(24) @@@@@@ TEST START - org.support.project.knowledge.integration.IntegrationSurveyTest#testPostPublic
INFO  2018-05-01 14:29:03,735 IntegrationSurveyTest(88) {"children":[],"code":200,"message":"登録しました。","result":"1","status":0}
INFO  2018-05-01 14:29:03,736 TestWatcher(32) @@@@@@ TEST FINISHED - 33 [ms]  -  org.support.project.knowledge.integration.IntegrationSurveyTest#testPostPublic
INFO  2018-05-01 14:29:03,736 TestWatcher(24) @@@@@@ TEST START - org.support.project.knowledge.integration.IntegrationSurveyTest#testAssertAfterPost
INFO  2018-05-01 14:29:03,830 AbstractBat(31) NotifyMailBat is start.
INFO  2018-05-01 14:29:03,830 NotifyMailBat(52) Notify process started.
INFO  2018-05-01 14:29:03,853 NotifyMailBat(70) Notify process finished. count: 1
INFO  2018-05-01 14:29:03,853 NotifyMailBat(72) Notify event started.
INFO  2018-05-01 14:29:03,854 NotifyMailBat(74) Notify event finished.
INFO  2018-05-01 14:29:03,855 AbstractBat(43) Finished
INFO  2018-05-01 14:29:03,870 TestWatcher(32) @@@@@@ TEST FINISHED - 134 [ms]  -  org.support.project.knowledge.integration.IntegrationSurveyTest#testAssertAfterPost
INFO  2018-05-01 14:29:03,871 TestWatcher(24) @@@@@@ TEST START - org.support.project.knowledge.integration.IntegrationSurveyTest#testCreateSurvey
INFO  2018-05-01 14:29:03,917 IntegrationSurveyTest(140) {"children":[],"code":200,"message":"保存しました。","result":"saved","status":0}
INFO  2018-05-01 14:29:03,917 TestWatcher(32) @@@@@@ TEST FINISHED - 46 [ms]  -  org.support.project.knowledge.integration.IntegrationSurveyTest#testCreateSurvey
INFO  2018-05-01 14:29:03,918 TestWatcher(24) @@@@@@ TEST START - org.support.project.knowledge.integration.IntegrationSurveyTest#testAssertAfterCreateSurvey
INFO  2018-05-01 14:29:04,016 TestWatcher(32) @@@@@@ TEST FINISHED - 98 [ms]  -  org.support.project.knowledge.integration.IntegrationSurveyTest#testAssertAfterCreateSurvey
INFO  2018-05-01 14:29:04,016 TestWatcher(24) @@@@@@ TEST START - org.support.project.knowledge.integration.IntegrationSurveyTest#testAnswerSurvey
INFO  2018-05-01 14:29:04,032 IntegrationSurveyTest(176) org.support.project.web.boundary.JsonBoundary@18a38bba
INFO  2018-05-01 14:29:04,155 IntegrationSurveyTest(192) {"children":[],"code":200,"message":"保存しました。","result":"9","status":0}
INFO  2018-05-01 14:29:04,156 TestWatcher(32) @@@@@@ TEST FINISHED - 140 [ms]  -  org.support.project.knowledge.integration.IntegrationSurveyTest#testAnswerSurvey
INFO  2018-05-01 14:29:04,157 TestWatcher(24) @@@@@@ TEST START - org.support.project.knowledge.integration.IntegrationSurveyTest#testAssertAfterAnswer
INFO  2018-05-01 14:29:04,229 TestWatcher(32) @@@@@@ TEST FINISHED - 72 [ms]  -  org.support.project.knowledge.integration.IntegrationSurveyTest#testAssertAfterAnswer
INFO  2018-05-01 14:29:04,230 TestWatcher(24) @@@@@@ TEST START - org.support.project.knowledge.integration.IntegrationSurveyTest#testActivityHistory
INFO  2018-05-01 14:29:04,253 TestWatcher(32) @@@@@@ TEST FINISHED - 23 [ms]  -  org.support.project.knowledge.integration.IntegrationSurveyTest#testActivityHistory
INFO  2018-05-01 14:29:04,254 TestWatcher(24) @@@@@@ TEST START - org.support.project.knowledge.integration.IntegrationSurveyTest#testAggregate
INFO  2018-05-01 14:29:04,254 AggregateLogic(104) Set view count to Knowledge
WARN  2018-05-01 14:29:04,462 UserConfigsDao(33) Remove all user config on POINT
WARN  2018-05-01 14:29:04,462 PointKnowledgeHistoriesDao(63) Remove all point knowledge histories
WARN  2018-05-01 14:29:04,463 PointUserHistoriesDao(89) Remove all point user histories
WARN  2018-05-01 14:29:04,464 ActivitiesDao(89) Remove all activities
INFO  2018-05-01 14:29:04,465 AggregateLogic(426) Aggregate point by knowledge insert
INFO  2018-05-01 14:29:04,676 AggregateLogic(389) Aggregate point by knowledge show
INFO  2018-05-01 14:29:04,998 AggregateLogic(352) Aggregate point by knowledge like
INFO  2018-05-01 14:29:05,101 AggregateLogic(314) Aggregate point by knowledge stock
INFO  2018-05-01 14:29:05,207 AggregateLogic(276) Aggregate point by knowledge answer
INFO  2018-05-01 14:29:05,426 AggregateLogic(239) Aggregate point by knowledge join event
INFO  2018-05-01 14:29:05,527 AggregateLogic(207) Aggregate point by comment insert
INFO  2018-05-01 14:29:05,633 AggregateLogic(169) Aggregate point by comment like
INFO  2018-05-01 14:29:05,738 AggregateLogic(123) Recalc user cp
INFO  2018-05-01 14:29:05,740 AggregateLogic(139)   Recalculation total point. [user]1
INFO  2018-05-01 14:29:05,947 AggregateLogic(139)   Recalculation total point. [user]2
INFO  2018-05-01 14:29:06,155 AggregateLogic(139)   Recalculation total point. [user]3
INFO  2018-05-01 14:29:06,364 AggregateLogic(139)   Recalculation total point. [user]4
INFO  2018-05-01 14:29:06,568 AggregateLogic(139)   Recalculation total point. [user]5
INFO  2018-05-01 14:29:06,774 AggregateLogic(139)   Recalculation total point. [user]6
INFO  2018-05-01 14:29:06,982 AggregateLogic(139)   Recalculation total point. [user]7
INFO  2018-05-01 14:29:07,190 AggregateLogic(139)   Recalculation total point. [user]8
INFO  2018-05-01 14:29:07,708 AggregateLogic(139)   Recalculation total point. [user]9
INFO  2018-05-01 14:29:08,122 AggregateLogic(139)   Recalculation total point. [user]10
INFO  2018-05-01 14:29:08,474 TestWatcher(32) @@@@@@ TEST FINISHED - 4220 [ms]  -  org.support.project.knowledge.integration.IntegrationSurveyTest#testAggregate
INFO  2018-05-01 14:29:08,475 TestWatcher(24) @@@@@@ TEST START - org.support.project.knowledge.integration.IntegrationSurveyTest#testEditAble
INFO  2018-05-01 14:29:08,518 IntegrationSurveyTest(270) {"children":[],"code":200,"message":"登録しました。","result":"2","status":0}
INFO  2018-05-01 14:29:08,547 IntegrationSurveyTest(310) {"children":[],"code":200,"message":"保存しました。","result":"saved","status":0}
INFO  2018-05-01 14:29:08,565 TestWatcher(32) @@@@@@ TEST FINISHED - 90 [ms]  -  org.support.project.knowledge.integration.IntegrationSurveyTest#testEditAble
INFO  2018-05-01 14:29:08,608 TestCommon(153) init data
INFO  2018-05-01 14:29:08,728 InitDB(107) migrate is start.
INFO  2018-05-01 14:29:08,729 InitDB(141) Lastest database version is 1.13.0 now
INFO  2018-05-01 14:29:08,730 Intercepter(213) error. [object]class org.support.project.web.dao.SystemsDao_$$_jvstc5c_0[proceed]_d17executeQuerySingle[param0]SELECT * FROM SYSTEMS WHERE SYSTEM_NAME = ?  AND DELETE_FLAG = 0[param1]class org.support.project.web.entity.SystemsEntity[param2][Ljava.lang.Object;@642f8b7f
[throwable.getMessage()] テーブル "SYSTEMS" が見つかりません
Table "SYSTEMS" not found; SQL statement:
SELECT * FROM SYSTEMS WHERE SYSTEM_NAME = ?  AND DELETE_FLAG = 0 [42102-196] [cause] テーブル "SYSTEMS" が見つかりません
Table "SYSTEMS" not found; SQL statement:
SELECT * FROM SYSTEMS WHERE SYSTEM_NAME = ?  AND DELETE_FLAG = 0 [42102-196]
----- SQL Infomation -----
[sql]SELECT * FROM SYSTEMS WHERE SYSTEM_NAME = ?  AND DELETE_FLAG = 0
[params]
	[params][0]knowledge
[execute]SELECT * FROM SYSTEMS WHERE SYSTEM_NAME = knowledge  AND DELETE_FLAG = 0

ERROR 2018-05-01 14:29:08,730 Transaction(58) Error(Rollback) : org.support.project.web.dao.SystemsDao_$$_jvstc5c_0#_d50selectOnKey
INFO  2018-05-01 14:29:08,731 Intercepter(213) error. [object]class org.support.project.web.dao.SystemsDao_$$_jvstc5c_0[proceed]_d50selectOnKey[param0]knowledge
[throwable.getMessage()] テーブル "SYSTEMS" が見つかりません
Table "SYSTEMS" not found; SQL statement:
SELECT * FROM SYSTEMS WHERE SYSTEM_NAME = ?  AND DELETE_FLAG = 0 [42102-196] [cause] テーブル "SYSTEMS" が見つかりません
Table "SYSTEMS" not found; SQL statement:
SELECT * FROM SYSTEMS WHERE SYSTEM_NAME = ?  AND DELETE_FLAG = 0 [42102-196]
----- SQL Infomation -----
[sql]SELECT * FROM SYSTEMS WHERE SYSTEM_NAME = ?  AND DELETE_FLAG = 0
[params]
	[params][0]knowledge
[execute]SELECT * FROM SYSTEMS WHERE SYSTEM_NAME = knowledge  AND DELETE_FLAG = 0

INFO  2018-05-01 14:29:08,742 InitializeDao(43) Database initialize start.
INFO  2018-05-01 14:29:08,905 InitializeDao(49) /org/support/project/web/database/ddl.sql is loaded.
INFO  2018-05-01 14:29:09,072 InitializeDao(49) /org/support/project/knowledge/database/ddl.sql is loaded.
INFO  2018-05-01 14:29:09,075 InitializeDao(49) /org/support/project/knowledge/database/init_datas.sql is loaded.
INFO  2018-05-01 14:29:09,075 InitializeDao(51) Database initialize finish.
INFO  2018-05-01 14:29:09,155 InitDB(203) Migrate to 1.13.0
INFO  2018-05-01 14:29:09,868 TestWatcher(24) @@@@@@ TEST START - org.support.project.knowledge.logic.integration.PostPrivateLogicIntegrationTest#testUserInsert
INFO  2018-05-01 14:29:09,868 PostPrivateLogicIntegrationTest(53) ユーザ登録
INFO  2018-05-01 14:29:09,989 TestWatcher(32) @@@@@@ TEST FINISHED - 121 [ms]  -  org.support.project.knowledge.logic.integration.PostPrivateLogicIntegrationTest#testUserInsert
INFO  2018-05-01 14:29:09,990 TestWatcher(24) @@@@@@ TEST START - org.support.project.knowledge.logic.integration.PostPrivateLogicIntegrationTest#testCheckNotify
INFO  2018-05-01 14:29:09,990 PostPrivateLogicIntegrationTest(78) 通知設定確認
INFO  2018-05-01 14:29:09,993 TestWatcher(32) @@@@@@ TEST FINISHED - 3 [ms]  -  org.support.project.knowledge.logic.integration.PostPrivateLogicIntegrationTest#testCheckNotify
INFO  2018-05-01 14:29:09,994 TestWatcher(24) @@@@@@ TEST START - org.support.project.knowledge.logic.integration.PostPrivateLogicIntegrationTest#testInsertKnowledge
INFO  2018-05-01 14:29:09,994 PostPrivateLogicIntegrationTest(106) 記事投稿
INFO  2018-05-01 14:29:10,024 TestWatcher(32) @@@@@@ TEST FINISHED - 30 [ms]  -  org.support.project.knowledge.logic.integration.PostPrivateLogicIntegrationTest#testInsertKnowledge
INFO  2018-05-01 14:29:10,025 TestWatcher(24) @@@@@@ TEST START - org.support.project.knowledge.logic.integration.PostPrivateLogicIntegrationTest#testCheckNotifyQueue
INFO  2018-05-01 14:29:10,025 PostPrivateLogicIntegrationTest(128) 通知キュー確認
INFO  2018-05-01 14:29:10,026 TestWatcher(32) @@@@@@ TEST FINISHED - 1 [ms]  -  org.support.project.knowledge.logic.integration.PostPrivateLogicIntegrationTest#testCheckNotifyQueue
INFO  2018-05-01 14:29:10,026 TestWatcher(24) @@@@@@ TEST START - org.support.project.knowledge.logic.integration.PostPrivateLogicIntegrationTest#testExecNotifyQueue
INFO  2018-05-01 14:29:10,026 PostPrivateLogicIntegrationTest(140) 通知キューを処理
INFO  2018-05-01 14:29:10,029 AbstractBat(31) NotifyMailBat is start.
INFO  2018-05-01 14:29:10,031 NotifyMailBat(52) Notify process started.
INFO  2018-05-01 14:29:10,041 NotifyMailBat(70) Notify process finished. count: 1
INFO  2018-05-01 14:29:10,041 NotifyMailBat(72) Notify event started.
INFO  2018-05-01 14:29:10,042 NotifyMailBat(74) Notify event finished.
INFO  2018-05-01 14:29:10,043 AbstractBat(43) Finished
INFO  2018-05-01 14:29:10,043 TestWatcher(32) @@@@@@ TEST FINISHED - 17 [ms]  -  org.support.project.knowledge.logic.integration.PostPrivateLogicIntegrationTest#testExecNotifyQueue
INFO  2018-05-01 14:29:10,044 TestWatcher(24) @@@@@@ TEST START - org.support.project.knowledge.logic.integration.PostPrivateLogicIntegrationTest#testCheckUserNotification
INFO  2018-05-01 14:29:10,044 PostPrivateLogicIntegrationTest(159) 通知確認
INFO  2018-05-01 14:29:10,045 TestWatcher(32) @@@@@@ TEST FINISHED - 1 [ms]  -  org.support.project.knowledge.logic.integration.PostPrivateLogicIntegrationTest#testCheckUserNotification
INFO  2018-05-01 14:29:10,045 TestWatcher(24) @@@@@@ TEST START - org.support.project.knowledge.logic.integration.PostPrivateLogicIntegrationTest#testKnowledgeView
INFO  2018-05-01 14:29:10,046 PostPrivateLogicIntegrationTest(171) 記事を参照
INFO  2018-05-01 14:29:10,064 TestWatcher(32) @@@@@@ TEST FINISHED - 19 [ms]  -  org.support.project.knowledge.logic.integration.PostPrivateLogicIntegrationTest#testKnowledgeView
INFO  2018-05-01 14:29:10,103 TestCommon(153) init data
INFO  2018-05-01 14:29:10,224 InitDB(107) migrate is start.
INFO  2018-05-01 14:29:10,225 InitDB(141) Lastest database version is 1.13.0 now
INFO  2018-05-01 14:29:10,226 Intercepter(213) error. [object]class org.support.project.web.dao.SystemsDao_$$_jvstc5c_0[proceed]_d17executeQuerySingle[param0]SELECT * FROM SYSTEMS WHERE SYSTEM_NAME = ?  AND DELETE_FLAG = 0[param1]class org.support.project.web.entity.SystemsEntity[param2][Ljava.lang.Object;@7de43652
[throwable.getMessage()] テーブル "SYSTEMS" が見つかりません
Table "SYSTEMS" not found; SQL statement:
SELECT * FROM SYSTEMS WHERE SYSTEM_NAME = ?  AND DELETE_FLAG = 0 [42102-196] [cause] テーブル "SYSTEMS" が見つかりません
Table "SYSTEMS" not found; SQL statement:
SELECT * FROM SYSTEMS WHERE SYSTEM_NAME = ?  AND DELETE_FLAG = 0 [42102-196]
----- SQL Infomation -----
[sql]SELECT * FROM SYSTEMS WHERE SYSTEM_NAME = ?  AND DELETE_FLAG = 0
[params]
	[params][0]knowledge
[execute]SELECT * FROM SYSTEMS WHERE SYSTEM_NAME = knowledge  AND DELETE_FLAG = 0

ERROR 2018-05-01 14:29:10,226 Transaction(58) Error(Rollback) : org.support.project.web.dao.SystemsDao_$$_jvstc5c_0#_d50selectOnKey
INFO  2018-05-01 14:29:10,227 Intercepter(213) error. [object]class org.support.project.web.dao.SystemsDao_$$_jvstc5c_0[proceed]_d50selectOnKey[param0]knowledge
[throwable.getMessage()] テーブル "SYSTEMS" が見つかりません
Table "SYSTEMS" not found; SQL statement:
SELECT * FROM SYSTEMS WHERE SYSTEM_NAME = ?  AND DELETE_FLAG = 0 [42102-196] [cause] テーブル "SYSTEMS" が見つかりません
Table "SYSTEMS" not found; SQL statement:
SELECT * FROM SYSTEMS WHERE SYSTEM_NAME = ?  AND DELETE_FLAG = 0 [42102-196]
----- SQL Infomation -----
[sql]SELECT * FROM SYSTEMS WHERE SYSTEM_NAME = ?  AND DELETE_FLAG = 0
[params]
	[params][0]knowledge
[execute]SELECT * FROM SYSTEMS WHERE SYSTEM_NAME = knowledge  AND DELETE_FLAG = 0

INFO  2018-05-01 14:29:10,238 InitializeDao(43) Database initialize start.
INFO  2018-05-01 14:29:10,329 InitializeDao(49) /org/support/project/web/database/ddl.sql is loaded.
INFO  2018-05-01 14:29:10,438 InitializeDao(49) /org/support/project/knowledge/database/ddl.sql is loaded.
INFO  2018-05-01 14:29:10,441 InitializeDao(49) /org/support/project/knowledge/database/init_datas.sql is loaded.
INFO  2018-05-01 14:29:10,441 InitializeDao(51) Database initialize finish.
INFO  2018-05-01 14:29:10,515 InitDB(203) Migrate to 1.13.0
INFO  2018-05-01 14:29:11,223 TestWatcher(24) @@@@@@ TEST START - org.support.project.knowledge.dao.KnowledgesDaoTest#testSelectPopularityWithAccessControl
INFO  2018-05-01 14:29:11,714 Intercepter(213) error. [object]class org.support.project.knowledge.logic.activity.KnowledgeSaveActivity_$$_jvstc5c_29[proceed]_d5execute
[throwable.getMessage()] null
ERROR 2018-05-01 14:29:11,714 ActivityLogic(106) error
java.lang.NullPointerException
	at org.support.project.knowledge.logic.activity.AbstractAddPointForKnowledgeProcessor.execute(AbstractAddPointForKnowledgeProcessor.java:83)
	at org.support.project.ormapping.transaction.Transaction.invoke(Transaction.java:48)
	at org.support.project.knowledge.logic.activity.ActivityLogic.execute(ActivityLogic.java:103)
	at org.support.project.knowledge.logic.activity.ActivityLogic.processKnowledgeSaveActivity(ActivityLogic.java:141)
	at org.support.project.ormapping.transaction.Transaction.invoke(Transaction.java:48)
	at org.support.project.knowledge.logic.KnowledgeLogic.insert(KnowledgeLogic.java:228)
	at org.support.project.ormapping.transaction.Transaction.invoke(Transaction.java:48)
	at org.support.project.knowledge.dao.KnowledgesDaoTest.testSelectPopularityWithAccessControl(KnowledgesDaoTest.java:110)
	at org.junit.runners.model.FrameworkMethod$1.runReflectiveCall(FrameworkMethod.java:47)
	at org.junit.internal.runners.model.ReflectiveCallable.run(ReflectiveCallable.java:12)
	at org.junit.runners.model.FrameworkMethod.invokeExplosively(FrameworkMethod.java:44)
	at org.junit.internal.runners.statements.InvokeMethod.evaluate(InvokeMethod.java:17)
	at org.junit.internal.runners.statements.RunBefores.evaluate(RunBefores.java:26)
	at org.junit.internal.runners.statements.RunAfters.evaluate(RunAfters.java:27)
	at org.junit.rules.TestWatcher$1.evaluate(TestWatcher.java:55)
	at org.junit.rules.RunRules.evaluate(RunRules.java:20)
	at org.junit.runners.ParentRunner.runLeaf(ParentRunner.java:271)
	at org.junit.runners.BlockJUnit4ClassRunner.runChild(BlockJUnit4ClassRunner.java:70)
	at org.junit.runners.BlockJUnit4ClassRunner.runChild(BlockJUnit4ClassRunner.java:50)
	at org.junit.runners.ParentRunner$3.run(ParentRunner.java:238)
	at org.junit.runners.ParentRunner$1.schedule(ParentRunner.java:63)
	at org.junit.runners.ParentRunner.runChildren(ParentRunner.java:236)
	at org.junit.runners.ParentRunner.access$000(ParentRunner.java:53)
	at org.junit.runners.ParentRunner$2.evaluate(ParentRunner.java:229)
	at org.junit.internal.runners.statements.RunBefores.evaluate(RunBefores.java:26)
	at org.junit.internal.runners.statements.RunAfters.evaluate(RunAfters.java:27)
	at org.junit.runners.ParentRunner.run(ParentRunner.java:309)
	at org.eclipse.jdt.internal.junit4.runner.JUnit4TestReference.run(JUnit4TestReference.java:86)
	at org.eclipse.jdt.internal.junit.runner.TestExecution.run(TestExecution.java:38)
	at org.eclipse.jdt.internal.junit.runner.RemoteTestRunner.runTests(RemoteTestRunner.java:538)
	at org.eclipse.jdt.internal.junit.runner.RemoteTestRunner.runTests(RemoteTestRunner.java:760)
	at org.eclipse.jdt.internal.junit.runner.RemoteTestRunner.run(RemoteTestRunner.java:460)
	at org.eclipse.jdt.internal.junit.runner.RemoteTestRunner.main(RemoteTestRunner.java:206)
INFO  2018-05-01 14:29:11,718 Intercepter(213) error. [object]class org.support.project.knowledge.dao.KnowledgeUsersDao_$$_jvstc5c_11[proceed]_d18executeUpdate[param0]INSERT INTO KNOWLEDGE_USERS ( KNOWLEDGE_ID , USER_ID , INSERT_USER , INSERT_DATETIME , UPDATE_USER , UPDATE_DATETIME , DELETE_FLAG ) VALUES ( ? , ? , ? , ? , ? , ? , ? )[param1][Ljava.lang.Object;@be9bf2e
[throwable.getMessage()] 列 "KNOWLEDGE_ID" にはnull値が許されていません
NULL not allowed for column "KNOWLEDGE_ID"; SQL statement:
INSERT INTO KNOWLEDGE_USERS ( KNOWLEDGE_ID , USER_ID , INSERT_USER , INSERT_DATETIME , UPDATE_USER , UPDATE_DATETIME , DELETE_FLAG ) VALUES ( ? , ? , ? , ? , ? , ? , ? ) [23502-196] [cause] 列 "KNOWLEDGE_ID" にはnull値が許されていません
NULL not allowed for column "KNOWLEDGE_ID"; SQL statement:
INSERT INTO KNOWLEDGE_USERS ( KNOWLEDGE_ID , USER_ID , INSERT_USER , INSERT_DATETIME , UPDATE_USER , UPDATE_DATETIME , DELETE_FLAG ) VALUES ( ? , ? , ? , ? , ? , ? , ? ) [23502-196]
----- SQL Infomation -----
[sql]INSERT INTO KNOWLEDGE_USERS ( KNOWLEDGE_ID , USER_ID , INSERT_USER , INSERT_DATETIME , UPDATE_USER , UPDATE_DATETIME , DELETE_FLAG ) VALUES ( ? , ? , ? , ? , ? , ? , ? )
[params]
	[params][0]null
	[params][1]2
	[params][2]2
	[params][3]2018-05-01 05:29:11.716
	[params][4]2
	[params][5]2018-05-01 05:29:11.716
	[params][6]0
[execute]INSERT INTO KNOWLEDGE_USERS ( KNOWLEDGE_ID , USER_ID , INSERT_USER , INSERT_DATETIME , UPDATE_USER , UPDATE_DATETIME , DELETE_FLAG ) VALUES ( null , 2 , 2 , 2018-05-01 05:29:11.716 , 2 , 2018-05-01 05:29:11.716 , 0 )

INFO  2018-05-01 14:29:11,718 Intercepter(213) error. [object]class org.support.project.knowledge.dao.KnowledgeUsersDao_$$_jvstc5c_11[proceed]_d35physicalInsert[param0]knowledgeId = null
userId = 2
insertUser = 2
insertDatetime = 2018-05-01 05:29:11.716
updateUser = 2
updateDatetime = 2018-05-01 05:29:11.716
deleteFlag = 0

[throwable.getMessage()] 列 "KNOWLEDGE_ID" にはnull値が許されていません
NULL not allowed for column "KNOWLEDGE_ID"; SQL statement:
INSERT INTO KNOWLEDGE_USERS ( KNOWLEDGE_ID , USER_ID , INSERT_USER , INSERT_DATETIME , UPDATE_USER , UPDATE_DATETIME , DELETE_FLAG ) VALUES ( ? , ? , ? , ? , ? , ? , ? ) [23502-196] [cause] 列 "KNOWLEDGE_ID" にはnull値が許されていません
NULL not allowed for column "KNOWLEDGE_ID"; SQL statement:
INSERT INTO KNOWLEDGE_USERS ( KNOWLEDGE_ID , USER_ID , INSERT_USER , INSERT_DATETIME , UPDATE_USER , UPDATE_DATETIME , DELETE_FLAG ) VALUES ( ? , ? , ? , ? , ? , ? , ? ) [23502-196]
----- SQL Infomation -----
[sql]INSERT INTO KNOWLEDGE_USERS ( KNOWLEDGE_ID , USER_ID , INSERT_USER , INSERT_DATETIME , UPDATE_USER , UPDATE_DATETIME , DELETE_FLAG ) VALUES ( ? , ? , ? , ? , ? , ? , ? )
[params]
	[params][0]null
	[params][1]2
	[params][2]2
	[params][3]2018-05-01 05:29:11.716
	[params][4]2
	[params][5]2018-05-01 05:29:11.716
	[params][6]0
[execute]INSERT INTO KNOWLEDGE_USERS ( KNOWLEDGE_ID , USER_ID , INSERT_USER , INSERT_DATETIME , UPDATE_USER , UPDATE_DATETIME , DELETE_FLAG ) VALUES ( null , 2 , 2 , 2018-05-01 05:29:11.716 , 2 , 2018-05-01 05:29:11.716 , 0 )

INFO  2018-05-01 14:29:11,718 Intercepter(213) error. [object]class org.support.project.knowledge.dao.KnowledgeUsersDao_$$_jvstc5c_11[proceed]_d26insert[param0]2[param1]knowledgeId = null
userId = 2
insertUser = 2
insertDatetime = 2018-05-01 05:29:11.716
updateUser = 2
updateDatetime = 2018-05-01 05:29:11.716
deleteFlag = 0

[throwable.getMessage()] 列 "KNOWLEDGE_ID" にはnull値が許されていません
NULL not allowed for column "KNOWLEDGE_ID"; SQL statement:
INSERT INTO KNOWLEDGE_USERS ( KNOWLEDGE_ID , USER_ID , INSERT_USER , INSERT_DATETIME , UPDATE_USER , UPDATE_DATETIME , DELETE_FLAG ) VALUES ( ? , ? , ? , ? , ? , ? , ? ) [23502-196] [cause] 列 "KNOWLEDGE_ID" にはnull値が許されていません
NULL not allowed for column "KNOWLEDGE_ID"; SQL statement:
INSERT INTO KNOWLEDGE_USERS ( KNOWLEDGE_ID , USER_ID , INSERT_USER , INSERT_DATETIME , UPDATE_USER , UPDATE_DATETIME , DELETE_FLAG ) VALUES ( ? , ? , ? , ? , ? , ? , ? ) [23502-196]
----- SQL Infomation -----
[sql]INSERT INTO KNOWLEDGE_USERS ( KNOWLEDGE_ID , USER_ID , INSERT_USER , INSERT_DATETIME , UPDATE_USER , UPDATE_DATETIME , DELETE_FLAG ) VALUES ( ? , ? , ? , ? , ? , ? , ? )
[params]
	[params][0]null
	[params][1]2
	[params][2]2
	[params][3]2018-05-01 05:29:11.716
	[params][4]2
	[params][5]2018-05-01 05:29:11.716
	[params][6]0
[execute]INSERT INTO KNOWLEDGE_USERS ( KNOWLEDGE_ID , USER_ID , INSERT_USER , INSERT_DATETIME , UPDATE_USER , UPDATE_DATETIME , DELETE_FLAG ) VALUES ( null , 2 , 2 , 2018-05-01 05:29:11.716 , 2 , 2018-05-01 05:29:11.716 , 0 )

INFO  2018-05-01 14:29:11,719 Intercepter(213) error. [object]class org.support.project.knowledge.dao.KnowledgeUsersDao_$$_jvstc5c_11[proceed]_d27insert[param0]knowledgeId = null
userId = 2
insertUser = 2
insertDatetime = 2018-05-01 05:29:11.716
updateUser = 2
updateDatetime = 2018-05-01 05:29:11.716
deleteFlag = 0

[throwable.getMessage()] 列 "KNOWLEDGE_ID" にはnull値が許されていません
NULL not allowed for column "KNOWLEDGE_ID"; SQL statement:
INSERT INTO KNOWLEDGE_USERS ( KNOWLEDGE_ID , USER_ID , INSERT_USER , INSERT_DATETIME , UPDATE_USER , UPDATE_DATETIME , DELETE_FLAG ) VALUES ( ? , ? , ? , ? , ? , ? , ? ) [23502-196] [cause] 列 "KNOWLEDGE_ID" にはnull値が許されていません
NULL not allowed for column "KNOWLEDGE_ID"; SQL statement:
INSERT INTO KNOWLEDGE_USERS ( KNOWLEDGE_ID , USER_ID , INSERT_USER , INSERT_DATETIME , UPDATE_USER , UPDATE_DATETIME , DELETE_FLAG ) VALUES ( ? , ? , ? , ? , ? , ? , ? ) [23502-196]
----- SQL Infomation -----
[sql]INSERT INTO KNOWLEDGE_USERS ( KNOWLEDGE_ID , USER_ID , INSERT_USER , INSERT_DATETIME , UPDATE_USER , UPDATE_DATETIME , DELETE_FLAG ) VALUES ( ? , ? , ? , ? , ? , ? , ? )
[params]
	[params][0]null
	[params][1]2
	[params][2]2
	[params][3]2018-05-01 05:29:11.716
	[params][4]2
	[params][5]2018-05-01 05:29:11.716
	[params][6]0
[execute]INSERT INTO KNOWLEDGE_USERS ( KNOWLEDGE_ID , USER_ID , INSERT_USER , INSERT_DATETIME , UPDATE_USER , UPDATE_DATETIME , DELETE_FLAG ) VALUES ( null , 2 , 2 , 2018-05-01 05:29:11.716 , 2 , 2018-05-01 05:29:11.716 , 0 )

ERROR 2018-05-01 14:29:11,719 Transaction(58) Error(Rollback) : org.support.project.knowledge.logic.KnowledgeLogic_$$_jvstc5c_f#_d16insert
INFO  2018-05-01 14:29:11,720 Intercepter(213) error. [object]class org.support.project.knowledge.logic.KnowledgeLogic_$$_jvstc5c_f[proceed]_d16insert[param0]org.support.project.knowledge.vo.KnowledgeData@623d222[param1]org.support.project.web.bean.LoginedUser@949f0d[param2]false
[throwable.getMessage()] 列 "KNOWLEDGE_ID" にはnull値が許されていません
NULL not allowed for column "KNOWLEDGE_ID"; SQL statement:
INSERT INTO KNOWLEDGE_USERS ( KNOWLEDGE_ID , USER_ID , INSERT_USER , INSERT_DATETIME , UPDATE_USER , UPDATE_DATETIME , DELETE_FLAG ) VALUES ( ? , ? , ? , ? , ? , ? , ? ) [23502-196] [cause] 列 "KNOWLEDGE_ID" にはnull値が許されていません
NULL not allowed for column "KNOWLEDGE_ID"; SQL statement:
INSERT INTO KNOWLEDGE_USERS ( KNOWLEDGE_ID , USER_ID , INSERT_USER , INSERT_DATETIME , UPDATE_USER , UPDATE_DATETIME , DELETE_FLAG ) VALUES ( ? , ? , ? , ? , ? , ? , ? ) [23502-196]
----- SQL Infomation -----
[sql]INSERT INTO KNOWLEDGE_USERS ( KNOWLEDGE_ID , USER_ID , INSERT_USER , INSERT_DATETIME , UPDATE_USER , UPDATE_DATETIME , DELETE_FLAG ) VALUES ( ? , ? , ? , ? , ? , ? , ? )
[params]
	[params][0]null
	[params][1]2
	[params][2]2
	[params][3]2018-05-01 05:29:11.716
	[params][4]2
	[params][5]2018-05-01 05:29:11.716
	[params][6]0
[execute]INSERT INTO KNOWLEDGE_USERS ( KNOWLEDGE_ID , USER_ID , INSERT_USER , INSERT_DATETIME , UPDATE_USER , UPDATE_DATETIME , DELETE_FLAG ) VALUES ( null , 2 , 2 , 2018-05-01 05:29:11.716 , 2 , 2018-05-01 05:29:11.716 , 0 )

ERROR 2018-05-01 14:29:11,720 TestWatcher(37) {"annotations":[{}],"children":[],"className":"org.support.project.knowledge.dao.KnowledgesDaoTest","displayName":"testSelectPopularityWithAccessControl(org.support.project.knowledge.dao.KnowledgesDaoTest)","empty":false,"methodName":"testSelectPopularityWithAccessControl","suite":false,"test":true,"testClass":"org.support.project.knowledge.dao.KnowledgesDaoTest"}
org.support.project.ormapping.exception.ORMappingException: 列 "KNOWLEDGE_ID" にはnull値が許されていません
NULL not allowed for column "KNOWLEDGE_ID"; SQL statement:
INSERT INTO KNOWLEDGE_USERS ( KNOWLEDGE_ID , USER_ID , INSERT_USER , INSERT_DATETIME , UPDATE_USER , UPDATE_DATETIME , DELETE_FLAG ) VALUES ( ? , ? , ? , ? , ? , ? , ? ) [23502-196] [cause] 列 "KNOWLEDGE_ID" にはnull値が許されていません
NULL not allowed for column "KNOWLEDGE_ID"; SQL statement:
INSERT INTO KNOWLEDGE_USERS ( KNOWLEDGE_ID , USER_ID , INSERT_USER , INSERT_DATETIME , UPDATE_USER , UPDATE_DATETIME , DELETE_FLAG ) VALUES ( ? , ? , ? , ? , ? , ? , ? ) [23502-196]
----- SQL Infomation -----
[sql]INSERT INTO KNOWLEDGE_USERS ( KNOWLEDGE_ID , USER_ID , INSERT_USER , INSERT_DATETIME , UPDATE_USER , UPDATE_DATETIME , DELETE_FLAG ) VALUES ( ? , ? , ? , ? , ? , ? , ? )
[params]
	[params][0]null
	[params][1]2
	[params][2]2
	[params][3]2018-05-01 05:29:11.716
	[params][4]2
	[params][5]2018-05-01 05:29:11.716
	[params][6]0
[execute]INSERT INTO KNOWLEDGE_USERS ( KNOWLEDGE_ID , USER_ID , INSERT_USER , INSERT_DATETIME , UPDATE_USER , UPDATE_DATETIME , DELETE_FLAG ) VALUES ( null , 2 , 2 , 2018-05-01 05:29:11.716 , 2 , 2018-05-01 05:29:11.716 , 0 )

	at org.support.project.ormapping.dao.AbstractDao.executeUpdate(AbstractDao.java:484)
	at org.support.project.ormapping.transaction.Transaction.invoke(Transaction.java:48)
	at org.support.project.knowledge.dao.gen.GenKnowledgeUsersDao.physicalInsert(GenKnowledgeUsersDao.java:236)
	at org.support.project.ormapping.transaction.Transaction.invoke(Transaction.java:48)
	at org.support.project.knowledge.dao.gen.GenKnowledgeUsersDao.insert(GenKnowledgeUsersDao.java:260)
	at org.support.project.ormapping.transaction.Transaction.invoke(Transaction.java:48)
	at org.support.project.knowledge.dao.gen.GenKnowledgeUsersDao.insert(GenKnowledgeUsersDao.java:272)
	at org.support.project.ormapping.transaction.Transaction.invoke(Transaction.java:48)
	at org.support.project.knowledge.logic.KnowledgeLogic.saveAccessUser(KnowledgeLogic.java:425)
	at org.support.project.knowledge.logic.KnowledgeLogic.insert(KnowledgeLogic.java:198)
	at org.support.project.ormapping.transaction.Transaction.invoke(Transaction.java:48)
	at org.support.project.knowledge.dao.KnowledgesDaoTest.testSelectPopularityWithAccessControl(KnowledgesDaoTest.java:110)
	at org.junit.runners.model.FrameworkMethod$1.runReflectiveCall(FrameworkMethod.java:47)
	at org.junit.internal.runners.model.ReflectiveCallable.run(ReflectiveCallable.java:12)
	at org.junit.runners.model.FrameworkMethod.invokeExplosively(FrameworkMethod.java:44)
	at org.junit.internal.runners.statements.InvokeMethod.evaluate(InvokeMethod.java:17)
	at org.junit.internal.runners.statements.RunBefores.evaluate(RunBefores.java:26)
	at org.junit.internal.runners.statements.RunAfters.evaluate(RunAfters.java:27)
	at org.junit.rules.TestWatcher$1.evaluate(TestWatcher.java:55)
	at org.junit.rules.RunRules.evaluate(RunRules.java:20)
	at org.junit.runners.ParentRunner.runLeaf(ParentRunner.java:271)
	at org.junit.runners.BlockJUnit4ClassRunner.runChild(BlockJUnit4ClassRunner.java:70)
	at org.junit.runners.BlockJUnit4ClassRunner.runChild(BlockJUnit4ClassRunner.java:50)
	at org.junit.runners.ParentRunner$3.run(ParentRunner.java:238)
	at org.junit.runners.ParentRunner$1.schedule(ParentRunner.java:63)
	at org.junit.runners.ParentRunner.runChildren(ParentRunner.java:236)
	at org.junit.runners.ParentRunner.access$000(ParentRunner.java:53)
	at org.junit.runners.ParentRunner$2.evaluate(ParentRunner.java:229)
	at org.junit.internal.runners.statements.RunBefores.evaluate(RunBefores.java:26)
	at org.junit.internal.runners.statements.RunAfters.evaluate(RunAfters.java:27)
	at org.junit.runners.ParentRunner.run(ParentRunner.java:309)
	at org.eclipse.jdt.internal.junit4.runner.JUnit4TestReference.run(JUnit4TestReference.java:86)
	at org.eclipse.jdt.internal.junit.runner.TestExecution.run(TestExecution.java:38)
	at org.eclipse.jdt.internal.junit.runner.RemoteTestRunner.runTests(RemoteTestRunner.java:538)
	at org.eclipse.jdt.internal.junit.runner.RemoteTestRunner.runTests(RemoteTestRunner.java:760)
	at org.eclipse.jdt.internal.junit.runner.RemoteTestRunner.run(RemoteTestRunner.java:460)
	at org.eclipse.jdt.internal.junit.runner.RemoteTestRunner.main(RemoteTestRunner.java:206)
Caused by: org.h2.jdbc.JdbcSQLException: 列 "KNOWLEDGE_ID" にはnull値が許されていません
NULL not allowed for column "KNOWLEDGE_ID"; SQL statement:
INSERT INTO KNOWLEDGE_USERS ( KNOWLEDGE_ID , USER_ID , INSERT_USER , INSERT_DATETIME , UPDATE_USER , UPDATE_DATETIME , DELETE_FLAG ) VALUES ( ? , ? , ? , ? , ? , ? , ? ) [23502-196]
	at org.h2.message.DbException.getJdbcSQLException(DbException.java:345)
	at org.h2.message.DbException.get(DbException.java:179)
	at org.h2.message.DbException.get(DbException.java:155)
	at org.h2.table.Column.validateConvertUpdateSequence(Column.java:345)
	at org.h2.table.Table.validateConvertUpdateSequence(Table.java:797)
	at org.h2.command.dml.Insert.insertRows(Insert.java:151)
	at org.h2.command.dml.Insert.update(Insert.java:114)
	at org.h2.command.CommandContainer.update(CommandContainer.java:101)
	at org.h2.command.Command.executeUpdate(Command.java:260)
	at org.h2.server.TcpServerThread.process(TcpServerThread.java:354)
	at org.h2.server.TcpServerThread.run(TcpServerThread.java:158)
	at java.lang.Thread.run(Thread.java:745)

	at org.h2.engine.SessionRemote.done(SessionRemote.java:629)
	at org.h2.command.CommandRemote.executeUpdate(CommandRemote.java:209)
	at org.h2.jdbc.JdbcPreparedStatement.executeUpdateInternal(JdbcPreparedStatement.java:164)
	at org.h2.jdbc.JdbcPreparedStatement.executeUpdate(JdbcPreparedStatement.java:150)
	at org.support.project.ormapping.dao.AbstractDao.executeUpdate(AbstractDao.java:473)
	... 36 more
INFO  2018-05-01 14:29:11,721 TestWatcher(32) @@@@@@ TEST FINISHED - 498 [ms]  -  org.support.project.knowledge.dao.KnowledgesDaoTest#testSelectPopularityWithAccessControl
INFO  2018-05-01 14:29:11,721 TestWatcher(24) @@@@@@ TEST START - org.support.project.knowledge.dao.KnowledgesDaoTest#testSelectKnowledges
INFO  2018-05-01 14:29:12,035 KnowledgesDaoTest(48) {"anonymous":0,"commentCount":0,"content":"テスト","deleteFlag":0,"insertDatetime":1525152551721,"insertUser":2,"insertUserName":"テストユーザ1","keyValues":[18],"knowledgeId":18,"likeCount":0,"notifyStatus":0,"point":0,"pointOnTerm":null,"publicFlag":0,"score":null,"startDateTime":null,"tagIds":"","tagNames":"","title":"Test-0","typeId":0,"updateDatetime":1525152551721,"updateUser":2,"updateUserName":"テストユーザ1","viewCount":0}
INFO  2018-05-01 14:29:12,036 KnowledgesDaoTest(48) {"anonymous":0,"commentCount":0,"content":"テスト","deleteFlag":0,"insertDatetime":1525152551745,"insertUser":2,"insertUserName":"テストユーザ1","keyValues":[19],"knowledgeId":19,"likeCount":0,"notifyStatus":0,"point":0,"pointOnTerm":null,"publicFlag":0,"score":null,"startDateTime":null,"tagIds":"","tagNames":"","title":"Test-1","typeId":0,"updateDatetime":1525152551745,"updateUser":2,"updateUserName":"テストユーザ1","viewCount":0}
INFO  2018-05-01 14:29:12,036 KnowledgesDaoTest(48) {"anonymous":0,"commentCount":0,"content":"テスト","deleteFlag":0,"insertDatetime":1525152551767,"insertUser":2,"insertUserName":"テストユーザ1","keyValues":[20],"knowledgeId":20,"likeCount":0,"notifyStatus":0,"point":0,"pointOnTerm":null,"publicFlag":0,"score":null,"startDateTime":null,"tagIds":"","tagNames":"","title":"Test-2","typeId":0,"updateDatetime":1525152551767,"updateUser":2,"updateUserName":"テストユーザ1","viewCount":0}
INFO  2018-05-01 14:29:12,037 KnowledgesDaoTest(48) {"anonymous":0,"commentCount":0,"content":"テスト","deleteFlag":0,"insertDatetime":1525152551814,"insertUser":2,"insertUserName":"テストユーザ1","keyValues":[21],"knowledgeId":21,"likeCount":0,"notifyStatus":0,"point":0,"pointOnTerm":null,"publicFlag":0,"score":null,"startDateTime":null,"tagIds":"","tagNames":"","title":"Test-3","typeId":0,"updateDatetime":1525152551814,"updateUser":2,"updateUserName":"テストユーザ1","viewCount":0}
INFO  2018-05-01 14:29:12,037 KnowledgesDaoTest(48) {"anonymous":0,"commentCount":0,"content":"テスト","deleteFlag":0,"insertDatetime":1525152551840,"insertUser":2,"insertUserName":"テストユーザ1","keyValues":[22],"knowledgeId":22,"likeCount":0,"notifyStatus":0,"point":0,"pointOnTerm":null,"publicFlag":0,"score":null,"startDateTime":null,"tagIds":"","tagNames":"","title":"Test-4","typeId":0,"updateDatetime":1525152551840,"updateUser":2,"updateUserName":"テストユーザ1","viewCount":0}
INFO  2018-05-01 14:29:12,038 KnowledgesDaoTest(48) {"anonymous":0,"commentCount":0,"content":"テスト","deleteFlag":0,"insertDatetime":1525152551865,"insertUser":2,"insertUserName":"テストユーザ1","keyValues":[23],"knowledgeId":23,"likeCount":0,"notifyStatus":0,"point":0,"pointOnTerm":null,"publicFlag":0,"score":null,"startDateTime":null,"tagIds":"","tagNames":"","title":"Test-5","typeId":0,"updateDatetime":1525152551865,"updateUser":2,"updateUserName":"テストユーザ1","viewCount":0}
INFO  2018-05-01 14:29:12,038 KnowledgesDaoTest(48) {"anonymous":0,"commentCount":0,"content":"テスト","deleteFlag":0,"insertDatetime":1525152551886,"insertUser":2,"insertUserName":"テストユーザ1","keyValues":[24],"knowledgeId":24,"likeCount":0,"notifyStatus":0,"point":0,"pointOnTerm":null,"publicFlag":0,"score":null,"startDateTime":null,"tagIds":"","tagNames":"","title":"Test-6","typeId":0,"updateDatetime":1525152551886,"updateUser":2,"updateUserName":"テストユーザ1","viewCount":0}
INFO  2018-05-01 14:29:12,038 KnowledgesDaoTest(48) {"anonymous":0,"commentCount":0,"content":"テスト","deleteFlag":0,"insertDatetime":1525152551907,"insertUser":2,"insertUserName":"テストユーザ1","keyValues":[25],"knowledgeId":25,"likeCount":0,"notifyStatus":0,"point":0,"pointOnTerm":null,"publicFlag":0,"score":null,"startDateTime":null,"tagIds":"","tagNames":"","title":"Test-7","typeId":0,"updateDatetime":1525152551907,"updateUser":2,"updateUserName":"テストユーザ1","viewCount":0}
INFO  2018-05-01 14:29:12,039 KnowledgesDaoTest(48) {"anonymous":0,"commentCount":0,"content":"テスト","deleteFlag":0,"insertDatetime":1525152551931,"insertUser":2,"insertUserName":"テストユーザ1","keyValues":[26],"knowledgeId":26,"likeCount":0,"notifyStatus":0,"point":0,"pointOnTerm":null,"publicFlag":0,"score":null,"startDateTime":null,"tagIds":"","tagNames":"","title":"Test-8","typeId":0,"updateDatetime":1525152551931,"updateUser":2,"updateUserName":"テストユーザ1","viewCount":0}
INFO  2018-05-01 14:29:12,039 KnowledgesDaoTest(48) {"anonymous":0,"commentCount":0,"content":"テスト","deleteFlag":0,"insertDatetime":1525152551961,"insertUser":2,"insertUserName":"テストユーザ1","keyValues":[27],"knowledgeId":27,"likeCount":0,"notifyStatus":0,"point":0,"pointOnTerm":null,"publicFlag":0,"score":null,"startDateTime":null,"tagIds":"","tagNames":"","title":"Test-9","typeId":0,"updateDatetime":1525152551961,"updateUser":2,"updateUserName":"テストユーザ1","viewCount":0}
INFO  2018-05-01 14:29:12,039 TestWatcher(32) @@@@@@ TEST FINISHED - 318 [ms]  -  org.support.project.knowledge.dao.KnowledgesDaoTest#testSelectKnowledges
INFO  2018-05-01 14:29:12,040 TestWatcher(24) @@@@@@ TEST START - org.support.project.knowledge.dao.KnowledgesDaoTest#testSelectPopularity
INFO  2018-05-01 14:29:12,087 KnowledgesDaoTest(75) [0]20
INFO  2018-05-01 14:29:12,151 KnowledgesDaoTest(75) [1]20
INFO  2018-05-01 14:29:12,184 KnowledgesDaoTest(75) [2]20
INFO  2018-05-01 14:29:12,216 KnowledgesDaoTest(75) [3]20
INFO  2018-05-01 14:29:12,246 KnowledgesDaoTest(75) [4]20
INFO  2018-05-01 14:29:12,274 KnowledgesDaoTest(75) [5]20
INFO  2018-05-01 14:29:12,315 KnowledgesDaoTest(75) [6]20
INFO  2018-05-01 14:29:12,364 KnowledgesDaoTest(75) [7]20
INFO  2018-05-01 14:29:12,404 KnowledgesDaoTest(75) [8]20
INFO  2018-05-01 14:29:12,455 KnowledgesDaoTest(75) [9]20
INFO  2018-05-01 14:29:12,505 KnowledgesDaoTest(75) [10]20
INFO  2018-05-01 14:29:12,548 KnowledgesDaoTest(75) [11]20
INFO  2018-05-01 14:29:12,584 KnowledgesDaoTest(75) [12]20
INFO  2018-05-01 14:29:12,615 KnowledgesDaoTest(75) [13]20
INFO  2018-05-01 14:29:12,648 KnowledgesDaoTest(75) [14]20
INFO  2018-05-01 14:29:12,681 KnowledgesDaoTest(75) [15]20
INFO  2018-05-01 14:29:12,731 KnowledgesDaoTest(75) [16]20
INFO  2018-05-01 14:29:12,763 KnowledgesDaoTest(75) [17]20
INFO  2018-05-01 14:29:12,805 KnowledgesDaoTest(75) [18]20
INFO  2018-05-01 14:29:12,869 KnowledgesDaoTest(75) [19]20
INFO  2018-05-01 14:29:12,937 KnowledgesDaoTest(75) [20]20
INFO  2018-05-01 14:29:12,965 KnowledgesDaoTest(75) [21]20
INFO  2018-05-01 14:29:12,988 KnowledgesDaoTest(75) [22]20
INFO  2018-05-01 14:29:13,042 KnowledgesDaoTest(75) [23]20
INFO  2018-05-01 14:29:13,086 KnowledgesDaoTest(75) [24]20
INFO  2018-05-01 14:29:13,127 KnowledgesDaoTest(75) [25]20
INFO  2018-05-01 14:29:13,166 KnowledgesDaoTest(75) [26]20
INFO  2018-05-01 14:29:13,209 KnowledgesDaoTest(75) [27]20
INFO  2018-05-01 14:29:13,257 KnowledgesDaoTest(75) [28]20
INFO  2018-05-01 14:29:13,306 KnowledgesDaoTest(75) [29]30
INFO  2018-05-01 14:29:13,307 KnowledgesDaoTest(81) 2018-04-01 05:29
INFO  2018-05-01 14:29:13,307 KnowledgesDaoTest(86) 2018-05-02 05:29
INFO  2018-05-01 14:29:13,313 KnowledgesDaoTest(91) Test-29:30 : 30
INFO  2018-05-01 14:29:13,313 KnowledgesDaoTest(91) Test-28:20 : 20
INFO  2018-05-01 14:29:13,313 KnowledgesDaoTest(91) Test-27:20 : 20
INFO  2018-05-01 14:29:13,313 KnowledgesDaoTest(91) Test-26:20 : 20
INFO  2018-05-01 14:29:13,314 KnowledgesDaoTest(91) Test-25:20 : 20
INFO  2018-05-01 14:29:13,314 KnowledgesDaoTest(91) Test-24:20 : 20
INFO  2018-05-01 14:29:13,314 KnowledgesDaoTest(91) Test-23:20 : 20
INFO  2018-05-01 14:29:13,314 KnowledgesDaoTest(91) Test-22:20 : 20
INFO  2018-05-01 14:29:13,314 KnowledgesDaoTest(91) Test-21:20 : 20
INFO  2018-05-01 14:29:13,314 KnowledgesDaoTest(91) Test-20:20 : 20
INFO  2018-05-01 14:29:13,315 KnowledgesDaoTest(91) Test-19:20 : 20
INFO  2018-05-01 14:29:13,315 KnowledgesDaoTest(91) Test-18:20 : 20
INFO  2018-05-01 14:29:13,315 KnowledgesDaoTest(91) Test-17:20 : 20
INFO  2018-05-01 14:29:13,315 KnowledgesDaoTest(91) Test-16:20 : 20
INFO  2018-05-01 14:29:13,315 KnowledgesDaoTest(91) Test-15:20 : 20
INFO  2018-05-01 14:29:13,315 KnowledgesDaoTest(91) Test-14:20 : 20
INFO  2018-05-01 14:29:13,315 KnowledgesDaoTest(91) Test-13:20 : 20
INFO  2018-05-01 14:29:13,316 KnowledgesDaoTest(91) Test-12:20 : 20
INFO  2018-05-01 14:29:13,316 KnowledgesDaoTest(91) Test-11:20 : 20
INFO  2018-05-01 14:29:13,316 KnowledgesDaoTest(91) Test-10:20 : 20
INFO  2018-05-01 14:29:13,316 TestWatcher(32) @@@@@@ TEST FINISHED - 1276 [ms]  -  org.support.project.knowledge.dao.KnowledgesDaoTest#testSelectPopularity
INFO  2018-05-01 14:29:13,320 SearchConditionTest(34) インデックスを削除しました
INFO  2018-05-01 14:29:13,388 SearchConditionTest(126) {"contents":"contents:testTemplateFilter","highlightedContents":null,"highlightedTitle":null,"id":"215627","score":"NaN","title":"title:testTemplateFilter","type":0}
INFO  2018-05-01 14:29:13,394 SearchConditionTest(34) インデックスを削除しました
INFO  2018-05-01 14:29:13,435 SearchConditionTest(97) {"contents":"contents:testTemplateFilter","highlightedContents":null,"highlightedTitle":null,"id":"395368","score":"NaN","title":"title:testTemplateFilter","type":0}
INFO  2018-05-01 14:29:13,438 SearchConditionTest(106) {"contents":"contents:testTemplateFilter","highlightedContents":null,"highlightedTitle":null,"id":"623953","score":"NaN","title":"title:testTemplateFilter","type":0}
INFO  2018-05-01 14:29:13,439 SearchConditionTest(106) {"contents":"contents:testTemplateFilter","highlightedContents":null,"highlightedTitle":null,"id":"395368","score":"NaN","title":"title:testTemplateFilter","type":0}
INFO  2018-05-01 14:29:13,475 TestCommon(153) init data
INFO  2018-05-01 14:29:13,614 InitDB(107) migrate is start.
INFO  2018-05-01 14:29:13,615 InitDB(141) Lastest database version is 1.13.0 now
INFO  2018-05-01 14:29:13,616 Intercepter(213) error. [object]class org.support.project.web.dao.SystemsDao_$$_jvstc5c_0[proceed]_d17executeQuerySingle[param0]SELECT * FROM SYSTEMS WHERE SYSTEM_NAME = ?  AND DELETE_FLAG = 0[param1]class org.support.project.web.entity.SystemsEntity[param2][Ljava.lang.Object;@c6c5b66
[throwable.getMessage()] テーブル "SYSTEMS" が見つかりません
Table "SYSTEMS" not found; SQL statement:
SELECT * FROM SYSTEMS WHERE SYSTEM_NAME = ?  AND DELETE_FLAG = 0 [42102-196] [cause] テーブル "SYSTEMS" が見つかりません
Table "SYSTEMS" not found; SQL statement:
SELECT * FROM SYSTEMS WHERE SYSTEM_NAME = ?  AND DELETE_FLAG = 0 [42102-196]
----- SQL Infomation -----
[sql]SELECT * FROM SYSTEMS WHERE SYSTEM_NAME = ?  AND DELETE_FLAG = 0
[params]
	[params][0]knowledge
[execute]SELECT * FROM SYSTEMS WHERE SYSTEM_NAME = knowledge  AND DELETE_FLAG = 0

ERROR 2018-05-01 14:29:13,616 Transaction(58) Error(Rollback) : org.support.project.web.dao.SystemsDao_$$_jvstc5c_0#_d50selectOnKey
INFO  2018-05-01 14:29:13,617 Intercepter(213) error. [object]class org.support.project.web.dao.SystemsDao_$$_jvstc5c_0[proceed]_d50selectOnKey[param0]knowledge
[throwable.getMessage()] テーブル "SYSTEMS" が見つかりません
Table "SYSTEMS" not found; SQL statement:
SELECT * FROM SYSTEMS WHERE SYSTEM_NAME = ?  AND DELETE_FLAG = 0 [42102-196] [cause] テーブル "SYSTEMS" が見つかりません
Table "SYSTEMS" not found; SQL statement:
SELECT * FROM SYSTEMS WHERE SYSTEM_NAME = ?  AND DELETE_FLAG = 0 [42102-196]
----- SQL Infomation -----
[sql]SELECT * FROM SYSTEMS WHERE SYSTEM_NAME = ?  AND DELETE_FLAG = 0
[params]
	[params][0]knowledge
[execute]SELECT * FROM SYSTEMS WHERE SYSTEM_NAME = knowledge  AND DELETE_FLAG = 0

INFO  2018-05-01 14:29:13,625 InitializeDao(43) Database initialize start.
INFO  2018-05-01 14:29:13,692 InitializeDao(49) /org/support/project/web/database/ddl.sql is loaded.
INFO  2018-05-01 14:29:13,818 InitializeDao(49) /org/support/project/knowledge/database/ddl.sql is loaded.
INFO  2018-05-01 14:29:13,821 InitializeDao(49) /org/support/project/knowledge/database/init_datas.sql is loaded.
INFO  2018-05-01 14:29:13,821 InitializeDao(51) Database initialize finish.
INFO  2018-05-01 14:29:13,879 InitDB(203) Migrate to 1.13.0
INFO  2018-05-01 14:29:14,600 TestWatcher(24) @@@@@@ TEST START - org.support.project.knowledge.logic.notification.KnowledgeUpdateNotificationTest#testInsertNotifyQueue
INFO  2018-05-01 14:29:14,602 KnowledgeUpdateNotificationTest(33) [{"deleteFlag":0,"hash":"61twEzzPscqw2yyMxlDsJYQLX4UW59","id":-1,"insertDatetime":1525152554600,"insertUser":2,"keyValues":["61twEzzPscqw2yyMxlDsJYQLX4UW59"],"type":1,"updateDatetime":1525152554600,"updateUser":2}]
INFO  2018-05-01 14:29:14,606 TestWatcher(32) @@@@@@ TEST FINISHED - 6 [ms]  -  org.support.project.knowledge.logic.notification.KnowledgeUpdateNotificationTest#testInsertNotifyQueue
INFO  2018-05-01 14:29:14,606 TestWatcher(24) @@@@@@ TEST START - org.support.project.knowledge.logic.notification.KnowledgeUpdateNotificationTest#testNotify
INFO  2018-05-01 14:29:14,629 KnowledgeUpdateNotificationTest(50) [{"deleteFlag":0,"hash":"6ENN2DaOTxkj9GlnMyVrRJadxfpzCv","id":1,"insertDatetime":1525152554621,"insertUser":2,"keyValues":["6ENN2DaOTxkj9GlnMyVrRJadxfpzCv"],"type":1,"updateDatetime":1525152554621,"updateUser":2}]
INFO  2018-05-01 14:29:14,638 KnowledgeUpdateNotification(261) mail config is not exists.
INFO  2018-05-01 14:29:14,641 KnowledgeUpdateNotificationTest(60) {"content":"{\"knowledgeId\":1,\"knowledgeTitle\":\"テスト\",\"updateUser\":\"テストユーザ1\"}","deleteFlag":0,"insertDatetime":1525152554634,"insertUser":2,"keyValues":[1],"no":1,"rowId":"C2C43AD564C67224E566107988B9D426","status":0,"title":"notify_insert_knowledge","updateDatetime":1525152554634,"updateUser":2}
INFO  2018-05-01 14:29:14,647 KnowledgeUpdateNotificationTest(72) {"children":[],"code":0,"message":"Knowledge 1 has been registered","result":"","status":0}
INFO  2018-05-01 14:29:14,647 TestWatcher(32) @@@@@@ TEST FINISHED - 41 [ms]  -  org.support.project.knowledge.logic.notification.KnowledgeUpdateNotificationTest#testNotify
INFO  2018-05-01 14:29:14,653 InitializeDao(43) Database initialize start.
INFO  2018-05-01 14:29:14,724 InitializeDao(49) /org/support/project/web/database/ddl.sql is loaded.
INFO  2018-05-01 14:29:14,724 InitializeDao(51) Database initialize finish.
WARN  2018-05-01 14:29:14,753 ValueConverter(47) listへの値変換はString型のみになるので、非推奨です
WARN  2018-05-01 14:29:14,753 ValueConverter(47) listへの値変換はString型のみになるので、非推奨です
INFO  2018-05-01 14:29:14,781 TestCommon(153) init data
INFO  2018-05-01 14:29:14,904 InitDB(107) migrate is start.
INFO  2018-05-01 14:29:14,904 InitDB(141) Lastest database version is 1.13.0 now
INFO  2018-05-01 14:29:14,906 Intercepter(213) error. [object]class org.support.project.web.dao.SystemsDao_$$_jvstc5c_0[proceed]_d17executeQuerySingle[param0]SELECT * FROM SYSTEMS WHERE SYSTEM_NAME = ?  AND DELETE_FLAG = 0[param1]class org.support.project.web.entity.SystemsEntity[param2][Ljava.lang.Object;@4ff7de80
[throwable.getMessage()] テーブル "SYSTEMS" が見つかりません
Table "SYSTEMS" not found; SQL statement:
SELECT * FROM SYSTEMS WHERE SYSTEM_NAME = ?  AND DELETE_FLAG = 0 [42102-196] [cause] テーブル "SYSTEMS" が見つかりません
Table "SYSTEMS" not found; SQL statement:
SELECT * FROM SYSTEMS WHERE SYSTEM_NAME = ?  AND DELETE_FLAG = 0 [42102-196]
----- SQL Infomation -----
[sql]SELECT * FROM SYSTEMS WHERE SYSTEM_NAME = ?  AND DELETE_FLAG = 0
[params]
	[params][0]knowledge
[execute]SELECT * FROM SYSTEMS WHERE SYSTEM_NAME = knowledge  AND DELETE_FLAG = 0

ERROR 2018-05-01 14:29:14,906 Transaction(58) Error(Rollback) : org.support.project.web.dao.SystemsDao_$$_jvstc5c_0#_d50selectOnKey
INFO  2018-05-01 14:29:14,907 Intercepter(213) error. [object]class org.support.project.web.dao.SystemsDao_$$_jvstc5c_0[proceed]_d50selectOnKey[param0]knowledge
[throwable.getMessage()] テーブル "SYSTEMS" が見つかりません
Table "SYSTEMS" not found; SQL statement:
SELECT * FROM SYSTEMS WHERE SYSTEM_NAME = ?  AND DELETE_FLAG = 0 [42102-196] [cause] テーブル "SYSTEMS" が見つかりません
Table "SYSTEMS" not found; SQL statement:
SELECT * FROM SYSTEMS WHERE SYSTEM_NAME = ?  AND DELETE_FLAG = 0 [42102-196]
----- SQL Infomation -----
[sql]SELECT * FROM SYSTEMS WHERE SYSTEM_NAME = ?  AND DELETE_FLAG = 0
[params]
	[params][0]knowledge
[execute]SELECT * FROM SYSTEMS WHERE SYSTEM_NAME = knowledge  AND DELETE_FLAG = 0

INFO  2018-05-01 14:29:14,916 InitializeDao(43) Database initialize start.
INFO  2018-05-01 14:29:14,968 InitializeDao(49) /org/support/project/web/database/ddl.sql is loaded.
INFO  2018-05-01 14:29:15,092 InitializeDao(49) /org/support/project/knowledge/database/ddl.sql is loaded.
INFO  2018-05-01 14:29:15,095 InitializeDao(49) /org/support/project/knowledge/database/init_datas.sql is loaded.
INFO  2018-05-01 14:29:15,095 InitializeDao(51) Database initialize finish.
INFO  2018-05-01 14:29:15,168 InitDB(203) Migrate to 1.13.0
INFO  2018-05-01 14:29:15,889 TestWatcher(24) @@@@@@ TEST START - org.support.project.knowledge.logic.notification.CommentLikedNotificationTest#testNotification
INFO  2018-05-01 14:29:15,972 CommentLikedNotificationTest(35) [{"deleteFlag":0,"hash":"I7AcxhP0HicxxS1XO6fvUAIBOBQlqG","id":1,"insertDatetime":1525152555905,"insertUser":2,"keyValues":["I7AcxhP0HicxxS1XO6fvUAIBOBQlqG"],"type":1,"updateDatetime":1525152555905,"updateUser":2},{"deleteFlag":0,"hash":"ElwBg4XNNvonFAmBmrPS1qVYqw9zDY","id":1,"insertDatetime":1525152555928,"insertUser":2,"keyValues":["ElwBg4XNNvonFAmBmrPS1qVYqw9zDY"],"type":11,"updateDatetime":1525152555928,"updateUser":2},{"deleteFlag":0,"hash":"yxjJ1nWj29TiWwlbDGInXDLXmSqLTk","id":1,"insertDatetime":1525152555938,"insertUser":2,"keyValues":["yxjJ1nWj29TiWwlbDGInXDLXmSqLTk"],"type":22,"updateDatetime":1525152555938,"updateUser":2}]
INFO  2018-05-01 14:29:15,995 LikeInsertNotification(176) mail config is not exists.
INFO  2018-05-01 14:29:16,001 CommentLikedNotificationTest(47) {"content":"{\"commentNo\":1,\"knowledgeId\":1,\"knowledgeTitle\":\"テスト\",\"likeInsertUser\":\"\",\"updateUser\":\"テストユーザ1\"}","deleteFlag":0,"insertDatetime":1525152555979,"insertUser":2,"keyValues":[1],"no":1,"rowId":"4B8A9FA5576B70F023F58A4601A0E925","status":0,"title":"notify_insert_like_my_comment_item","updateDatetime":1525152555979,"updateUser":2}
INFO  2018-05-01 14:29:16,014 CommentLikedNotificationTest(59) Knowledge 1 that you have posted I had praised it as "Like!"
INFO  2018-05-01 14:29:16,014 TestWatcher(32) @@@@@@ TEST FINISHED - 125 [ms]  -  org.support.project.knowledge.logic.notification.CommentLikedNotificationTest#testNotification
INFO  2018-05-01 14:29:16,097 TestCommon(153) init data
INFO  2018-05-01 14:29:16,226 InitDB(107) migrate is start.
INFO  2018-05-01 14:29:16,227 InitDB(141) Lastest database version is 1.13.0 now
INFO  2018-05-01 14:29:16,229 Intercepter(213) error. [object]class org.support.project.web.dao.SystemsDao_$$_jvstc5c_0[proceed]_d17executeQuerySingle[param0]SELECT * FROM SYSTEMS WHERE SYSTEM_NAME = ?  AND DELETE_FLAG = 0[param1]class org.support.project.web.entity.SystemsEntity[param2][Ljava.lang.Object;@7ddf7e77
[throwable.getMessage()] テーブル "SYSTEMS" が見つかりません
Table "SYSTEMS" not found; SQL statement:
SELECT * FROM SYSTEMS WHERE SYSTEM_NAME = ?  AND DELETE_FLAG = 0 [42102-196] [cause] テーブル "SYSTEMS" が見つかりません
Table "SYSTEMS" not found; SQL statement:
SELECT * FROM SYSTEMS WHERE SYSTEM_NAME = ?  AND DELETE_FLAG = 0 [42102-196]
----- SQL Infomation -----
[sql]SELECT * FROM SYSTEMS WHERE SYSTEM_NAME = ?  AND DELETE_FLAG = 0
[params]
	[params][0]knowledge
[execute]SELECT * FROM SYSTEMS WHERE SYSTEM_NAME = knowledge  AND DELETE_FLAG = 0

ERROR 2018-05-01 14:29:16,229 Transaction(58) Error(Rollback) : org.support.project.web.dao.SystemsDao_$$_jvstc5c_0#_d50selectOnKey
INFO  2018-05-01 14:29:16,230 Intercepter(213) error. [object]class org.support.project.web.dao.SystemsDao_$$_jvstc5c_0[proceed]_d50selectOnKey[param0]knowledge
[throwable.getMessage()] テーブル "SYSTEMS" が見つかりません
Table "SYSTEMS" not found; SQL statement:
SELECT * FROM SYSTEMS WHERE SYSTEM_NAME = ?  AND DELETE_FLAG = 0 [42102-196] [cause] テーブル "SYSTEMS" が見つかりません
Table "SYSTEMS" not found; SQL statement:
SELECT * FROM SYSTEMS WHERE SYSTEM_NAME = ?  AND DELETE_FLAG = 0 [42102-196]
----- SQL Infomation -----
[sql]SELECT * FROM SYSTEMS WHERE SYSTEM_NAME = ?  AND DELETE_FLAG = 0
[params]
	[params][0]knowledge
[execute]SELECT * FROM SYSTEMS WHERE SYSTEM_NAME = knowledge  AND DELETE_FLAG = 0

INFO  2018-05-01 14:29:16,242 InitializeDao(43) Database initialize start.
INFO  2018-05-01 14:29:16,306 InitializeDao(49) /org/support/project/web/database/ddl.sql is loaded.
INFO  2018-05-01 14:29:16,413 InitializeDao(49) /org/support/project/knowledge/database/ddl.sql is loaded.
INFO  2018-05-01 14:29:16,418 InitializeDao(49) /org/support/project/knowledge/database/init_datas.sql is loaded.
INFO  2018-05-01 14:29:16,418 InitializeDao(51) Database initialize finish.
INFO  2018-05-01 14:29:16,474 InitDB(203) Migrate to 1.13.0
INFO  2018-05-01 14:29:17,202 TestWatcher(24) @@@@@@ TEST START - org.support.project.knowledge.integration.IntegrationPostTest#testUserInsert
INFO  2018-05-01 14:29:17,252 IntegrationPostTest(56) ユーザ登録
INFO  2018-05-01 14:29:17,442 TestWatcher(32) @@@@@@ TEST FINISHED - 240 [ms]  -  org.support.project.knowledge.integration.IntegrationPostTest#testUserInsert
INFO  2018-05-01 14:29:17,442 TestWatcher(24) @@@@@@ TEST START - org.support.project.knowledge.integration.IntegrationPostTest#testAccessListByNoLoginUser
INFO  2018-05-01 14:29:17,500 TestWatcher(32) @@@@@@ TEST FINISHED - 58 [ms]  -  org.support.project.knowledge.integration.IntegrationPostTest#testAccessListByNoLoginUser
INFO  2018-05-01 14:29:17,501 TestWatcher(24) @@@@@@ TEST START - org.support.project.knowledge.integration.IntegrationPostTest#testAccessListByLoginedUser
INFO  2018-05-01 14:29:17,567 TestWatcher(32) @@@@@@ TEST FINISHED - 66 [ms]  -  org.support.project.knowledge.integration.IntegrationPostTest#testAccessListByLoginedUser
INFO  2018-05-01 14:29:17,567 TestWatcher(24) @@@@@@ TEST START - org.support.project.knowledge.integration.IntegrationPostTest#testInitNotificationByLoginedUser
INFO  2018-05-01 14:29:17,626 TestWatcher(32) @@@@@@ TEST FINISHED - 59 [ms]  -  org.support.project.knowledge.integration.IntegrationPostTest#testInitNotificationByLoginedUser
INFO  2018-05-01 14:29:17,628 TestWatcher(24) @@@@@@ TEST START - org.support.project.knowledge.integration.IntegrationPostTest#testInitCPByLoginedUser
INFO  2018-05-01 14:29:17,699 TestWatcher(32) @@@@@@ TEST FINISHED - 71 [ms]  -  org.support.project.knowledge.integration.IntegrationPostTest#testInitCPByLoginedUser
INFO  2018-05-01 14:29:17,699 TestWatcher(24) @@@@@@ TEST START - org.support.project.knowledge.integration.IntegrationPostTest#testPostPublic
INFO  2018-05-01 14:29:17,758 IntegrationPostTest(155) {"children":[{"children":[],"code":0,"message":"Titleは必須です。","result":null,"status":0}],"code":400,"message":"Bad Request","result":"Bad Request","status":3}
INFO  2018-05-01 14:29:17,784 IntegrationPostTest(165) {"children":[],"code":200,"message":"登録しました。","result":"1","status":0}
INFO  2018-05-01 14:29:17,784 TestWatcher(32) @@@@@@ TEST FINISHED - 85 [ms]  -  org.support.project.knowledge.integration.IntegrationPostTest#testPostPublic
INFO  2018-05-01 14:29:17,784 TestWatcher(24) @@@@@@ TEST START - org.support.project.knowledge.integration.IntegrationPostTest#testCPAfterPost
INFO  2018-05-01 14:29:17,880 TestWatcher(32) @@@@@@ TEST FINISHED - 96 [ms]  -  org.support.project.knowledge.integration.IntegrationPostTest#testCPAfterPost
INFO  2018-05-01 14:29:17,880 TestWatcher(24) @@@@@@ TEST START - org.support.project.knowledge.integration.IntegrationPostTest#testAccessListByNoLoginUser2
INFO  2018-05-01 14:29:17,951 TestWatcher(32) @@@@@@ TEST FINISHED - 71 [ms]  -  org.support.project.knowledge.integration.IntegrationPostTest#testAccessListByNoLoginUser2
INFO  2018-05-01 14:29:17,951 TestWatcher(24) @@@@@@ TEST START - org.support.project.knowledge.integration.IntegrationPostTest#testAccessListByLoginedUser2
INFO  2018-05-01 14:29:18,041 TestWatcher(32) @@@@@@ TEST FINISHED - 90 [ms]  -  org.support.project.knowledge.integration.IntegrationPostTest#testAccessListByLoginedUser2
INFO  2018-05-01 14:29:18,041 TestWatcher(24) @@@@@@ TEST START - org.support.project.knowledge.integration.IntegrationPostTest#testCPAfterRead
INFO  2018-05-01 14:29:18,132 TestWatcher(32) @@@@@@ TEST FINISHED - 91 [ms]  -  org.support.project.knowledge.integration.IntegrationPostTest#testCPAfterRead
INFO  2018-05-01 14:29:18,132 TestWatcher(24) @@@@@@ TEST START - org.support.project.knowledge.integration.IntegrationPostTest#testReAccessListByLoginedUser2
INFO  2018-05-01 14:29:18,236 TestWatcher(32) @@@@@@ TEST FINISHED - 104 [ms]  -  org.support.project.knowledge.integration.IntegrationPostTest#testReAccessListByLoginedUser2
INFO  2018-05-01 14:29:18,236 TestWatcher(24) @@@@@@ TEST START - org.support.project.knowledge.integration.IntegrationPostTest#testCPAfterReRead
INFO  2018-05-01 14:29:18,330 TestWatcher(32) @@@@@@ TEST FINISHED - 94 [ms]  -  org.support.project.knowledge.integration.IntegrationPostTest#testCPAfterReRead
INFO  2018-05-01 14:29:18,330 TestWatcher(24) @@@@@@ TEST START - org.support.project.knowledge.integration.IntegrationPostTest#testNothingNotificationByLoginedUser1
INFO  2018-05-01 14:29:18,393 TestWatcher(32) @@@@@@ TEST FINISHED - 63 [ms]  -  org.support.project.knowledge.integration.IntegrationPostTest#testNothingNotificationByLoginedUser1
INFO  2018-05-01 14:29:18,393 TestWatcher(24) @@@@@@ TEST START - org.support.project.knowledge.integration.IntegrationPostTest#testNothingNotificationByLoginedUser2
INFO  2018-05-01 14:29:18,451 TestWatcher(32) @@@@@@ TEST FINISHED - 58 [ms]  -  org.support.project.knowledge.integration.IntegrationPostTest#testNothingNotificationByLoginedUser2
INFO  2018-05-01 14:29:18,452 TestWatcher(24) @@@@@@ TEST START - org.support.project.knowledge.integration.IntegrationPostTest#testExecNotification
INFO  2018-05-01 14:29:18,506 AbstractBat(31) NotifyMailBat is start.
INFO  2018-05-01 14:29:18,506 NotifyMailBat(52) Notify process started.
INFO  2018-05-01 14:29:18,535 NotifyMailBat(70) Notify process finished. count: 1
INFO  2018-05-01 14:29:18,535 NotifyMailBat(72) Notify event started.
INFO  2018-05-01 14:29:18,536 NotifyMailBat(74) Notify event finished.
INFO  2018-05-01 14:29:18,536 AbstractBat(43) Finished
INFO  2018-05-01 14:29:18,537 TestWatcher(32) @@@@@@ TEST FINISHED - 85 [ms]  -  org.support.project.knowledge.integration.IntegrationPostTest#testExecNotification
INFO  2018-05-01 14:29:18,537 TestWatcher(24) @@@@@@ TEST START - org.support.project.knowledge.integration.IntegrationPostTest#testNotificationByLoginedUser1
INFO  2018-05-01 14:29:18,597 TestWatcher(32) @@@@@@ TEST FINISHED - 60 [ms]  -  org.support.project.knowledge.integration.IntegrationPostTest#testNotificationByLoginedUser1
INFO  2018-05-01 14:29:18,597 TestWatcher(24) @@@@@@ TEST START - org.support.project.knowledge.integration.IntegrationPostTest#testNotificationByLoginedUser2
INFO  2018-05-01 14:29:18,656 TestWatcher(32) @@@@@@ TEST FINISHED - 59 [ms]  -  org.support.project.knowledge.integration.IntegrationPostTest#testNotificationByLoginedUser2
INFO  2018-05-01 14:29:18,657 TestWatcher(24) @@@@@@ TEST START - org.support.project.knowledge.integration.IntegrationPostTest#testLikeByNoLoginUser
INFO  2018-05-01 14:29:18,735 TestWatcher(32) @@@@@@ TEST FINISHED - 78 [ms]  -  org.support.project.knowledge.integration.IntegrationPostTest#testLikeByNoLoginUser
INFO  2018-05-01 14:29:18,735 TestWatcher(24) @@@@@@ TEST START - org.support.project.knowledge.integration.IntegrationPostTest#testCPAfterLikeNotLogin
INFO  2018-05-01 14:29:18,838 TestWatcher(32) @@@@@@ TEST FINISHED - 103 [ms]  -  org.support.project.knowledge.integration.IntegrationPostTest#testCPAfterLikeNotLogin
INFO  2018-05-01 14:29:18,838 TestWatcher(24) @@@@@@ TEST START - org.support.project.knowledge.integration.IntegrationPostTest#testNotificationAfterLikeByAnonymous
INFO  2018-05-01 14:29:18,889 AbstractBat(31) NotifyMailBat is start.
INFO  2018-05-01 14:29:18,890 NotifyMailBat(52) Notify process started.
INFO  2018-05-01 14:29:18,900 NotifyMailBat(70) Notify process finished. count: 1
INFO  2018-05-01 14:29:18,900 NotifyMailBat(72) Notify event started.
INFO  2018-05-01 14:29:18,901 NotifyMailBat(74) Notify event finished.
INFO  2018-05-01 14:29:18,901 AbstractBat(43) Finished
INFO  2018-05-01 14:29:18,917 TestWatcher(32) @@@@@@ TEST FINISHED - 79 [ms]  -  org.support.project.knowledge.integration.IntegrationPostTest#testNotificationAfterLikeByAnonymous
INFO  2018-05-01 14:29:18,917 TestWatcher(24) @@@@@@ TEST START - org.support.project.knowledge.integration.IntegrationPostTest#testLikeByLoginUser1
INFO  2018-05-01 14:29:19,040 TestWatcher(32) @@@@@@ TEST FINISHED - 123 [ms]  -  org.support.project.knowledge.integration.IntegrationPostTest#testLikeByLoginUser1
INFO  2018-05-01 14:29:19,040 TestWatcher(24) @@@@@@ TEST START - org.support.project.knowledge.integration.IntegrationPostTest#testCPAfterLikeLogined
INFO  2018-05-01 14:29:19,134 TestWatcher(32) @@@@@@ TEST FINISHED - 94 [ms]  -  org.support.project.knowledge.integration.IntegrationPostTest#testCPAfterLikeLogined
INFO  2018-05-01 14:29:19,134 TestWatcher(24) @@@@@@ TEST START - org.support.project.knowledge.integration.IntegrationPostTest#testNotificationAfterLikeByUser1
INFO  2018-05-01 14:29:19,189 AbstractBat(31) NotifyMailBat is start.
INFO  2018-05-01 14:29:19,190 NotifyMailBat(52) Notify process started.
INFO  2018-05-01 14:29:19,203 NotifyMailBat(70) Notify process finished. count: 1
INFO  2018-05-01 14:29:19,203 NotifyMailBat(72) Notify event started.
INFO  2018-05-01 14:29:19,205 NotifyMailBat(74) Notify event finished.
INFO  2018-05-01 14:29:19,205 AbstractBat(43) Finished
INFO  2018-05-01 14:29:19,228 TestWatcher(32) @@@@@@ TEST FINISHED - 94 [ms]  -  org.support.project.knowledge.integration.IntegrationPostTest#testNotificationAfterLikeByUser1
INFO  2018-05-01 14:29:19,228 TestWatcher(24) @@@@@@ TEST START - org.support.project.knowledge.integration.IntegrationPostTest#testLikeByLoginUser2
INFO  2018-05-01 14:29:19,318 TestWatcher(32) @@@@@@ TEST FINISHED - 90 [ms]  -  org.support.project.knowledge.integration.IntegrationPostTest#testLikeByLoginUser2
INFO  2018-05-01 14:29:19,319 TestWatcher(24) @@@@@@ TEST START - org.support.project.knowledge.integration.IntegrationPostTest#testCPAfterLikeLogined2
INFO  2018-05-01 14:29:19,422 TestWatcher(32) @@@@@@ TEST FINISHED - 103 [ms]  -  org.support.project.knowledge.integration.IntegrationPostTest#testCPAfterLikeLogined2
INFO  2018-05-01 14:29:19,422 TestWatcher(24) @@@@@@ TEST START - org.support.project.knowledge.integration.IntegrationPostTest#testNotificationAfterLikeByUser2
INFO  2018-05-01 14:29:19,477 AbstractBat(31) NotifyMailBat is start.
INFO  2018-05-01 14:29:19,478 NotifyMailBat(52) Notify process started.
INFO  2018-05-01 14:29:19,489 NotifyMailBat(70) Notify process finished. count: 1
INFO  2018-05-01 14:29:19,490 NotifyMailBat(72) Notify event started.
INFO  2018-05-01 14:29:19,491 NotifyMailBat(74) Notify event finished.
INFO  2018-05-01 14:29:19,491 AbstractBat(43) Finished
INFO  2018-05-01 14:29:19,511 TestWatcher(32) @@@@@@ TEST FINISHED - 89 [ms]  -  org.support.project.knowledge.integration.IntegrationPostTest#testNotificationAfterLikeByUser2
INFO  2018-05-01 14:29:19,511 TestWatcher(24) @@@@@@ TEST START - org.support.project.knowledge.integration.IntegrationPostTest#testReLikeByLoginUser1
INFO  2018-05-01 14:29:19,658 TestWatcher(32) @@@@@@ TEST FINISHED - 147 [ms]  -  org.support.project.knowledge.integration.IntegrationPostTest#testReLikeByLoginUser1
INFO  2018-05-01 14:29:19,658 TestWatcher(24) @@@@@@ TEST START - org.support.project.knowledge.integration.IntegrationPostTest#testPostCommentByLoginUser1
INFO  2018-05-01 14:29:19,943 AbstractBat(31) NotifyMailBat is start.
INFO  2018-05-01 14:29:19,944 NotifyMailBat(52) Notify process started.
INFO  2018-05-01 14:29:19,967 NotifyMailBat(70) Notify process finished. count: 1
INFO  2018-05-01 14:29:19,968 NotifyMailBat(72) Notify event started.
INFO  2018-05-01 14:29:19,969 NotifyMailBat(74) Notify event finished.
INFO  2018-05-01 14:29:19,969 AbstractBat(43) Finished
INFO  2018-05-01 14:29:20,030 TestWatcher(32) @@@@@@ TEST FINISHED - 372 [ms]  -  org.support.project.knowledge.integration.IntegrationPostTest#testPostCommentByLoginUser1
INFO  2018-05-01 14:29:20,032 TestWatcher(24) @@@@@@ TEST START - org.support.project.knowledge.integration.IntegrationPostTest#testLikeCommentByLoginUser2
INFO  2018-05-01 14:29:20,205 AbstractBat(31) NotifyMailBat is start.
INFO  2018-05-01 14:29:20,210 NotifyMailBat(52) Notify process started.
INFO  2018-05-01 14:29:20,229 NotifyMailBat(70) Notify process finished. count: 1
INFO  2018-05-01 14:29:20,230 NotifyMailBat(72) Notify event started.
INFO  2018-05-01 14:29:20,231 NotifyMailBat(74) Notify event finished.
INFO  2018-05-01 14:29:20,231 AbstractBat(43) Finished
INFO  2018-05-01 14:29:20,258 TestWatcher(32) @@@@@@ TEST FINISHED - 226 [ms]  -  org.support.project.knowledge.integration.IntegrationPostTest#testLikeCommentByLoginUser2
INFO  2018-05-01 14:29:20,259 TestWatcher(24) @@@@@@ TEST START - org.support.project.knowledge.integration.IntegrationPostTest#testLikeCommentByLoginUser3
INFO  2018-05-01 14:29:20,409 AbstractBat(31) NotifyMailBat is start.
INFO  2018-05-01 14:29:20,410 NotifyMailBat(52) Notify process started.
INFO  2018-05-01 14:29:20,424 NotifyMailBat(70) Notify process finished. count: 1
INFO  2018-05-01 14:29:20,424 NotifyMailBat(72) Notify event started.
INFO  2018-05-01 14:29:20,425 NotifyMailBat(74) Notify event finished.
INFO  2018-05-01 14:29:20,425 AbstractBat(43) Finished
INFO  2018-05-01 14:29:20,446 TestWatcher(32) @@@@@@ TEST FINISHED - 187 [ms]  -  org.support.project.knowledge.integration.IntegrationPostTest#testLikeCommentByLoginUser3
INFO  2018-05-01 14:29:20,446 TestWatcher(24) @@@@@@ TEST START - org.support.project.knowledge.integration.IntegrationPostTest#testLikeCommentByLoginUser1
INFO  2018-05-01 14:29:20,620 AbstractBat(31) NotifyMailBat is start.
INFO  2018-05-01 14:29:20,620 NotifyMailBat(52) Notify process started.
INFO  2018-05-01 14:29:20,636 NotifyMailBat(70) Notify process finished. count: 1
INFO  2018-05-01 14:29:20,636 NotifyMailBat(72) Notify event started.
INFO  2018-05-01 14:29:20,637 NotifyMailBat(74) Notify event finished.
INFO  2018-05-01 14:29:20,637 AbstractBat(43) Finished
INFO  2018-05-01 14:29:20,666 TestWatcher(32) @@@@@@ TEST FINISHED - 220 [ms]  -  org.support.project.knowledge.integration.IntegrationPostTest#testLikeCommentByLoginUser1
INFO  2018-05-01 14:29:20,666 TestWatcher(24) @@@@@@ TEST START - org.support.project.knowledge.integration.IntegrationPostTest#testLikeCommentByAnonymous
INFO  2018-05-01 14:29:20,791 AbstractBat(31) NotifyMailBat is start.
INFO  2018-05-01 14:29:20,792 NotifyMailBat(52) Notify process started.
INFO  2018-05-01 14:29:20,811 NotifyMailBat(70) Notify process finished. count: 1
INFO  2018-05-01 14:29:20,811 NotifyMailBat(72) Notify event started.
INFO  2018-05-01 14:29:20,812 NotifyMailBat(74) Notify event finished.
INFO  2018-05-01 14:29:20,812 AbstractBat(43) Finished
INFO  2018-05-01 14:29:20,838 TestWatcher(32) @@@@@@ TEST FINISHED - 172 [ms]  -  org.support.project.knowledge.integration.IntegrationPostTest#testLikeCommentByAnonymous
INFO  2018-05-01 14:29:20,839 TestWatcher(24) @@@@@@ TEST START - org.support.project.knowledge.integration.IntegrationPostTest#testPostCommentByLoginUser2
INFO  2018-05-01 14:29:21,005 AbstractBat(31) NotifyMailBat is start.
INFO  2018-05-01 14:29:21,011 NotifyMailBat(52) Notify process started.
INFO  2018-05-01 14:29:21,072 NotifyMailBat(70) Notify process finished. count: 1
INFO  2018-05-01 14:29:21,072 NotifyMailBat(72) Notify event started.
INFO  2018-05-01 14:29:21,073 NotifyMailBat(74) Notify event finished.
INFO  2018-05-01 14:29:21,073 AbstractBat(43) Finished
INFO  2018-05-01 14:29:21,113 TestWatcher(32) @@@@@@ TEST FINISHED - 274 [ms]  -  org.support.project.knowledge.integration.IntegrationPostTest#testPostCommentByLoginUser2
INFO  2018-05-01 14:29:21,113 TestWatcher(24) @@@@@@ TEST START - org.support.project.knowledge.integration.IntegrationPostTest#testLikeCommentByCommentUserToKnowledgeUser
INFO  2018-05-01 14:29:21,315 AbstractBat(31) NotifyMailBat is start.
INFO  2018-05-01 14:29:21,316 NotifyMailBat(52) Notify process started.
INFO  2018-05-01 14:29:21,332 NotifyMailBat(70) Notify process finished. count: 1
INFO  2018-05-01 14:29:21,333 NotifyMailBat(72) Notify event started.
INFO  2018-05-01 14:29:21,334 NotifyMailBat(74) Notify event finished.
INFO  2018-05-01 14:29:21,334 AbstractBat(43) Finished
INFO  2018-05-01 14:29:21,388 TestWatcher(32) @@@@@@ TEST FINISHED - 275 [ms]  -  org.support.project.knowledge.integration.IntegrationPostTest#testLikeCommentByCommentUserToKnowledgeUser
INFO  2018-05-01 14:29:21,389 TestWatcher(24) @@@@@@ TEST START - org.support.project.knowledge.integration.IntegrationPostTest#testLikeCommentByKnowledgeUserToKnowledgeUser
INFO  2018-05-01 14:29:21,606 AbstractBat(31) NotifyMailBat is start.
INFO  2018-05-01 14:29:21,608 NotifyMailBat(52) Notify process started.
INFO  2018-05-01 14:29:21,631 NotifyMailBat(70) Notify process finished. count: 1
INFO  2018-05-01 14:29:21,631 NotifyMailBat(72) Notify event started.
INFO  2018-05-01 14:29:21,633 NotifyMailBat(74) Notify event finished.
INFO  2018-05-01 14:29:21,633 AbstractBat(43) Finished
INFO  2018-05-01 14:29:21,678 TestWatcher(32) @@@@@@ TEST FINISHED - 289 [ms]  -  org.support.project.knowledge.integration.IntegrationPostTest#testLikeCommentByKnowledgeUserToKnowledgeUser
INFO  2018-05-01 14:29:21,678 TestWatcher(24) @@@@@@ TEST START - org.support.project.knowledge.integration.IntegrationPostTest#testLikeCommentByReadUserToKnowledgeUser
INFO  2018-05-01 14:29:21,836 AbstractBat(31) NotifyMailBat is start.
INFO  2018-05-01 14:29:21,838 NotifyMailBat(52) Notify process started.
INFO  2018-05-01 14:29:21,852 NotifyMailBat(70) Notify process finished. count: 1
INFO  2018-05-01 14:29:21,852 NotifyMailBat(72) Notify event started.
INFO  2018-05-01 14:29:21,854 NotifyMailBat(74) Notify event finished.
INFO  2018-05-01 14:29:21,854 AbstractBat(43) Finished
INFO  2018-05-01 14:29:21,937 TestWatcher(32) @@@@@@ TEST FINISHED - 259 [ms]  -  org.support.project.knowledge.integration.IntegrationPostTest#testLikeCommentByReadUserToKnowledgeUser
INFO  2018-05-01 14:29:21,938 TestWatcher(24) @@@@@@ TEST START - org.support.project.knowledge.integration.IntegrationPostTest#testLikeCommentByNotLoginToKnowledgeUser
INFO  2018-05-01 14:29:22,112 AbstractBat(31) NotifyMailBat is start.
INFO  2018-05-01 14:29:22,115 NotifyMailBat(52) Notify process started.
INFO  2018-05-01 14:29:22,134 NotifyMailBat(70) Notify process finished. count: 1
INFO  2018-05-01 14:29:22,134 NotifyMailBat(72) Notify event started.
INFO  2018-05-01 14:29:22,135 NotifyMailBat(74) Notify event finished.
INFO  2018-05-01 14:29:22,135 AbstractBat(43) Finished
INFO  2018-05-01 14:29:22,181 TestWatcher(32) @@@@@@ TEST FINISHED - 243 [ms]  -  org.support.project.knowledge.integration.IntegrationPostTest#testLikeCommentByNotLoginToKnowledgeUser
INFO  2018-05-01 14:29:22,181 TestWatcher(24) @@@@@@ TEST START - org.support.project.knowledge.integration.IntegrationPostTest#testActivityHistory
INFO  2018-05-01 14:29:22,260 TestWatcher(32) @@@@@@ TEST FINISHED - 79 [ms]  -  org.support.project.knowledge.integration.IntegrationPostTest#testActivityHistory
INFO  2018-05-01 14:29:22,261 TestWatcher(24) @@@@@@ TEST START - org.support.project.knowledge.integration.IntegrationPostTest#testAggregate
INFO  2018-05-01 14:29:22,316 AggregateLogic(104) Set view count to Knowledge
WARN  2018-05-01 14:29:22,528 UserConfigsDao(33) Remove all user config on POINT
WARN  2018-05-01 14:29:22,529 PointKnowledgeHistoriesDao(63) Remove all point knowledge histories
WARN  2018-05-01 14:29:22,530 PointUserHistoriesDao(89) Remove all point user histories
WARN  2018-05-01 14:29:22,531 ActivitiesDao(89) Remove all activities
INFO  2018-05-01 14:29:22,532 AggregateLogic(426) Aggregate point by knowledge insert
INFO  2018-05-01 14:29:22,748 AggregateLogic(389) Aggregate point by knowledge show
INFO  2018-05-01 14:29:23,201 AggregateLogic(352) Aggregate point by knowledge like
INFO  2018-05-01 14:29:23,738 AggregateLogic(314) Aggregate point by knowledge stock
INFO  2018-05-01 14:29:23,844 AggregateLogic(276) Aggregate point by knowledge answer
INFO  2018-05-01 14:29:23,946 AggregateLogic(239) Aggregate point by knowledge join event
INFO  2018-05-01 14:29:24,048 AggregateLogic(207) Aggregate point by comment insert
INFO  2018-05-01 14:29:24,375 AggregateLogic(169) Aggregate point by comment like
INFO  2018-05-01 14:29:25,375 AggregateLogic(123) Recalc user cp
INFO  2018-05-01 14:29:25,377 AggregateLogic(139)   Recalculation total point. [user]1
INFO  2018-05-01 14:29:25,580 AggregateLogic(139)   Recalculation total point. [user]2
INFO  2018-05-01 14:29:25,788 AggregateLogic(139)   Recalculation total point. [user]3
INFO  2018-05-01 14:29:25,998 AggregateLogic(139)   Recalculation total point. [user]4
INFO  2018-05-01 14:29:26,200 AggregateLogic(139)   Recalculation total point. [user]5
INFO  2018-05-01 14:29:26,404 AggregateLogic(139)   Recalculation total point. [user]6
INFO  2018-05-01 14:29:26,607 AggregateLogic(139)   Recalculation total point. [user]7
INFO  2018-05-01 14:29:26,817 AggregateLogic(139)   Recalculation total point. [user]8
INFO  2018-05-01 14:29:27,657 AggregateLogic(139)   Recalculation total point. [user]9
INFO  2018-05-01 14:29:28,806 AggregateLogic(139)   Recalculation total point. [user]10
INFO  2018-05-01 14:29:29,472 TestWatcher(32) @@@@@@ TEST FINISHED - 7211 [ms]  -  org.support.project.knowledge.integration.IntegrationPostTest#testAggregate
INFO  2018-05-01 14:29:29,499 TestCommon(153) init data
INFO  2018-05-01 14:29:29,623 InitDB(107) migrate is start.
INFO  2018-05-01 14:29:29,623 InitDB(141) Lastest database version is 1.13.0 now
INFO  2018-05-01 14:29:29,625 Intercepter(213) error. [object]class org.support.project.web.dao.SystemsDao_$$_jvstc5c_0[proceed]_d17executeQuerySingle[param0]SELECT * FROM SYSTEMS WHERE SYSTEM_NAME = ?  AND DELETE_FLAG = 0[param1]class org.support.project.web.entity.SystemsEntity[param2][Ljava.lang.Object;@4a17c516
[throwable.getMessage()] テーブル "SYSTEMS" が見つかりません
Table "SYSTEMS" not found; SQL statement:
SELECT * FROM SYSTEMS WHERE SYSTEM_NAME = ?  AND DELETE_FLAG = 0 [42102-196] [cause] テーブル "SYSTEMS" が見つかりません
Table "SYSTEMS" not found; SQL statement:
SELECT * FROM SYSTEMS WHERE SYSTEM_NAME = ?  AND DELETE_FLAG = 0 [42102-196]
----- SQL Infomation -----
[sql]SELECT * FROM SYSTEMS WHERE SYSTEM_NAME = ?  AND DELETE_FLAG = 0
[params]
	[params][0]knowledge
[execute]SELECT * FROM SYSTEMS WHERE SYSTEM_NAME = knowledge  AND DELETE_FLAG = 0

ERROR 2018-05-01 14:29:29,625 Transaction(58) Error(Rollback) : org.support.project.web.dao.SystemsDao_$$_jvstc5c_0#_d50selectOnKey
INFO  2018-05-01 14:29:29,626 Intercepter(213) error. [object]class org.support.project.web.dao.SystemsDao_$$_jvstc5c_0[proceed]_d50selectOnKey[param0]knowledge
[throwable.getMessage()] テーブル "SYSTEMS" が見つかりません
Table "SYSTEMS" not found; SQL statement:
SELECT * FROM SYSTEMS WHERE SYSTEM_NAME = ?  AND DELETE_FLAG = 0 [42102-196] [cause] テーブル "SYSTEMS" が見つかりません
Table "SYSTEMS" not found; SQL statement:
SELECT * FROM SYSTEMS WHERE SYSTEM_NAME = ?  AND DELETE_FLAG = 0 [42102-196]
----- SQL Infomation -----
[sql]SELECT * FROM SYSTEMS WHERE SYSTEM_NAME = ?  AND DELETE_FLAG = 0
[params]
	[params][0]knowledge
[execute]SELECT * FROM SYSTEMS WHERE SYSTEM_NAME = knowledge  AND DELETE_FLAG = 0

INFO  2018-05-01 14:29:29,634 InitializeDao(43) Database initialize start.
INFO  2018-05-01 14:29:29,676 InitializeDao(49) /org/support/project/web/database/ddl.sql is loaded.
INFO  2018-05-01 14:29:29,780 InitializeDao(49) /org/support/project/knowledge/database/ddl.sql is loaded.
INFO  2018-05-01 14:29:29,783 InitializeDao(49) /org/support/project/knowledge/database/init_datas.sql is loaded.
INFO  2018-05-01 14:29:29,783 InitializeDao(51) Database initialize finish.
INFO  2018-05-01 14:29:29,835 InitDB(203) Migrate to 1.13.0
INFO  2018-05-01 14:29:30,563 TestWatcher(24) @@@@@@ TEST START - org.support.project.knowledge.integration.IntegrationEventTest#testUserInsert
INFO  2018-05-01 14:29:30,563 IntegrationEventTest(48) ユーザ登録
INFO  2018-05-01 14:29:30,684 TestWatcher(32) @@@@@@ TEST FINISHED - 121 [ms]  -  org.support.project.knowledge.integration.IntegrationEventTest#testUserInsert
INFO  2018-05-01 14:29:30,684 TestWatcher(24) @@@@@@ TEST START - org.support.project.knowledge.integration.IntegrationEventTest#testPostEventPublic
INFO  2018-05-01 14:29:30,727 IntegrationEventTest(90) {"children":[],"code":200,"message":"登録しました。","result":"1","status":0}
INFO  2018-05-01 14:29:30,727 TestWatcher(32) @@@@@@ TEST FINISHED - 43 [ms]  -  org.support.project.knowledge.integration.IntegrationEventTest#testPostEventPublic
INFO  2018-05-01 14:29:30,727 TestWatcher(24) @@@@@@ TEST START - org.support.project.knowledge.integration.IntegrationEventTest#testAssertAfterPost
INFO  2018-05-01 14:29:30,761 AbstractBat(31) NotifyMailBat is start.
INFO  2018-05-01 14:29:30,763 NotifyMailBat(52) Notify process started.
INFO  2018-05-01 14:29:30,779 NotifyMailBat(70) Notify process finished. count: 1
INFO  2018-05-01 14:29:30,780 NotifyMailBat(72) Notify event started.
INFO  2018-05-01 14:29:30,781 NotifyMailBat(74) Notify event finished.
INFO  2018-05-01 14:29:30,781 AbstractBat(43) Finished
INFO  2018-05-01 14:29:30,793 TestWatcher(32) @@@@@@ TEST FINISHED - 66 [ms]  -  org.support.project.knowledge.integration.IntegrationEventTest#testAssertAfterPost
INFO  2018-05-01 14:29:30,793 TestWatcher(24) @@@@@@ TEST START - org.support.project.knowledge.integration.IntegrationEventTest#testJoinByJoinUser
INFO  2018-05-01 14:29:30,872 TestWatcher(32) @@@@@@ TEST FINISHED - 79 [ms]  -  org.support.project.knowledge.integration.IntegrationEventTest#testJoinByJoinUser
INFO  2018-05-01 14:29:30,872 TestWatcher(24) @@@@@@ TEST START - org.support.project.knowledge.integration.IntegrationEventTest#testAssertAfterJoinbyJoinUser
INFO  2018-05-01 14:29:30,922 TestWatcher(32) @@@@@@ TEST FINISHED - 50 [ms]  -  org.support.project.knowledge.integration.IntegrationEventTest#testAssertAfterJoinbyJoinUser
INFO  2018-05-01 14:29:30,923 TestWatcher(24) @@@@@@ TEST START - org.support.project.knowledge.integration.IntegrationEventTest#testReaveByJoinUser
INFO  2018-05-01 14:29:30,976 TestWatcher(32) @@@@@@ TEST FINISHED - 53 [ms]  -  org.support.project.knowledge.integration.IntegrationEventTest#testReaveByJoinUser
INFO  2018-05-01 14:29:30,977 TestWatcher(24) @@@@@@ TEST START - org.support.project.knowledge.integration.IntegrationEventTest#testAssertAfterReavebyJoinUser
INFO  2018-05-01 14:29:31,020 TestWatcher(32) @@@@@@ TEST FINISHED - 43 [ms]  -  org.support.project.knowledge.integration.IntegrationEventTest#testAssertAfterReavebyJoinUser
INFO  2018-05-01 14:29:31,020 TestWatcher(24) @@@@@@ TEST START - org.support.project.knowledge.integration.IntegrationEventTest#testReJoinByJoinUser
INFO  2018-05-01 14:29:31,067 TestWatcher(32) @@@@@@ TEST FINISHED - 47 [ms]  -  org.support.project.knowledge.integration.IntegrationEventTest#testReJoinByJoinUser
INFO  2018-05-01 14:29:31,067 TestWatcher(24) @@@@@@ TEST START - org.support.project.knowledge.integration.IntegrationEventTest#testAssertAfterReJoinbyJoinUser
INFO  2018-05-01 14:29:31,121 TestWatcher(32) @@@@@@ TEST FINISHED - 54 [ms]  -  org.support.project.knowledge.integration.IntegrationEventTest#testAssertAfterReJoinbyJoinUser
INFO  2018-05-01 14:29:31,121 TestWatcher(24) @@@@@@ TEST START - org.support.project.knowledge.integration.IntegrationEventTest#testJoinByPostUser
INFO  2018-05-01 14:29:31,185 TestWatcher(32) @@@@@@ TEST FINISHED - 64 [ms]  -  org.support.project.knowledge.integration.IntegrationEventTest#testJoinByPostUser
INFO  2018-05-01 14:29:31,185 TestWatcher(24) @@@@@@ TEST START - org.support.project.knowledge.integration.IntegrationEventTest#testAssertAfterJoinbyPostUser
INFO  2018-05-01 14:29:31,266 TestWatcher(32) @@@@@@ TEST FINISHED - 81 [ms]  -  org.support.project.knowledge.integration.IntegrationEventTest#testAssertAfterJoinbyPostUser
INFO  2018-05-01 14:29:31,267 TestWatcher(24) @@@@@@ TEST START - org.support.project.knowledge.integration.IntegrationEventTest#testActivityHistory
INFO  2018-05-01 14:29:31,281 TestWatcher(32) @@@@@@ TEST FINISHED - 14 [ms]  -  org.support.project.knowledge.integration.IntegrationEventTest#testActivityHistory
INFO  2018-05-01 14:29:31,282 TestWatcher(24) @@@@@@ TEST START - org.support.project.knowledge.integration.IntegrationEventTest#testAggregate
INFO  2018-05-01 14:29:31,282 AggregateLogic(104) Set view count to Knowledge
WARN  2018-05-01 14:29:31,490 UserConfigsDao(33) Remove all user config on POINT
WARN  2018-05-01 14:29:31,491 PointKnowledgeHistoriesDao(63) Remove all point knowledge histories
WARN  2018-05-01 14:29:31,491 PointUserHistoriesDao(89) Remove all point user histories
WARN  2018-05-01 14:29:31,492 ActivitiesDao(89) Remove all activities
INFO  2018-05-01 14:29:31,494 AggregateLogic(426) Aggregate point by knowledge insert
INFO  2018-05-01 14:29:31,712 AggregateLogic(389) Aggregate point by knowledge show
INFO  2018-05-01 14:29:32,043 AggregateLogic(352) Aggregate point by knowledge like
INFO  2018-05-01 14:29:32,148 AggregateLogic(314) Aggregate point by knowledge stock
INFO  2018-05-01 14:29:32,252 AggregateLogic(276) Aggregate point by knowledge answer
INFO  2018-05-01 14:29:32,358 AggregateLogic(239) Aggregate point by knowledge join event
INFO  2018-05-01 14:29:32,689 AggregateLogic(207) Aggregate point by comment insert
INFO  2018-05-01 14:29:32,791 AggregateLogic(169) Aggregate point by comment like
INFO  2018-05-01 14:29:32,896 AggregateLogic(123) Recalc user cp
INFO  2018-05-01 14:29:32,899 AggregateLogic(139)   Recalculation total point. [user]1
INFO  2018-05-01 14:29:33,105 AggregateLogic(139)   Recalculation total point. [user]2
INFO  2018-05-01 14:29:33,314 AggregateLogic(139)   Recalculation total point. [user]3
INFO  2018-05-01 14:29:33,521 AggregateLogic(139)   Recalculation total point. [user]4
INFO  2018-05-01 14:29:33,727 AggregateLogic(139)   Recalculation total point. [user]5
INFO  2018-05-01 14:29:33,931 AggregateLogic(139)   Recalculation total point. [user]6
INFO  2018-05-01 14:29:34,140 AggregateLogic(139)   Recalculation total point. [user]7
INFO  2018-05-01 14:29:34,348 AggregateLogic(139)   Recalculation total point. [user]8
INFO  2018-05-01 14:29:34,982 AggregateLogic(139)   Recalculation total point. [user]9
INFO  2018-05-01 14:29:35,547 TestWatcher(32) @@@@@@ TEST FINISHED - 4265 [ms]  -  org.support.project.knowledge.integration.IntegrationEventTest#testAggregate
INFO  2018-05-01 14:29:37,262 TestCommon(153) init data
INFO  2018-05-01 14:29:37,409 InitDB(107) migrate is start.
INFO  2018-05-01 14:29:37,410 InitDB(141) Lastest database version is 1.13.0 now
INFO  2018-05-01 14:29:37,412 Intercepter(213) error. [object]class org.support.project.web.dao.SystemsDao_$$_jvstc5c_0[proceed]_d17executeQuerySingle[param0]SELECT * FROM SYSTEMS WHERE SYSTEM_NAME = ?  AND DELETE_FLAG = 0[param1]class org.support.project.web.entity.SystemsEntity[param2][Ljava.lang.Object;@1675adad
[throwable.getMessage()] テーブル "SYSTEMS" が見つかりません
Table "SYSTEMS" not found; SQL statement:
SELECT * FROM SYSTEMS WHERE SYSTEM_NAME = ?  AND DELETE_FLAG = 0 [42102-196] [cause] テーブル "SYSTEMS" が見つかりません
Table "SYSTEMS" not found; SQL statement:
SELECT * FROM SYSTEMS WHERE SYSTEM_NAME = ?  AND DELETE_FLAG = 0 [42102-196]
----- SQL Infomation -----
[sql]SELECT * FROM SYSTEMS WHERE SYSTEM_NAME = ?  AND DELETE_FLAG = 0
[params]
	[params][0]knowledge
[execute]SELECT * FROM SYSTEMS WHERE SYSTEM_NAME = knowledge  AND DELETE_FLAG = 0

ERROR 2018-05-01 14:29:37,413 Transaction(58) Error(Rollback) : org.support.project.web.dao.SystemsDao_$$_jvstc5c_0#_d50selectOnKey
INFO  2018-05-01 14:29:37,416 Intercepter(213) error. [object]class org.support.project.web.dao.SystemsDao_$$_jvstc5c_0[proceed]_d50selectOnKey[param0]knowledge
[throwable.getMessage()] テーブル "SYSTEMS" が見つかりません
Table "SYSTEMS" not found; SQL statement:
SELECT * FROM SYSTEMS WHERE SYSTEM_NAME = ?  AND DELETE_FLAG = 0 [42102-196] [cause] テーブル "SYSTEMS" が見つかりません
Table "SYSTEMS" not found; SQL statement:
SELECT * FROM SYSTEMS WHERE SYSTEM_NAME = ?  AND DELETE_FLAG = 0 [42102-196]
----- SQL Infomation -----
[sql]SELECT * FROM SYSTEMS WHERE SYSTEM_NAME = ?  AND DELETE_FLAG = 0
[params]
	[params][0]knowledge
[execute]SELECT * FROM SYSTEMS WHERE SYSTEM_NAME = knowledge  AND DELETE_FLAG = 0

INFO  2018-05-01 14:29:37,480 InitializeDao(43) Database initialize start.
INFO  2018-05-01 14:29:37,621 InitializeDao(49) /org/support/project/web/database/ddl.sql is loaded.
INFO  2018-05-01 14:29:37,775 InitializeDao(49) /org/support/project/knowledge/database/ddl.sql is loaded.
INFO  2018-05-01 14:29:37,779 InitializeDao(49) /org/support/project/knowledge/database/init_datas.sql is loaded.
INFO  2018-05-01 14:29:37,780 InitializeDao(51) Database initialize finish.
INFO  2018-05-01 14:29:37,901 InitDB(203) Migrate to 1.13.0
INFO  2018-05-01 14:29:38,637 TestWatcher(24) @@@@@@ TEST START - org.support.project.knowledge.dao.AccountImagesDaoTest#testSelectOnUserId
INFO  2018-05-01 14:29:38,674 TestWatcher(32) @@@@@@ TEST FINISHED - 37 [ms]  -  org.support.project.knowledge.dao.AccountImagesDaoTest#testSelectOnUserId
INFO  2018-05-01 14:29:38,720 TestCommon(153) init data
INFO  2018-05-01 14:29:38,857 InitDB(107) migrate is start.
INFO  2018-05-01 14:29:38,859 InitDB(141) Lastest database version is 1.13.0 now
INFO  2018-05-01 14:29:38,862 Intercepter(213) error. [object]class org.support.project.web.dao.SystemsDao_$$_jvstc5c_0[proceed]_d17executeQuerySingle[param0]SELECT * FROM SYSTEMS WHERE SYSTEM_NAME = ?  AND DELETE_FLAG = 0[param1]class org.support.project.web.entity.SystemsEntity[param2][Ljava.lang.Object;@46663674
[throwable.getMessage()] テーブル "SYSTEMS" が見つかりません
Table "SYSTEMS" not found; SQL statement:
SELECT * FROM SYSTEMS WHERE SYSTEM_NAME = ?  AND DELETE_FLAG = 0 [42102-196] [cause] テーブル "SYSTEMS" が見つかりません
Table "SYSTEMS" not found; SQL statement:
SELECT * FROM SYSTEMS WHERE SYSTEM_NAME = ?  AND DELETE_FLAG = 0 [42102-196]
----- SQL Infomation -----
[sql]SELECT * FROM SYSTEMS WHERE SYSTEM_NAME = ?  AND DELETE_FLAG = 0
[params]
	[params][0]knowledge
[execute]SELECT * FROM SYSTEMS WHERE SYSTEM_NAME = knowledge  AND DELETE_FLAG = 0

ERROR 2018-05-01 14:29:38,863 Transaction(58) Error(Rollback) : org.support.project.web.dao.SystemsDao_$$_jvstc5c_0#_d50selectOnKey
INFO  2018-05-01 14:29:38,864 Intercepter(213) error. [object]class org.support.project.web.dao.SystemsDao_$$_jvstc5c_0[proceed]_d50selectOnKey[param0]knowledge
[throwable.getMessage()] テーブル "SYSTEMS" が見つかりません
Table "SYSTEMS" not found; SQL statement:
SELECT * FROM SYSTEMS WHERE SYSTEM_NAME = ?  AND DELETE_FLAG = 0 [42102-196] [cause] テーブル "SYSTEMS" が見つかりません
Table "SYSTEMS" not found; SQL statement:
SELECT * FROM SYSTEMS WHERE SYSTEM_NAME = ?  AND DELETE_FLAG = 0 [42102-196]
----- SQL Infomation -----
[sql]SELECT * FROM SYSTEMS WHERE SYSTEM_NAME = ?  AND DELETE_FLAG = 0
[params]
	[params][0]knowledge
[execute]SELECT * FROM SYSTEMS WHERE SYSTEM_NAME = knowledge  AND DELETE_FLAG = 0

INFO  2018-05-01 14:29:38,874 InitializeDao(43) Database initialize start.
INFO  2018-05-01 14:29:38,941 InitializeDao(49) /org/support/project/web/database/ddl.sql is loaded.
INFO  2018-05-01 14:29:39,085 InitializeDao(49) /org/support/project/knowledge/database/ddl.sql is loaded.
INFO  2018-05-01 14:29:39,088 InitializeDao(49) /org/support/project/knowledge/database/init_datas.sql is loaded.
INFO  2018-05-01 14:29:39,089 InitializeDao(51) Database initialize finish.
INFO  2018-05-01 14:29:39,155 InitDB(203) Migrate to 1.13.0
INFO  2018-05-01 14:29:39,892 TestWatcher(24) @@@@@@ TEST START - org.support.project.knowledge.logic.notification.webhook.KnowledgeLikedWebHookNotificationTest#testSendKnowledgeWebhook
INFO  2018-05-01 14:29:40,035 AbstractBat(31) NotifyMailBat is start.
INFO  2018-05-01 14:29:40,036 NotifyMailBat(52) Notify process started.
INFO  2018-05-01 14:29:40,064 NotifyMailBat(70) Notify process finished. count: 1
INFO  2018-05-01 14:29:40,065 NotifyMailBat(72) Notify event started.
INFO  2018-05-01 14:29:40,066 NotifyMailBat(74) Notify event finished.
INFO  2018-05-01 14:29:40,067 AbstractBat(43) Finished
INFO  2018-05-01 14:29:40,088 TestWatcher(32) @@@@@@ TEST FINISHED - 196 [ms]  -  org.support.project.knowledge.logic.notification.webhook.KnowledgeLikedWebHookNotificationTest#testSendKnowledgeWebhook
INFO  2018-05-01 14:29:40,089 TestWatcher(24) @@@@@@ TEST START - org.support.project.knowledge.logic.notification.webhook.KnowledgeLikedWebHookNotificationTest#testSendLikedWebhook
INFO  2018-05-01 14:29:40,107 AbstractBat(31) NotifyMailBat is start.
INFO  2018-05-01 14:29:40,108 NotifyMailBat(52) Notify process started.
INFO  2018-05-01 14:29:40,115 NotifyMailBat(70) Notify process finished. count: 1
INFO  2018-05-01 14:29:40,116 NotifyMailBat(72) Notify event started.
INFO  2018-05-01 14:29:40,117 NotifyMailBat(74) Notify event finished.
INFO  2018-05-01 14:29:40,118 AbstractBat(43) Finished
INFO  2018-05-01 14:29:40,133 CommentInsertWebhookNotificationTest(76) {"type":"liked","no":1,"insert_user":"テストユーザ1","insert_date":"2018/05/01 05:29:40.090+0000","text":"<http://localhost:8080/open.knowledge/view/1|サンプル>","knowledge":{"comment_count":0,"like_count":1,"became_public":false,"type_id":-100,"insert_date":"2018/05/01 05:29:39.901+0000","link":"http://localhost:8080/open.knowledge/view/1","groups":["[GROUP] ALL USERS","[GROUP] テストグループ"],"insert_user":"テストユーザ1","title":"サンプル","content":"１２３４５６７８９０１２３４５６７８９０１２３４５６７８９０サンプル","update_date":"2018/05/01 05:29:39.901+0000","tags":["KnowledgeManagement","Java","SQL"],"update_user":"テストユーザ1","text":"<http://localhost:8080/open.knowledge/view/1|サンプル>","public_flag":2,"knowledge_id":1}}
INFO  2018-05-01 14:29:40,134 AssertJson(46) property:knowledge is object.
INFO  2018-05-01 14:29:40,134 TestWatcher(32) @@@@@@ TEST FINISHED - 45 [ms]  -  org.support.project.knowledge.logic.notification.webhook.KnowledgeLikedWebHookNotificationTest#testSendLikedWebhook
INFO  2018-05-01 14:29:40,202 TestCommon(153) init data
INFO  2018-05-01 14:29:40,326 InitDB(107) migrate is start.
INFO  2018-05-01 14:29:40,327 InitDB(141) Lastest database version is 1.13.0 now
INFO  2018-05-01 14:29:40,333 Intercepter(213) error. [object]class org.support.project.web.dao.SystemsDao_$$_jvstc5c_0[proceed]_d17executeQuerySingle[param0]SELECT * FROM SYSTEMS WHERE SYSTEM_NAME = ?  AND DELETE_FLAG = 0[param1]class org.support.project.web.entity.SystemsEntity[param2][Ljava.lang.Object;@2fb90f1
[throwable.getMessage()] テーブル "SYSTEMS" が見つかりません
Table "SYSTEMS" not found; SQL statement:
SELECT * FROM SYSTEMS WHERE SYSTEM_NAME = ?  AND DELETE_FLAG = 0 [42102-196] [cause] テーブル "SYSTEMS" が見つかりません
Table "SYSTEMS" not found; SQL statement:
SELECT * FROM SYSTEMS WHERE SYSTEM_NAME = ?  AND DELETE_FLAG = 0 [42102-196]
----- SQL Infomation -----
[sql]SELECT * FROM SYSTEMS WHERE SYSTEM_NAME = ?  AND DELETE_FLAG = 0
[params]
	[params][0]knowledge
[execute]SELECT * FROM SYSTEMS WHERE SYSTEM_NAME = knowledge  AND DELETE_FLAG = 0

ERROR 2018-05-01 14:29:40,334 Transaction(58) Error(Rollback) : org.support.project.web.dao.SystemsDao_$$_jvstc5c_0#_d50selectOnKey
INFO  2018-05-01 14:29:40,335 Intercepter(213) error. [object]class org.support.project.web.dao.SystemsDao_$$_jvstc5c_0[proceed]_d50selectOnKey[param0]knowledge
[throwable.getMessage()] テーブル "SYSTEMS" が見つかりません
Table "SYSTEMS" not found; SQL statement:
SELECT * FROM SYSTEMS WHERE SYSTEM_NAME = ?  AND DELETE_FLAG = 0 [42102-196] [cause] テーブル "SYSTEMS" が見つかりません
Table "SYSTEMS" not found; SQL statement:
SELECT * FROM SYSTEMS WHERE SYSTEM_NAME = ?  AND DELETE_FLAG = 0 [42102-196]
----- SQL Infomation -----
[sql]SELECT * FROM SYSTEMS WHERE SYSTEM_NAME = ?  AND DELETE_FLAG = 0
[params]
	[params][0]knowledge
[execute]SELECT * FROM SYSTEMS WHERE SYSTEM_NAME = knowledge  AND DELETE_FLAG = 0

INFO  2018-05-01 14:29:40,348 InitializeDao(43) Database initialize start.
INFO  2018-05-01 14:29:40,409 InitializeDao(49) /org/support/project/web/database/ddl.sql is loaded.
INFO  2018-05-01 14:29:40,528 InitializeDao(49) /org/support/project/knowledge/database/ddl.sql is loaded.
INFO  2018-05-01 14:29:40,532 InitializeDao(49) /org/support/project/knowledge/database/init_datas.sql is loaded.
INFO  2018-05-01 14:29:40,532 InitializeDao(51) Database initialize finish.
INFO  2018-05-01 14:29:40,585 InitDB(203) Migrate to 1.13.0
INFO  2018-05-01 14:29:41,320 TestWatcher(24) @@@@@@ TEST START - org.support.project.knowledge.logic.SurveyLogicTest#testLoadSurvey
INFO  2018-05-01 14:29:41,332 TestWatcher(32) @@@@@@ TEST FINISHED - 12 [ms]  -  org.support.project.knowledge.logic.SurveyLogicTest#testLoadSurvey
INFO  2018-05-01 14:29:41,332 TestWatcher(24) @@@@@@ TEST START - org.support.project.knowledge.logic.SurveyLogicTest#testDeleteSurvey
INFO  2018-05-01 14:29:41,342 TestWatcher(32) @@@@@@ TEST FINISHED - 10 [ms]  -  org.support.project.knowledge.logic.SurveyLogicTest#testDeleteSurvey
INFO  2018-05-01 14:29:41,343 TestWatcher(24) @@@@@@ TEST START - org.support.project.knowledge.logic.SurveyLogicTest#testSaveSurvey
INFO  2018-05-01 14:29:41,348 TestWatcher(32) @@@@@@ TEST FINISHED - 5 [ms]  -  org.support.project.knowledge.logic.SurveyLogicTest#testSaveSurvey
INFO  2018-05-01 14:29:41,348 TestWatcher(24) @@@@@@ TEST START - org.support.project.knowledge.logic.SurveyLogicTest#testListSurveys
INFO  2018-05-01 14:29:41,400 TestWatcher(32) @@@@@@ TEST FINISHED - 52 [ms]  -  org.support.project.knowledge.logic.SurveyLogicTest#testListSurveys
INFO  2018-05-01 14:29:41,440 TestCommon(153) init data
INFO  2018-05-01 14:29:41,569 InitDB(107) migrate is start.
INFO  2018-05-01 14:29:41,569 InitDB(141) Lastest database version is 1.13.0 now
INFO  2018-05-01 14:29:41,571 Intercepter(213) error. [object]class org.support.project.web.dao.SystemsDao_$$_jvstc5c_0[proceed]_d17executeQuerySingle[param0]SELECT * FROM SYSTEMS WHERE SYSTEM_NAME = ?  AND DELETE_FLAG = 0[param1]class org.support.project.web.entity.SystemsEntity[param2][Ljava.lang.Object;@f562214
[throwable.getMessage()] テーブル "SYSTEMS" が見つかりません
Table "SYSTEMS" not found; SQL statement:
SELECT * FROM SYSTEMS WHERE SYSTEM_NAME = ?  AND DELETE_FLAG = 0 [42102-196] [cause] テーブル "SYSTEMS" が見つかりません
Table "SYSTEMS" not found; SQL statement:
SELECT * FROM SYSTEMS WHERE SYSTEM_NAME = ?  AND DELETE_FLAG = 0 [42102-196]
----- SQL Infomation -----
[sql]SELECT * FROM SYSTEMS WHERE SYSTEM_NAME = ?  AND DELETE_FLAG = 0
[params]
	[params][0]knowledge
[execute]SELECT * FROM SYSTEMS WHERE SYSTEM_NAME = knowledge  AND DELETE_FLAG = 0

ERROR 2018-05-01 14:29:41,571 Transaction(58) Error(Rollback) : org.support.project.web.dao.SystemsDao_$$_jvstc5c_0#_d50selectOnKey
INFO  2018-05-01 14:29:41,571 Intercepter(213) error. [object]class org.support.project.web.dao.SystemsDao_$$_jvstc5c_0[proceed]_d50selectOnKey[param0]knowledge
[throwable.getMessage()] テーブル "SYSTEMS" が見つかりません
Table "SYSTEMS" not found; SQL statement:
SELECT * FROM SYSTEMS WHERE SYSTEM_NAME = ?  AND DELETE_FLAG = 0 [42102-196] [cause] テーブル "SYSTEMS" が見つかりません
Table "SYSTEMS" not found; SQL statement:
SELECT * FROM SYSTEMS WHERE SYSTEM_NAME = ?  AND DELETE_FLAG = 0 [42102-196]
----- SQL Infomation -----
[sql]SELECT * FROM SYSTEMS WHERE SYSTEM_NAME = ?  AND DELETE_FLAG = 0
[params]
	[params][0]knowledge
[execute]SELECT * FROM SYSTEMS WHERE SYSTEM_NAME = knowledge  AND DELETE_FLAG = 0

INFO  2018-05-01 14:29:41,582 InitializeDao(43) Database initialize start.
INFO  2018-05-01 14:29:41,648 InitializeDao(49) /org/support/project/web/database/ddl.sql is loaded.
INFO  2018-05-01 14:29:41,871 InitializeDao(49) /org/support/project/knowledge/database/ddl.sql is loaded.
INFO  2018-05-01 14:29:41,875 InitializeDao(49) /org/support/project/knowledge/database/init_datas.sql is loaded.
INFO  2018-05-01 14:29:41,875 InitializeDao(51) Database initialize finish.
INFO  2018-05-01 14:29:41,977 InitDB(203) Migrate to 1.13.0
INFO  2018-05-01 14:29:42,735 TestWatcher(24) @@@@@@ TEST START - org.support.project.knowledge.integration.IntegrationAPITest#testUserInsert
INFO  2018-05-01 14:29:42,735 IntegrationAPITest(34) ユーザ登録
INFO  2018-05-01 14:29:42,828 TestWatcher(32) @@@@@@ TEST FINISHED - 93 [ms]  -  org.support.project.knowledge.integration.IntegrationAPITest#testUserInsert
INFO  2018-05-01 14:29:42,829 TestWatcher(24) @@@@@@ TEST START - org.support.project.knowledge.integration.IntegrationAPITest#testPost
INFO  2018-05-01 14:29:42,830 IntegrationCommon(481) {
    "content": "コンテンツ",
    "template": "knowledge",
    "title": "タイトル",
    "publicFlag": 0
}

INFO  2018-05-01 14:29:42,881 IntegrationCommon(492) {"id":"1","name":"タイトル"}
INFO  2018-05-01 14:29:42,882 TestWatcher(32) @@@@@@ TEST FINISHED - 53 [ms]  -  org.support.project.knowledge.integration.IntegrationAPITest#testPost
INFO  2018-05-01 14:29:42,882 TestWatcher(24) @@@@@@ TEST START - org.support.project.knowledge.integration.IntegrationAPITest#testViewAfterPost
INFO  2018-05-01 14:29:42,909 TestWatcher(32) @@@@@@ TEST FINISHED - 27 [ms]  -  org.support.project.knowledge.integration.IntegrationAPITest#testViewAfterPost
INFO  2018-05-01 14:29:42,909 TestWatcher(24) @@@@@@ TEST START - org.support.project.knowledge.integration.IntegrationAPITest#testCheckDataAfterPost
INFO  2018-05-01 14:29:43,069 AbstractBat(31) NotifyMailBat is start.
INFO  2018-05-01 14:29:43,071 NotifyMailBat(52) Notify process started.
INFO  2018-05-01 14:29:43,084 NotifyMailBat(70) Notify process finished. count: 1
INFO  2018-05-01 14:29:43,084 NotifyMailBat(72) Notify event started.
INFO  2018-05-01 14:29:43,086 NotifyMailBat(74) Notify event finished.
INFO  2018-05-01 14:29:43,086 AbstractBat(43) Finished
INFO  2018-05-01 14:29:43,098 TestWatcher(32) @@@@@@ TEST FINISHED - 189 [ms]  -  org.support.project.knowledge.integration.IntegrationAPITest#testCheckDataAfterPost
INFO  2018-05-01 14:29:43,098 TestWatcher(24) @@@@@@ TEST START - org.support.project.knowledge.integration.IntegrationAPITest#testPut
INFO  2018-05-01 14:29:43,099 IntegrationCommon(509) {
    "content": "コンテンツ更新",
    "template": "knowledge",
    "title": "タイトル更新",
    "publicFlag": 0
}

INFO  2018-05-01 14:29:43,139 IntegrationCommon(519) {"msg":"updated"}
INFO  2018-05-01 14:29:43,140 TestWatcher(32) @@@@@@ TEST FINISHED - 42 [ms]  -  org.support.project.knowledge.integration.IntegrationAPITest#testPut
INFO  2018-05-01 14:29:43,140 TestWatcher(24) @@@@@@ TEST START - org.support.project.knowledge.integration.IntegrationAPITest#testViewAfterPut
INFO  2018-05-01 14:29:43,165 TestWatcher(32) @@@@@@ TEST FINISHED - 25 [ms]  -  org.support.project.knowledge.integration.IntegrationAPITest#testViewAfterPut
INFO  2018-05-01 14:29:43,165 TestWatcher(24) @@@@@@ TEST START - org.support.project.knowledge.integration.IntegrationAPITest#testCheckDataAfterPut
INFO  2018-05-01 14:29:43,223 AbstractBat(31) NotifyMailBat is start.
INFO  2018-05-01 14:29:43,224 NotifyMailBat(52) Notify process started.
INFO  2018-05-01 14:29:43,243 NotifyMailBat(70) Notify process finished. count: 1
INFO  2018-05-01 14:29:43,243 NotifyMailBat(72) Notify event started.
INFO  2018-05-01 14:29:43,245 NotifyMailBat(74) Notify event finished.
INFO  2018-05-01 14:29:43,245 AbstractBat(43) Finished
INFO  2018-05-01 14:29:43,269 TestWatcher(32) @@@@@@ TEST FINISHED - 104 [ms]  -  org.support.project.knowledge.integration.IntegrationAPITest#testCheckDataAfterPut
INFO  2018-05-01 14:29:43,270 TestWatcher(24) @@@@@@ TEST START - org.support.project.knowledge.integration.IntegrationAPITest#testDelete
INFO  2018-05-01 14:29:43,279 KnowledgeLogic(1046) delete Knowledge: 1
INFO  2018-05-01 14:29:43,316 IntegrationCommon(543) {"msg":"deleted"}
INFO  2018-05-01 14:29:43,317 TestWatcher(32) @@@@@@ TEST FINISHED - 47 [ms]  -  org.support.project.knowledge.integration.IntegrationAPITest#testDelete
INFO  2018-05-01 14:29:43,317 TestWatcher(24) @@@@@@ TEST START - org.support.project.knowledge.integration.IntegrationAPITest#testViewAfterDelete
INFO  2018-05-01 14:29:43,331 TestWatcher(32) @@@@@@ TEST FINISHED - 14 [ms]  -  org.support.project.knowledge.integration.IntegrationAPITest#testViewAfterDelete
INFO  2018-05-01 14:29:43,332 TestWatcher(24) @@@@@@ TEST START - org.support.project.knowledge.integration.IntegrationAPITest#testCheckDataAfterDelete
INFO  2018-05-01 14:29:43,366 TestWatcher(32) @@@@@@ TEST FINISHED - 34 [ms]  -  org.support.project.knowledge.integration.IntegrationAPITest#testCheckDataAfterDelete
